[1.112s] DEBUG:colcon:Command line arguments: ['/usr/bin/colcon', 'build', '--packages-select', 'example_topic_rclcpp']
[1.112s] DEBUG:colcon:Parsed command line arguments: Namespace(log_base=None, log_level=None, verb_name='build', build_base='build', install_base='install', merge_install=False, symlink_install=False, test_result_base=None, continue_on_error=False, executor='parallel', parallel_workers=12, event_handlers=None, ignore_user_meta=False, metas=['./colcon.meta'], base_paths=['.'], packages_ignore=None, packages_ignore_regex=None, paths=None, packages_up_to=None, packages_up_to_regex=None, packages_above=None, packages_above_and_dependencies=None, packages_above_depth=None, packages_select_by_dep=None, packages_skip_by_dep=None, packages_skip_up_to=None, packages_select_build_failed=False, packages_skip_build_finished=False, packages_select_test_failures=False, packages_skip_test_passed=False, packages_select=['example_topic_rclcpp'], packages_skip=None, packages_select_regex=None, packages_skip_regex=None, packages_start=None, packages_end=None, allow_overriding=[], cmake_args=None, cmake_target=None, cmake_target_skip_unavailable=False, cmake_clean_cache=False, cmake_clean_first=False, cmake_force_configure=False, ament_cmake_args=None, catkin_cmake_args=None, catkin_skip_building_tests=False, verb_parser=<colcon_defaults.argument_parser.defaults.DefaultArgumentsDecorator object at 0x727ec172aef0>, verb_extension=<colcon_core.verb.build.BuildVerb object at 0x727ec172a9b0>, main=<bound method BuildVerb.main of <colcon_core.verb.build.BuildVerb object at 0x727ec172a9b0>>)
[3.127s] Level 1:colcon.colcon_core.package_discovery:discover_packages(colcon_meta) check parameters
[3.128s] Level 1:colcon.colcon_core.package_discovery:discover_packages(recursive) check parameters
[3.129s] Level 1:colcon.colcon_core.package_discovery:discover_packages(ignore) check parameters
[3.129s] Level 1:colcon.colcon_core.package_discovery:discover_packages(path) check parameters
[3.130s] Level 1:colcon.colcon_core.package_discovery:discover_packages(colcon_meta) discover
[3.130s] Level 1:colcon.colcon_core.package_discovery:discover_packages(recursive) discover
[3.131s] INFO:colcon.colcon_core.package_discovery:Crawling recursively for packages in '/home/andinm/d2lros2/chapt3/chapt3_ws'
[3.132s] Level 1:colcon.colcon_core.package_identification:_identify(.) by extensions ['ignore', 'ignore_ament_install']
[3.133s] Level 1:colcon.colcon_core.package_identification:_identify(.) by extension 'ignore'
[3.134s] Level 1:colcon.colcon_core.package_identification:_identify(.) by extension 'ignore_ament_install'
[3.134s] Level 1:colcon.colcon_core.package_identification:_identify(.) by extensions ['colcon_pkg']
[3.135s] Level 1:colcon.colcon_core.package_identification:_identify(.) by extension 'colcon_pkg'
[3.135s] Level 1:colcon.colcon_core.package_identification:_identify(.) by extensions ['colcon_meta']
[3.135s] Level 1:colcon.colcon_core.package_identification:_identify(.) by extension 'colcon_meta'
[3.136s] Level 1:colcon.colcon_core.package_identification:_identify(.) by extensions ['ros']
[3.136s] Level 1:colcon.colcon_core.package_identification:_identify(.) by extension 'ros'
[3.266s] Level 1:colcon.colcon_core.package_identification:_identify(.) by extensions ['cmake', 'python']
[3.266s] Level 1:colcon.colcon_core.package_identification:_identify(.) by extension 'cmake'
[3.268s] Level 1:colcon.colcon_core.package_identification:_identify(.) by extension 'python'
[3.269s] Level 1:colcon.colcon_core.package_identification:_identify(.) by extensions ['python_setup_py']
[3.269s] Level 1:colcon.colcon_core.package_identification:_identify(.) by extension 'python_setup_py'
[3.271s] Level 1:colcon.colcon_core.package_identification:_identify(build) by extensions ['ignore', 'ignore_ament_install']
[3.272s] Level 1:colcon.colcon_core.package_identification:_identify(build) by extension 'ignore'
[3.273s] Level 1:colcon.colcon_core.package_identification:_identify(build) ignored
[3.274s] Level 1:colcon.colcon_core.package_identification:_identify(install) by extensions ['ignore', 'ignore_ament_install']
[3.275s] Level 1:colcon.colcon_core.package_identification:_identify(install) by extension 'ignore'
[3.276s] Level 1:colcon.colcon_core.package_identification:_identify(install) ignored
[3.279s] Level 1:colcon.colcon_core.package_identification:_identify(log) by extensions ['ignore', 'ignore_ament_install']
[3.280s] Level 1:colcon.colcon_core.package_identification:_identify(log) by extension 'ignore'
[3.280s] Level 1:colcon.colcon_core.package_identification:_identify(log) ignored
[3.281s] Level 1:colcon.colcon_core.package_identification:_identify(src) by extensions ['ignore', 'ignore_ament_install']
[3.282s] Level 1:colcon.colcon_core.package_identification:_identify(src) by extension 'ignore'
[3.283s] Level 1:colcon.colcon_core.package_identification:_identify(src) by extension 'ignore_ament_install'
[3.284s] Level 1:colcon.colcon_core.package_identification:_identify(src) by extensions ['colcon_pkg']
[3.284s] Level 1:colcon.colcon_core.package_identification:_identify(src) by extension 'colcon_pkg'
[3.285s] Level 1:colcon.colcon_core.package_identification:_identify(src) by extensions ['colcon_meta']
[3.285s] Level 1:colcon.colcon_core.package_identification:_identify(src) by extension 'colcon_meta'
[3.287s] Level 1:colcon.colcon_core.package_identification:_identify(src) by extensions ['ros']
[3.289s] Level 1:colcon.colcon_core.package_identification:_identify(src) by extension 'ros'
[3.290s] Level 1:colcon.colcon_core.package_identification:_identify(src) by extensions ['cmake', 'python']
[3.291s] Level 1:colcon.colcon_core.package_identification:_identify(src) by extension 'cmake'
[3.292s] Level 1:colcon.colcon_core.package_identification:_identify(src) by extension 'python'
[3.292s] Level 1:colcon.colcon_core.package_identification:_identify(src) by extensions ['python_setup_py']
[3.293s] Level 1:colcon.colcon_core.package_identification:_identify(src) by extension 'python_setup_py'
[3.295s] Level 1:colcon.colcon_core.package_identification:_identify(src/example_topic_rclcpp) by extensions ['ignore', 'ignore_ament_install']
[3.295s] Level 1:colcon.colcon_core.package_identification:_identify(src/example_topic_rclcpp) by extension 'ignore'
[3.296s] Level 1:colcon.colcon_core.package_identification:_identify(src/example_topic_rclcpp) by extension 'ignore_ament_install'
[3.296s] Level 1:colcon.colcon_core.package_identification:_identify(src/example_topic_rclcpp) by extensions ['colcon_pkg']
[3.299s] Level 1:colcon.colcon_core.package_identification:_identify(src/example_topic_rclcpp) by extension 'colcon_pkg'
[3.299s] Level 1:colcon.colcon_core.package_identification:_identify(src/example_topic_rclcpp) by extensions ['colcon_meta']
[3.299s] Level 1:colcon.colcon_core.package_identification:_identify(src/example_topic_rclcpp) by extension 'colcon_meta'
[3.300s] Level 1:colcon.colcon_core.package_identification:_identify(src/example_topic_rclcpp) by extensions ['ros']
[3.300s] Level 1:colcon.colcon_core.package_identification:_identify(src/example_topic_rclcpp) by extension 'ros'
[3.329s] DEBUG:colcon.colcon_core.package_identification:Package 'src/example_topic_rclcpp' with type 'ros.ament_cmake' and name 'example_topic_rclcpp'
[3.330s] Level 1:colcon.colcon_core.package_discovery:discover_packages(recursive) using defaults
[3.330s] Level 1:colcon.colcon_core.package_discovery:discover_packages(ignore) discover
[3.332s] Level 1:colcon.colcon_core.package_discovery:discover_packages(ignore) using defaults
[3.332s] Level 1:colcon.colcon_core.package_discovery:discover_packages(path) discover
[3.332s] Level 1:colcon.colcon_core.package_discovery:discover_packages(path) using defaults
[3.498s] Level 1:colcon.colcon_core.package_discovery:discover_packages(prefix_path) check parameters
[3.498s] Level 1:colcon.colcon_core.package_discovery:discover_packages(prefix_path) discover
[3.506s] DEBUG:colcon.colcon_installed_package_information.package_discovery:Found 1 installed packages in /home/andinm/d2lros2/chapt3/chapt3_ws/install
[3.513s] DEBUG:colcon.colcon_installed_package_information.package_discovery:Found 272 installed packages in /opt/ros/humble
[3.538s] Level 1:colcon.colcon_core.package_discovery:discover_packages(prefix_path) using defaults
[4.012s] Level 5:colcon.colcon_core.verb:set package 'example_topic_rclcpp' build argument 'cmake_args' from command line to 'None'
[4.013s] Level 5:colcon.colcon_core.verb:set package 'example_topic_rclcpp' build argument 'cmake_target' from command line to 'None'
[4.013s] Level 5:colcon.colcon_core.verb:set package 'example_topic_rclcpp' build argument 'cmake_target_skip_unavailable' from command line to 'False'
[4.014s] Level 5:colcon.colcon_core.verb:set package 'example_topic_rclcpp' build argument 'cmake_clean_cache' from command line to 'False'
[4.015s] Level 5:colcon.colcon_core.verb:set package 'example_topic_rclcpp' build argument 'cmake_clean_first' from command line to 'False'
[4.015s] Level 5:colcon.colcon_core.verb:set package 'example_topic_rclcpp' build argument 'cmake_force_configure' from command line to 'False'
[4.016s] Level 5:colcon.colcon_core.verb:set package 'example_topic_rclcpp' build argument 'ament_cmake_args' from command line to 'None'
[4.016s] Level 5:colcon.colcon_core.verb:set package 'example_topic_rclcpp' build argument 'catkin_cmake_args' from command line to 'None'
[4.016s] Level 5:colcon.colcon_core.verb:set package 'example_topic_rclcpp' build argument 'catkin_skip_building_tests' from command line to 'False'
[4.019s] DEBUG:colcon.colcon_core.verb:Building package 'example_topic_rclcpp' with the following arguments: {'ament_cmake_args': None, 'build_base': '/home/andinm/d2lros2/chapt3/chapt3_ws/build/example_topic_rclcpp', 'catkin_cmake_args': None, 'catkin_skip_building_tests': False, 'cmake_args': None, 'cmake_clean_cache': False, 'cmake_clean_first': False, 'cmake_force_configure': False, 'cmake_target': None, 'cmake_target_skip_unavailable': False, 'install_base': '/home/andinm/d2lros2/chapt3/chapt3_ws/install/example_topic_rclcpp', 'merge_install': False, 'path': '/home/andinm/d2lros2/chapt3/chapt3_ws/src/example_topic_rclcpp', 'symlink_install': False, 'test_result_base': None}
[4.019s] INFO:colcon.colcon_core.executor:Executing jobs using 'parallel' executor
[4.032s] DEBUG:colcon.colcon_parallel_executor.executor.parallel:run_until_complete
[4.035s] INFO:colcon.colcon_ros.task.ament_cmake.build:Building ROS package in '/home/andinm/d2lros2/chapt3/chapt3_ws/src/example_topic_rclcpp' with build type 'ament_cmake'
[4.036s] INFO:colcon.colcon_cmake.task.cmake.build:Building CMake package in '/home/andinm/d2lros2/chapt3/chapt3_ws/src/example_topic_rclcpp'
[4.065s] INFO:colcon.colcon_core.plugin_system:Skipping extension 'colcon_core.shell.bat': Not used on non-Windows systems
[4.066s] INFO:colcon.colcon_core.shell:Skip shell extension 'powershell' for command environment: Not usable outside of PowerShell
[4.067s] DEBUG:colcon.colcon_core.shell:Skip shell extension 'dsv' for command environment
[4.200s] DEBUG:colcon.colcon_core.event_handler.log_command:Invoking command in '/home/andinm/d2lros2/chapt3/chapt3_ws/build/example_topic_rclcpp': CMAKE_PREFIX_PATH=${CMAKE_PREFIX_PATH}:/opt/ros/humble /usr/bin/cmake --build /home/andinm/d2lros2/chapt3/chapt3_ws/build/example_topic_rclcpp -- -j12 -l12
[45.175s] DEBUG:colcon.colcon_core.event_handler.log_command:Invoked command in '/home/andinm/d2lros2/chapt3/chapt3_ws/build/example_topic_rclcpp' returned '0': CMAKE_PREFIX_PATH=${CMAKE_PREFIX_PATH}:/opt/ros/humble /usr/bin/cmake --build /home/andinm/d2lros2/chapt3/chapt3_ws/build/example_topic_rclcpp -- -j12 -l12
[45.307s] DEBUG:colcon.colcon_core.event_handler.log_command:Invoking command in '/home/andinm/d2lros2/chapt3/chapt3_ws/build/example_topic_rclcpp': CMAKE_PREFIX_PATH=${CMAKE_PREFIX_PATH}:/opt/ros/humble /usr/bin/cmake --install /home/andinm/d2lros2/chapt3/chapt3_ws/build/example_topic_rclcpp
[45.556s] Level 1:colcon.colcon_core.environment:create_environment_scripts_only(example_topic_rclcpp)
[45.564s] DEBUG:colcon.colcon_core.event_handler.log_command:Invoked command in '/home/andinm/d2lros2/chapt3/chapt3_ws/build/example_topic_rclcpp' returned '0': CMAKE_PREFIX_PATH=${CMAKE_PREFIX_PATH}:/opt/ros/humble /usr/bin/cmake --install /home/andinm/d2lros2/chapt3/chapt3_ws/build/example_topic_rclcpp
[45.584s] Level 1:colcon.colcon_core.environment:checking '/home/andinm/d2lros2/chapt3/chapt3_ws/install/example_topic_rclcpp' for CMake module files
[45.589s] Level 1:colcon.colcon_core.environment:checking '/home/andinm/d2lros2/chapt3/chapt3_ws/install/example_topic_rclcpp' for CMake config files
[45.590s] Level 1:colcon.colcon_core.shell:create_environment_hook('example_topic_rclcpp', 'cmake_prefix_path')
[45.591s] INFO:colcon.colcon_core.shell:Creating environment hook '/home/andinm/d2lros2/chapt3/chapt3_ws/install/example_topic_rclcpp/share/example_topic_rclcpp/hook/cmake_prefix_path.ps1'
[45.592s] INFO:colcon.colcon_core.shell:Creating environment descriptor '/home/andinm/d2lros2/chapt3/chapt3_ws/install/example_topic_rclcpp/share/example_topic_rclcpp/hook/cmake_prefix_path.dsv'
[45.594s] INFO:colcon.colcon_core.shell:Creating environment hook '/home/andinm/d2lros2/chapt3/chapt3_ws/install/example_topic_rclcpp/share/example_topic_rclcpp/hook/cmake_prefix_path.sh'
[45.598s] Level 1:colcon.colcon_core.environment:checking '/home/andinm/d2lros2/chapt3/chapt3_ws/install/example_topic_rclcpp/lib'
[45.598s] Level 1:colcon.colcon_core.environment:checking '/home/andinm/d2lros2/chapt3/chapt3_ws/install/example_topic_rclcpp/bin'
[45.599s] Level 1:colcon.colcon_core.environment:checking '/home/andinm/d2lros2/chapt3/chapt3_ws/install/example_topic_rclcpp/lib/pkgconfig/example_topic_rclcpp.pc'
[45.601s] Level 1:colcon.colcon_core.environment:checking '/home/andinm/d2lros2/chapt3/chapt3_ws/install/example_topic_rclcpp/lib/python3.10/site-packages'
[45.602s] Level 1:colcon.colcon_core.environment:checking '/home/andinm/d2lros2/chapt3/chapt3_ws/install/example_topic_rclcpp/bin'
[45.603s] INFO:colcon.colcon_core.shell:Creating package script '/home/andinm/d2lros2/chapt3/chapt3_ws/install/example_topic_rclcpp/share/example_topic_rclcpp/package.ps1'
[45.604s] INFO:colcon.colcon_core.shell:Creating package descriptor '/home/andinm/d2lros2/chapt3/chapt3_ws/install/example_topic_rclcpp/share/example_topic_rclcpp/package.dsv'
[45.609s] INFO:colcon.colcon_core.shell:Creating package script '/home/andinm/d2lros2/chapt3/chapt3_ws/install/example_topic_rclcpp/share/example_topic_rclcpp/package.sh'
[45.616s] INFO:colcon.colcon_core.shell:Creating package script '/home/andinm/d2lros2/chapt3/chapt3_ws/install/example_topic_rclcpp/share/example_topic_rclcpp/package.bash'
[45.620s] INFO:colcon.colcon_core.shell:Creating package script '/home/andinm/d2lros2/chapt3/chapt3_ws/install/example_topic_rclcpp/share/example_topic_rclcpp/package.zsh'
[45.626s] Level 1:colcon.colcon_core.environment:create_file_with_runtime_dependencies(/home/andinm/d2lros2/chapt3/chapt3_ws/install/example_topic_rclcpp/share/colcon-core/packages/example_topic_rclcpp)
[45.631s] Level 1:colcon.colcon_core.environment:create_environment_scripts_only(example_topic_rclcpp)
[45.633s] Level 1:colcon.colcon_core.environment:checking '/home/andinm/d2lros2/chapt3/chapt3_ws/install/example_topic_rclcpp' for CMake module files
[45.640s] Level 1:colcon.colcon_core.environment:checking '/home/andinm/d2lros2/chapt3/chapt3_ws/install/example_topic_rclcpp' for CMake config files
[45.646s] Level 1:colcon.colcon_core.shell:create_environment_hook('example_topic_rclcpp', 'cmake_prefix_path')
[45.648s] INFO:colcon.colcon_core.shell:Creating environment hook '/home/andinm/d2lros2/chapt3/chapt3_ws/install/example_topic_rclcpp/share/example_topic_rclcpp/hook/cmake_prefix_path.ps1'
[45.654s] INFO:colcon.colcon_core.shell:Creating environment descriptor '/home/andinm/d2lros2/chapt3/chapt3_ws/install/example_topic_rclcpp/share/example_topic_rclcpp/hook/cmake_prefix_path.dsv'
[45.662s] INFO:colcon.colcon_core.shell:Creating environment hook '/home/andinm/d2lros2/chapt3/chapt3_ws/install/example_topic_rclcpp/share/example_topic_rclcpp/hook/cmake_prefix_path.sh'
[45.671s] Level 1:colcon.colcon_core.environment:checking '/home/andinm/d2lros2/chapt3/chapt3_ws/install/example_topic_rclcpp/lib'
[45.673s] Level 1:colcon.colcon_core.environment:checking '/home/andinm/d2lros2/chapt3/chapt3_ws/install/example_topic_rclcpp/bin'
[45.677s] Level 1:colcon.colcon_core.environment:checking '/home/andinm/d2lros2/chapt3/chapt3_ws/install/example_topic_rclcpp/lib/pkgconfig/example_topic_rclcpp.pc'
[45.678s] Level 1:colcon.colcon_core.environment:checking '/home/andinm/d2lros2/chapt3/chapt3_ws/install/example_topic_rclcpp/lib/python3.10/site-packages'
[45.680s] Level 1:colcon.colcon_core.environment:checking '/home/andinm/d2lros2/chapt3/chapt3_ws/install/example_topic_rclcpp/bin'
[45.683s] INFO:colcon.colcon_core.shell:Creating package script '/home/andinm/d2lros2/chapt3/chapt3_ws/install/example_topic_rclcpp/share/example_topic_rclcpp/package.ps1'
[45.689s] INFO:colcon.colcon_core.shell:Creating package descriptor '/home/andinm/d2lros2/chapt3/chapt3_ws/install/example_topic_rclcpp/share/example_topic_rclcpp/package.dsv'
[45.694s] INFO:colcon.colcon_core.shell:Creating package script '/home/andinm/d2lros2/chapt3/chapt3_ws/install/example_topic_rclcpp/share/example_topic_rclcpp/package.sh'
[45.699s] INFO:colcon.colcon_core.shell:Creating package script '/home/andinm/d2lros2/chapt3/chapt3_ws/install/example_topic_rclcpp/share/example_topic_rclcpp/package.bash'
[45.706s] INFO:colcon.colcon_core.shell:Creating package script '/home/andinm/d2lros2/chapt3/chapt3_ws/install/example_topic_rclcpp/share/example_topic_rclcpp/package.zsh'
[45.711s] Level 1:colcon.colcon_core.environment:create_file_with_runtime_dependencies(/home/andinm/d2lros2/chapt3/chapt3_ws/install/example_topic_rclcpp/share/colcon-core/packages/example_topic_rclcpp)
[45.713s] DEBUG:colcon.colcon_parallel_executor.executor.parallel:closing loop
[45.715s] DEBUG:colcon.colcon_parallel_executor.executor.parallel:loop closed
[45.717s] DEBUG:colcon.colcon_parallel_executor.executor.parallel:run_until_complete finished with '0'
[45.718s] DEBUG:colcon.colcon_core.event_reactor:joining thread
[45.774s] INFO:colcon.colcon_core.plugin_system:Skipping extension 'colcon_notification.desktop_notification.terminal_notifier': Not used on non-Darwin systems
[45.774s] INFO:colcon.colcon_core.plugin_system:Skipping extension 'colcon_notification.desktop_notification.win32': Not used on non-Windows systems
[45.775s] INFO:colcon.colcon_notification.desktop_notification:Sending desktop notification using 'notify2'
[45.935s] DEBUG:colcon.colcon_core.event_reactor:joined thread
[45.937s] INFO:colcon.colcon_core.shell:Creating prefix script '/home/andinm/d2lros2/chapt3/chapt3_ws/install/local_setup.ps1'
[45.946s] INFO:colcon.colcon_core.shell:Creating prefix util module '/home/andinm/d2lros2/chapt3/chapt3_ws/install/_local_setup_util_ps1.py'
[45.954s] INFO:colcon.colcon_core.shell:Creating prefix chain script '/home/andinm/d2lros2/chapt3/chapt3_ws/install/setup.ps1'
[45.967s] INFO:colcon.colcon_core.shell:Creating prefix script '/home/andinm/d2lros2/chapt3/chapt3_ws/install/local_setup.sh'
[45.976s] INFO:colcon.colcon_core.shell:Creating prefix util module '/home/andinm/d2lros2/chapt3/chapt3_ws/install/_local_setup_util_sh.py'
[45.982s] INFO:colcon.colcon_core.shell:Creating prefix chain script '/home/andinm/d2lros2/chapt3/chapt3_ws/install/setup.sh'
[45.992s] INFO:colcon.colcon_core.shell:Creating prefix script '/home/andinm/d2lros2/chapt3/chapt3_ws/install/local_setup.bash'
[45.999s] INFO:colcon.colcon_core.shell:Creating prefix chain script '/home/andinm/d2lros2/chapt3/chapt3_ws/install/setup.bash'
[46.009s] INFO:colcon.colcon_core.shell:Creating prefix script '/home/andinm/d2lros2/chapt3/chapt3_ws/install/local_setup.zsh'
[46.015s] INFO:colcon.colcon_core.shell:Creating prefix chain script '/home/andinm/d2lros2/chapt3/chapt3_ws/install/setup.zsh'
