[0.060s] Invoking command in '/home/andinm/d2lros2/chapt3/chapt3_ws/build/example_interfaces_rclcpp': CMAKE_PREFIX_PATH=/home/andinm/d2lros2/chapt3/chapt3_ws/install/example_ros2_interfaces:/home/andinm/d2lros2/chapt3/chapt3_ws/install/example_topic_rclcpp:/home/andinm/d2lros2/chapt3/chapt3_ws/install/example_service_rclcpp:/home/andinm/d2lros2/chapt3/chapt3_ws/install/example_topic_rclpy:/home/andinm/d2lros2/chapt3/chapt3_ws/install/example_service_rclpy:/opt/ros/humble /usr/bin/cmake /home/andinm/d2lros2/chapt3/chapt3_ws/src/example_interfaces_rclcpp -DCMAKE_INSTALL_PREFIX=/home/andinm/d2lros2/chapt3/chapt3_ws/install/example_interfaces_rclcpp
[0.338s] -- The C compiler identification is GNU 11.4.0
[0.589s] -- The CXX compiler identification is GNU 11.4.0
[0.631s] -- Detecting C compiler ABI info
[1.055s] -- Detecting C compiler ABI info - done
[1.069s] -- Check for working C compiler: /usr/bin/cc - skipped
[1.069s] -- Detecting C compile features
[1.069s] -- Detecting C compile features - done
[1.076s] -- Detecting CXX compiler ABI info
[1.460s] -- Detecting CXX compiler ABI info - done
[1.493s] -- Check for working CXX compiler: /usr/bin/c++ - skipped
[1.495s] -- Detecting CXX compile features
[1.497s] -- Detecting CXX compile features - done
[1.516s] -- Found ament_cmake: 1.3.12 (/opt/ros/humble/share/ament_cmake/cmake)
[2.264s] -- Found Python3: /usr/bin/python3 (found version "3.10.12") found components: Interpreter 
[2.676s] -- Found rclcpp: 16.0.17 (/opt/ros/humble/share/rclcpp/cmake)
[2.832s] -- Found rosidl_generator_c: 3.1.8 (/opt/ros/humble/share/rosidl_generator_c/cmake)
[2.853s] -- Found rosidl_adapter: 3.1.8 (/opt/ros/humble/share/rosidl_adapter/cmake)
[2.878s] -- Found rosidl_generator_cpp: 3.1.8 (/opt/ros/humble/share/rosidl_generator_cpp/cmake)
[2.914s] -- Using all available rosidl_typesupport_c: rosidl_typesupport_fastrtps_c;rosidl_typesupport_introspection_c
[2.967s] -- Using all available rosidl_typesupport_cpp: rosidl_typesupport_fastrtps_cpp;rosidl_typesupport_introspection_cpp
[3.155s] -- Found rmw_implementation_cmake: 6.1.2 (/opt/ros/humble/share/rmw_implementation_cmake/cmake)
[3.164s] -- Found rmw_fastrtps_cpp: 6.2.9 (/opt/ros/humble/share/rmw_fastrtps_cpp/cmake)
[3.585s] -- Found OpenSSL: /usr/lib/x86_64-linux-gnu/libcrypto.so (found version "3.0.2")  
[3.667s] -- Found FastRTPS: /opt/ros/humble/include  
[3.864s] -- Using RMW implementation 'rmw_fastrtps_cpp' as default
[3.913s] -- Looking for pthread.h
[4.341s] -- Looking for pthread.h - found
[4.343s] -- Performing Test CMAKE_HAVE_LIBC_PTHREAD
[4.723s] -- Performing Test CMAKE_HAVE_LIBC_PTHREAD - Success
[4.730s] -- Found Threads: TRUE  
[4.947s] -- Found example_ros2_interfaces: 0.0.0 (/home/andinm/d2lros2/chapt3/chapt3_ws/install/example_ros2_interfaces/share/example_ros2_interfaces/cmake)
[5.086s] -- Found ament_lint_auto: 0.12.14 (/opt/ros/humble/share/ament_lint_auto/cmake)
[5.470s] -- Added test 'cppcheck' to perform static code analysis on C / C++ code
[5.470s] -- Configured cppcheck include dirs: $<BUILD_INTERFACE:/home/andinm/d2lros2/chapt3/chapt3_ws/src/example_interfaces_rclcpp/include>
[5.471s] -- Configured cppcheck exclude dirs and/or files: 
[5.472s] -- Added test 'lint_cmake' to check CMake code style
[5.475s] -- Added test 'uncrustify' to check C / C++ code style
[5.475s] -- Configured uncrustify additional arguments: 
[5.479s] -- Added test 'xmllint' to check XML markup files
[5.492s] -- Configuring done
[5.539s] -- Generating done
[5.552s] -- Build files have been written to: /home/andinm/d2lros2/chapt3/chapt3_ws/build/example_interfaces_rclcpp
[5.585s] Invoked command in '/home/andinm/d2lros2/chapt3/chapt3_ws/build/example_interfaces_rclcpp' returned '0': CMAKE_PREFIX_PATH=/home/andinm/d2lros2/chapt3/chapt3_ws/install/example_ros2_interfaces:/home/andinm/d2lros2/chapt3/chapt3_ws/install/example_topic_rclcpp:/home/andinm/d2lros2/chapt3/chapt3_ws/install/example_service_rclcpp:/home/andinm/d2lros2/chapt3/chapt3_ws/install/example_topic_rclpy:/home/andinm/d2lros2/chapt3/chapt3_ws/install/example_service_rclpy:/opt/ros/humble /usr/bin/cmake /home/andinm/d2lros2/chapt3/chapt3_ws/src/example_interfaces_rclcpp -DCMAKE_INSTALL_PREFIX=/home/andinm/d2lros2/chapt3/chapt3_ws/install/example_interfaces_rclcpp
[5.599s] Invoking command in '/home/andinm/d2lros2/chapt3/chapt3_ws/build/example_interfaces_rclcpp': CMAKE_PREFIX_PATH=/home/andinm/d2lros2/chapt3/chapt3_ws/install/example_ros2_interfaces:/home/andinm/d2lros2/chapt3/chapt3_ws/install/example_topic_rclcpp:/home/andinm/d2lros2/chapt3/chapt3_ws/install/example_service_rclcpp:/home/andinm/d2lros2/chapt3/chapt3_ws/install/example_topic_rclpy:/home/andinm/d2lros2/chapt3/chapt3_ws/install/example_service_rclpy:/opt/ros/humble /usr/bin/cmake --build /home/andinm/d2lros2/chapt3/chapt3_ws/build/example_interfaces_rclcpp -- -j12 -l12
[5.848s] [ 50%] [32mBuilding CXX object CMakeFiles/example_interfaces_robot_01.dir/src/example_interfaces_robot_01.cpp.o[0m
[5.848s] [ 50%] [32mBuilding CXX object CMakeFiles/example_interfaces_control_01.dir/src/example_interfaces_control_01.cpp.o[0m
[24.791s] [ 75%] [32m[1mLinking CXX executable example_interfaces_robot_01[0m
[25.065s] [100%] [32m[1mLinking CXX executable example_interfaces_control_01[0m
[25.316s] [100%] Built target example_interfaces_robot_01
[25.605s] [100%] Built target example_interfaces_control_01
[25.686s] Invoked command in '/home/andinm/d2lros2/chapt3/chapt3_ws/build/example_interfaces_rclcpp' returned '0': CMAKE_PREFIX_PATH=/home/andinm/d2lros2/chapt3/chapt3_ws/install/example_ros2_interfaces:/home/andinm/d2lros2/chapt3/chapt3_ws/install/example_topic_rclcpp:/home/andinm/d2lros2/chapt3/chapt3_ws/install/example_service_rclcpp:/home/andinm/d2lros2/chapt3/chapt3_ws/install/example_topic_rclpy:/home/andinm/d2lros2/chapt3/chapt3_ws/install/example_service_rclpy:/opt/ros/humble /usr/bin/cmake --build /home/andinm/d2lros2/chapt3/chapt3_ws/build/example_interfaces_rclcpp -- -j12 -l12
[25.745s] Invoking command in '/home/andinm/d2lros2/chapt3/chapt3_ws/build/example_interfaces_rclcpp': CMAKE_PREFIX_PATH=/home/andinm/d2lros2/chapt3/chapt3_ws/install/example_ros2_interfaces:/home/andinm/d2lros2/chapt3/chapt3_ws/install/example_topic_rclcpp:/home/andinm/d2lros2/chapt3/chapt3_ws/install/example_service_rclcpp:/home/andinm/d2lros2/chapt3/chapt3_ws/install/example_topic_rclpy:/home/andinm/d2lros2/chapt3/chapt3_ws/install/example_service_rclpy:/opt/ros/humble /usr/bin/cmake --install /home/andinm/d2lros2/chapt3/chapt3_ws/build/example_interfaces_rclcpp
[25.792s] -- Install configuration: ""
[25.795s] -- Installing: /home/andinm/d2lros2/chapt3/chapt3_ws/install/example_interfaces_rclcpp/lib/example_interfaces_rclcpp/example_interfaces_robot_01
[25.796s] -- Set runtime path of "/home/andinm/d2lros2/chapt3/chapt3_ws/install/example_interfaces_rclcpp/lib/example_interfaces_rclcpp/example_interfaces_robot_01" to ""
[25.796s] -- Installing: /home/andinm/d2lros2/chapt3/chapt3_ws/install/example_interfaces_rclcpp/lib/example_interfaces_rclcpp/example_interfaces_control_01
[25.796s] -- Set runtime path of "/home/andinm/d2lros2/chapt3/chapt3_ws/install/example_interfaces_rclcpp/lib/example_interfaces_rclcpp/example_interfaces_control_01" to ""
[25.797s] -- Installing: /home/andinm/d2lros2/chapt3/chapt3_ws/install/example_interfaces_rclcpp/share/ament_index/resource_index/package_run_dependencies/example_interfaces_rclcpp
[25.797s] -- Installing: /home/andinm/d2lros2/chapt3/chapt3_ws/install/example_interfaces_rclcpp/share/ament_index/resource_index/parent_prefix_path/example_interfaces_rclcpp
[25.797s] -- Installing: /home/andinm/d2lros2/chapt3/chapt3_ws/install/example_interfaces_rclcpp/share/example_interfaces_rclcpp/environment/ament_prefix_path.sh
[25.797s] -- Installing: /home/andinm/d2lros2/chapt3/chapt3_ws/install/example_interfaces_rclcpp/share/example_interfaces_rclcpp/environment/ament_prefix_path.dsv
[25.798s] -- Installing: /home/andinm/d2lros2/chapt3/chapt3_ws/install/example_interfaces_rclcpp/share/example_interfaces_rclcpp/environment/path.sh
[25.799s] -- Installing: /home/andinm/d2lros2/chapt3/chapt3_ws/install/example_interfaces_rclcpp/share/example_interfaces_rclcpp/environment/path.dsv
[25.800s] -- Installing: /home/andinm/d2lros2/chapt3/chapt3_ws/install/example_interfaces_rclcpp/share/example_interfaces_rclcpp/local_setup.bash
[25.800s] -- Installing: /home/andinm/d2lros2/chapt3/chapt3_ws/install/example_interfaces_rclcpp/share/example_interfaces_rclcpp/local_setup.sh
[25.801s] -- Installing: /home/andinm/d2lros2/chapt3/chapt3_ws/install/example_interfaces_rclcpp/share/example_interfaces_rclcpp/local_setup.zsh
[25.801s] -- Installing: /home/andinm/d2lros2/chapt3/chapt3_ws/install/example_interfaces_rclcpp/share/example_interfaces_rclcpp/local_setup.dsv
[25.802s] -- Installing: /home/andinm/d2lros2/chapt3/chapt3_ws/install/example_interfaces_rclcpp/share/example_interfaces_rclcpp/package.dsv
[25.802s] -- Installing: /home/andinm/d2lros2/chapt3/chapt3_ws/install/example_interfaces_rclcpp/share/ament_index/resource_index/packages/example_interfaces_rclcpp
[25.803s] -- Installing: /home/andinm/d2lros2/chapt3/chapt3_ws/install/example_interfaces_rclcpp/share/example_interfaces_rclcpp/cmake/example_interfaces_rclcppConfig.cmake
[25.813s] -- Installing: /home/andinm/d2lros2/chapt3/chapt3_ws/install/example_interfaces_rclcpp/share/example_interfaces_rclcpp/cmake/example_interfaces_rclcppConfig-version.cmake
[25.814s] -- Installing: /home/andinm/d2lros2/chapt3/chapt3_ws/install/example_interfaces_rclcpp/share/example_interfaces_rclcpp/package.xml
[25.822s] Invoked command in '/home/andinm/d2lros2/chapt3/chapt3_ws/build/example_interfaces_rclcpp' returned '0': CMAKE_PREFIX_PATH=/home/andinm/d2lros2/chapt3/chapt3_ws/install/example_ros2_interfaces:/home/andinm/d2lros2/chapt3/chapt3_ws/install/example_topic_rclcpp:/home/andinm/d2lros2/chapt3/chapt3_ws/install/example_service_rclcpp:/home/andinm/d2lros2/chapt3/chapt3_ws/install/example_topic_rclpy:/home/andinm/d2lros2/chapt3/chapt3_ws/install/example_service_rclpy:/opt/ros/humble /usr/bin/cmake --install /home/andinm/d2lros2/chapt3/chapt3_ws/build/example_interfaces_rclcpp
