[0.951s] DEBUG:colcon:Command line arguments: ['/usr/bin/colcon', 'build', '--packages-select', 'example_py']
[0.953s] DEBUG:colcon:Parsed command line arguments: Namespace(log_base=None, log_level=None, verb_name='build', build_base='build', install_base='install', merge_install=False, symlink_install=False, test_result_base=None, continue_on_error=False, executor='parallel', parallel_workers=12, event_handlers=None, ignore_user_meta=False, metas=['./colcon.meta'], base_paths=['.'], packages_ignore=None, packages_ignore_regex=None, paths=None, packages_up_to=None, packages_up_to_regex=None, packages_above=None, packages_above_and_dependencies=None, packages_above_depth=None, packages_select_by_dep=None, packages_skip_by_dep=None, packages_skip_up_to=None, packages_select_build_failed=False, packages_skip_build_finished=False, packages_select_test_failures=False, packages_skip_test_passed=False, packages_select=['example_py'], packages_skip=None, packages_select_regex=None, packages_skip_regex=None, packages_start=None, packages_end=None, allow_overriding=[], cmake_args=None, cmake_target=None, cmake_target_skip_unavailable=False, cmake_clean_cache=False, cmake_clean_first=False, cmake_force_configure=False, ament_cmake_args=None, catkin_cmake_args=None, catkin_skip_building_tests=False, verb_parser=<colcon_defaults.argument_parser.defaults.DefaultArgumentsDecorator object at 0x7bfa2360af20>, verb_extension=<colcon_core.verb.build.BuildVerb object at 0x7bfa2360a9e0>, main=<bound method BuildVerb.main of <colcon_core.verb.build.BuildVerb object at 0x7bfa2360a9e0>>)
[2.651s] Level 1:colcon.colcon_core.package_discovery:discover_packages(colcon_meta) check parameters
[2.652s] Level 1:colcon.colcon_core.package_discovery:discover_packages(recursive) check parameters
[2.652s] Level 1:colcon.colcon_core.package_discovery:discover_packages(ignore) check parameters
[2.652s] Level 1:colcon.colcon_core.package_discovery:discover_packages(path) check parameters
[2.653s] Level 1:colcon.colcon_core.package_discovery:discover_packages(colcon_meta) discover
[2.653s] Level 1:colcon.colcon_core.package_discovery:discover_packages(recursive) discover
[2.653s] INFO:colcon.colcon_core.package_discovery:Crawling recursively for packages in '/home/andinm/d2lros2/chapt2/basic/chapt2_ws'
[2.654s] Level 1:colcon.colcon_core.package_identification:_identify(.) by extensions ['ignore', 'ignore_ament_install']
[2.654s] Level 1:colcon.colcon_core.package_identification:_identify(.) by extension 'ignore'
[2.655s] Level 1:colcon.colcon_core.package_identification:_identify(.) by extension 'ignore_ament_install'
[2.656s] Level 1:colcon.colcon_core.package_identification:_identify(.) by extensions ['colcon_pkg']
[2.656s] Level 1:colcon.colcon_core.package_identification:_identify(.) by extension 'colcon_pkg'
[2.657s] Level 1:colcon.colcon_core.package_identification:_identify(.) by extensions ['colcon_meta']
[2.657s] Level 1:colcon.colcon_core.package_identification:_identify(.) by extension 'colcon_meta'
[2.658s] Level 1:colcon.colcon_core.package_identification:_identify(.) by extensions ['ros']
[2.659s] Level 1:colcon.colcon_core.package_identification:_identify(.) by extension 'ros'
[2.770s] Level 1:colcon.colcon_core.package_identification:_identify(.) by extensions ['cmake', 'python']
[2.771s] Level 1:colcon.colcon_core.package_identification:_identify(.) by extension 'cmake'
[2.772s] Level 1:colcon.colcon_core.package_identification:_identify(.) by extension 'python'
[2.773s] Level 1:colcon.colcon_core.package_identification:_identify(.) by extensions ['python_setup_py']
[2.773s] Level 1:colcon.colcon_core.package_identification:_identify(.) by extension 'python_setup_py'
[2.774s] Level 1:colcon.colcon_core.package_identification:_identify(build) by extensions ['ignore', 'ignore_ament_install']
[2.775s] Level 1:colcon.colcon_core.package_identification:_identify(build) by extension 'ignore'
[2.776s] Level 1:colcon.colcon_core.package_identification:_identify(build) ignored
[2.777s] Level 1:colcon.colcon_core.package_identification:_identify(install) by extensions ['ignore', 'ignore_ament_install']
[2.778s] Level 1:colcon.colcon_core.package_identification:_identify(install) by extension 'ignore'
[2.779s] Level 1:colcon.colcon_core.package_identification:_identify(install) ignored
[2.780s] Level 1:colcon.colcon_core.package_identification:_identify(log) by extensions ['ignore', 'ignore_ament_install']
[2.781s] Level 1:colcon.colcon_core.package_identification:_identify(log) by extension 'ignore'
[2.781s] Level 1:colcon.colcon_core.package_identification:_identify(log) ignored
[2.783s] Level 1:colcon.colcon_core.package_identification:_identify(src) by extensions ['ignore', 'ignore_ament_install']
[2.784s] Level 1:colcon.colcon_core.package_identification:_identify(src) by extension 'ignore'
[2.784s] Level 1:colcon.colcon_core.package_identification:_identify(src) by extension 'ignore_ament_install'
[2.785s] Level 1:colcon.colcon_core.package_identification:_identify(src) by extensions ['colcon_pkg']
[2.785s] Level 1:colcon.colcon_core.package_identification:_identify(src) by extension 'colcon_pkg'
[2.786s] Level 1:colcon.colcon_core.package_identification:_identify(src) by extensions ['colcon_meta']
[2.786s] Level 1:colcon.colcon_core.package_identification:_identify(src) by extension 'colcon_meta'
[2.787s] Level 1:colcon.colcon_core.package_identification:_identify(src) by extensions ['ros']
[2.787s] Level 1:colcon.colcon_core.package_identification:_identify(src) by extension 'ros'
[2.789s] Level 1:colcon.colcon_core.package_identification:_identify(src) by extensions ['cmake', 'python']
[2.789s] Level 1:colcon.colcon_core.package_identification:_identify(src) by extension 'cmake'
[2.791s] Level 1:colcon.colcon_core.package_identification:_identify(src) by extension 'python'
[2.791s] Level 1:colcon.colcon_core.package_identification:_identify(src) by extensions ['python_setup_py']
[2.792s] Level 1:colcon.colcon_core.package_identification:_identify(src) by extension 'python_setup_py'
[2.793s] Level 1:colcon.colcon_core.package_identification:_identify(src/example_cpp) by extensions ['ignore', 'ignore_ament_install']
[2.794s] Level 1:colcon.colcon_core.package_identification:_identify(src/example_cpp) by extension 'ignore'
[2.795s] Level 1:colcon.colcon_core.package_identification:_identify(src/example_cpp) by extension 'ignore_ament_install'
[2.796s] Level 1:colcon.colcon_core.package_identification:_identify(src/example_cpp) by extensions ['colcon_pkg']
[2.796s] Level 1:colcon.colcon_core.package_identification:_identify(src/example_cpp) by extension 'colcon_pkg'
[2.797s] Level 1:colcon.colcon_core.package_identification:_identify(src/example_cpp) by extensions ['colcon_meta']
[2.797s] Level 1:colcon.colcon_core.package_identification:_identify(src/example_cpp) by extension 'colcon_meta'
[2.798s] Level 1:colcon.colcon_core.package_identification:_identify(src/example_cpp) by extensions ['ros']
[2.798s] Level 1:colcon.colcon_core.package_identification:_identify(src/example_cpp) by extension 'ros'
[2.814s] DEBUG:colcon.colcon_core.package_identification:Package 'src/example_cpp' with type 'ros.ament_cmake' and name 'example_cpp'
[2.816s] Level 1:colcon.colcon_core.package_identification:_identify(src/example_py) by extensions ['ignore', 'ignore_ament_install']
[2.817s] Level 1:colcon.colcon_core.package_identification:_identify(src/example_py) by extension 'ignore'
[2.818s] Level 1:colcon.colcon_core.package_identification:_identify(src/example_py) by extension 'ignore_ament_install'
[2.819s] Level 1:colcon.colcon_core.package_identification:_identify(src/example_py) by extensions ['colcon_pkg']
[2.819s] Level 1:colcon.colcon_core.package_identification:_identify(src/example_py) by extension 'colcon_pkg'
[2.820s] Level 1:colcon.colcon_core.package_identification:_identify(src/example_py) by extensions ['colcon_meta']
[2.820s] Level 1:colcon.colcon_core.package_identification:_identify(src/example_py) by extension 'colcon_meta'
[2.821s] Level 1:colcon.colcon_core.package_identification:_identify(src/example_py) by extensions ['ros']
[2.821s] Level 1:colcon.colcon_core.package_identification:_identify(src/example_py) by extension 'ros'
[2.825s] DEBUG:colcon.colcon_core.package_identification:Package 'src/example_py' with type 'ros.ament_python' and name 'example_py'
[2.826s] Level 1:colcon.colcon_core.package_discovery:discover_packages(recursive) using defaults
[2.827s] Level 1:colcon.colcon_core.package_discovery:discover_packages(ignore) discover
[2.827s] Level 1:colcon.colcon_core.package_discovery:discover_packages(ignore) using defaults
[2.828s] Level 1:colcon.colcon_core.package_discovery:discover_packages(path) discover
[2.828s] Level 1:colcon.colcon_core.package_discovery:discover_packages(path) using defaults
[2.935s] INFO:colcon.colcon_core.package_selection:Skipping not selected package 'example_cpp' in 'src/example_cpp'
[2.940s] Level 1:colcon.colcon_core.package_discovery:discover_packages(prefix_path) check parameters
[2.941s] Level 1:colcon.colcon_core.package_discovery:discover_packages(prefix_path) discover
[2.978s] DEBUG:colcon.colcon_installed_package_information.package_discovery:Found 272 installed packages in /opt/ros/humble
[3.031s] Level 1:colcon.colcon_core.package_discovery:discover_packages(prefix_path) using defaults
[3.495s] Level 5:colcon.colcon_core.verb:set package 'example_py' build argument 'cmake_args' from command line to 'None'
[3.496s] Level 5:colcon.colcon_core.verb:set package 'example_py' build argument 'cmake_target' from command line to 'None'
[3.496s] Level 5:colcon.colcon_core.verb:set package 'example_py' build argument 'cmake_target_skip_unavailable' from command line to 'False'
[3.496s] Level 5:colcon.colcon_core.verb:set package 'example_py' build argument 'cmake_clean_cache' from command line to 'False'
[3.496s] Level 5:colcon.colcon_core.verb:set package 'example_py' build argument 'cmake_clean_first' from command line to 'False'
[3.496s] Level 5:colcon.colcon_core.verb:set package 'example_py' build argument 'cmake_force_configure' from command line to 'False'
[3.496s] Level 5:colcon.colcon_core.verb:set package 'example_py' build argument 'ament_cmake_args' from command line to 'None'
[3.496s] Level 5:colcon.colcon_core.verb:set package 'example_py' build argument 'catkin_cmake_args' from command line to 'None'
[3.497s] Level 5:colcon.colcon_core.verb:set package 'example_py' build argument 'catkin_skip_building_tests' from command line to 'False'
[3.497s] DEBUG:colcon.colcon_core.verb:Building package 'example_py' with the following arguments: {'ament_cmake_args': None, 'build_base': '/home/andinm/d2lros2/chapt2/basic/chapt2_ws/build/example_py', 'catkin_cmake_args': None, 'catkin_skip_building_tests': False, 'cmake_args': None, 'cmake_clean_cache': False, 'cmake_clean_first': False, 'cmake_force_configure': False, 'cmake_target': None, 'cmake_target_skip_unavailable': False, 'install_base': '/home/andinm/d2lros2/chapt2/basic/chapt2_ws/install/example_py', 'merge_install': False, 'path': '/home/andinm/d2lros2/chapt2/basic/chapt2_ws/src/example_py', 'symlink_install': False, 'test_result_base': None}
[3.498s] INFO:colcon.colcon_core.executor:Executing jobs using 'parallel' executor
[3.507s] DEBUG:colcon.colcon_parallel_executor.executor.parallel:run_until_complete
[3.509s] INFO:colcon.colcon_ros.task.ament_python.build:Building ROS package in '/home/andinm/d2lros2/chapt2/basic/chapt2_ws/src/example_py' with build type 'ament_python'
[3.510s] Level 1:colcon.colcon_core.shell:create_environment_hook('example_py', 'ament_prefix_path')
[3.528s] INFO:colcon.colcon_core.plugin_system:Skipping extension 'colcon_core.shell.bat': Not used on non-Windows systems
[3.529s] INFO:colcon.colcon_core.shell:Creating environment hook '/home/andinm/d2lros2/chapt2/basic/chapt2_ws/install/example_py/share/example_py/hook/ament_prefix_path.ps1'
[3.533s] INFO:colcon.colcon_core.shell:Creating environment descriptor '/home/andinm/d2lros2/chapt2/basic/chapt2_ws/install/example_py/share/example_py/hook/ament_prefix_path.dsv'
[3.535s] INFO:colcon.colcon_core.shell:Creating environment hook '/home/andinm/d2lros2/chapt2/basic/chapt2_ws/install/example_py/share/example_py/hook/ament_prefix_path.sh'
[3.539s] INFO:colcon.colcon_core.shell:Skip shell extension 'powershell' for command environment: Not usable outside of PowerShell
[3.539s] DEBUG:colcon.colcon_core.shell:Skip shell extension 'dsv' for command environment
[5.960s] INFO:colcon.colcon_core.task.python.build:Building Python package in '/home/andinm/d2lros2/chapt2/basic/chapt2_ws/src/example_py'
[5.961s] INFO:colcon.colcon_core.shell:Skip shell extension 'powershell' for command environment: Not usable outside of PowerShell
[5.963s] DEBUG:colcon.colcon_core.shell:Skip shell extension 'dsv' for command environment
[9.136s] DEBUG:colcon.colcon_core.event_handler.log_command:Invoking command in '/home/andinm/d2lros2/chapt2/basic/chapt2_ws/src/example_py': PYTHONPATH=/home/andinm/d2lros2/chapt2/basic/chapt2_ws/build/example_py/prefix_override:/usr/lib/python3/dist-packages/colcon_core/task/python/colcon_distutils_commands:/home/andinm/d2lros2/chapt2/basic/chapt2_ws/install/example_py/lib/python3.10/site-packages:${PYTHONPATH} /usr/bin/python3 -W ignore:setup.py install is deprecated -W ignore:easy_install command is deprecated setup.py egg_info --egg-base ../../build/example_py build --build-base /home/andinm/d2lros2/chapt2/basic/chapt2_ws/build/example_py/build install --record /home/andinm/d2lros2/chapt2/basic/chapt2_ws/build/example_py/install.log --single-version-externally-managed install_data
[11.966s] DEBUG:colcon.colcon_core.event_handler.log_command:Invoked command in '/home/andinm/d2lros2/chapt2/basic/chapt2_ws/src/example_py' returned '0': PYTHONPATH=/home/andinm/d2lros2/chapt2/basic/chapt2_ws/build/example_py/prefix_override:/usr/lib/python3/dist-packages/colcon_core/task/python/colcon_distutils_commands:/home/andinm/d2lros2/chapt2/basic/chapt2_ws/install/example_py/lib/python3.10/site-packages:${PYTHONPATH} /usr/bin/python3 -W ignore:setup.py install is deprecated -W ignore:easy_install command is deprecated setup.py egg_info --egg-base ../../build/example_py build --build-base /home/andinm/d2lros2/chapt2/basic/chapt2_ws/build/example_py/build install --record /home/andinm/d2lros2/chapt2/basic/chapt2_ws/build/example_py/install.log --single-version-externally-managed install_data
[12.003s] Level 1:colcon.colcon_core.environment:checking '/home/andinm/d2lros2/chapt2/basic/chapt2_ws/install/example_py' for CMake module files
[12.008s] Level 1:colcon.colcon_core.environment:checking '/home/andinm/d2lros2/chapt2/basic/chapt2_ws/install/example_py' for CMake config files
[12.021s] Level 1:colcon.colcon_core.environment:checking '/home/andinm/d2lros2/chapt2/basic/chapt2_ws/install/example_py/lib'
[12.023s] Level 1:colcon.colcon_core.environment:checking '/home/andinm/d2lros2/chapt2/basic/chapt2_ws/install/example_py/bin'
[12.024s] Level 1:colcon.colcon_core.environment:checking '/home/andinm/d2lros2/chapt2/basic/chapt2_ws/install/example_py/lib/pkgconfig/example_py.pc'
[12.027s] Level 1:colcon.colcon_core.environment:checking '/home/andinm/d2lros2/chapt2/basic/chapt2_ws/install/example_py/lib/python3.10/site-packages'
[12.028s] Level 1:colcon.colcon_core.shell:create_environment_hook('example_py', 'pythonpath')
[12.030s] INFO:colcon.colcon_core.shell:Creating environment hook '/home/andinm/d2lros2/chapt2/basic/chapt2_ws/install/example_py/share/example_py/hook/pythonpath.ps1'
[12.035s] INFO:colcon.colcon_core.shell:Creating environment descriptor '/home/andinm/d2lros2/chapt2/basic/chapt2_ws/install/example_py/share/example_py/hook/pythonpath.dsv'
[12.041s] INFO:colcon.colcon_core.shell:Creating environment hook '/home/andinm/d2lros2/chapt2/basic/chapt2_ws/install/example_py/share/example_py/hook/pythonpath.sh'
[12.048s] Level 1:colcon.colcon_core.environment:checking '/home/andinm/d2lros2/chapt2/basic/chapt2_ws/install/example_py/bin'
[12.048s] Level 1:colcon.colcon_core.environment:create_environment_scripts_only(example_py)
[12.051s] INFO:colcon.colcon_core.shell:Creating package script '/home/andinm/d2lros2/chapt2/basic/chapt2_ws/install/example_py/share/example_py/package.ps1'
[12.057s] INFO:colcon.colcon_core.shell:Creating package descriptor '/home/andinm/d2lros2/chapt2/basic/chapt2_ws/install/example_py/share/example_py/package.dsv'
[12.063s] INFO:colcon.colcon_core.shell:Creating package script '/home/andinm/d2lros2/chapt2/basic/chapt2_ws/install/example_py/share/example_py/package.sh'
[12.071s] INFO:colcon.colcon_core.shell:Creating package script '/home/andinm/d2lros2/chapt2/basic/chapt2_ws/install/example_py/share/example_py/package.bash'
[12.078s] INFO:colcon.colcon_core.shell:Creating package script '/home/andinm/d2lros2/chapt2/basic/chapt2_ws/install/example_py/share/example_py/package.zsh'
[12.086s] Level 1:colcon.colcon_core.environment:create_file_with_runtime_dependencies(/home/andinm/d2lros2/chapt2/basic/chapt2_ws/install/example_py/share/colcon-core/packages/example_py)
[12.098s] DEBUG:colcon.colcon_parallel_executor.executor.parallel:closing loop
[12.099s] DEBUG:colcon.colcon_parallel_executor.executor.parallel:loop closed
[12.104s] DEBUG:colcon.colcon_parallel_executor.executor.parallel:run_until_complete finished with '0'
[12.107s] DEBUG:colcon.colcon_core.event_reactor:joining thread
[12.169s] INFO:colcon.colcon_core.plugin_system:Skipping extension 'colcon_notification.desktop_notification.terminal_notifier': Not used on non-Darwin systems
[12.171s] INFO:colcon.colcon_core.plugin_system:Skipping extension 'colcon_notification.desktop_notification.win32': Not used on non-Windows systems
[12.172s] INFO:colcon.colcon_notification.desktop_notification:Sending desktop notification using 'notify2'
[12.340s] DEBUG:colcon.colcon_core.event_reactor:joined thread
[12.344s] INFO:colcon.colcon_core.shell:Creating prefix script '/home/andinm/d2lros2/chapt2/basic/chapt2_ws/install/local_setup.ps1'
[12.355s] INFO:colcon.colcon_core.shell:Creating prefix util module '/home/andinm/d2lros2/chapt2/basic/chapt2_ws/install/_local_setup_util_ps1.py'
[12.364s] INFO:colcon.colcon_core.shell:Creating prefix chain script '/home/andinm/d2lros2/chapt2/basic/chapt2_ws/install/setup.ps1'
[12.379s] INFO:colcon.colcon_core.shell:Creating prefix script '/home/andinm/d2lros2/chapt2/basic/chapt2_ws/install/local_setup.sh'
[12.384s] INFO:colcon.colcon_core.shell:Creating prefix util module '/home/andinm/d2lros2/chapt2/basic/chapt2_ws/install/_local_setup_util_sh.py'
[12.392s] INFO:colcon.colcon_core.shell:Creating prefix chain script '/home/andinm/d2lros2/chapt2/basic/chapt2_ws/install/setup.sh'
[12.402s] INFO:colcon.colcon_core.shell:Creating prefix script '/home/andinm/d2lros2/chapt2/basic/chapt2_ws/install/local_setup.bash'
[12.410s] INFO:colcon.colcon_core.shell:Creating prefix chain script '/home/andinm/d2lros2/chapt2/basic/chapt2_ws/install/setup.bash'
[12.419s] INFO:colcon.colcon_core.shell:Creating prefix script '/home/andinm/d2lros2/chapt2/basic/chapt2_ws/install/local_setup.zsh'
[12.426s] INFO:colcon.colcon_core.shell:Creating prefix chain script '/home/andinm/d2lros2/chapt2/basic/chapt2_ws/install/setup.zsh'
