[1.188s] DEBUG:colcon:Command line arguments: ['/usr/bin/colcon', 'build', '--packages-select', 'example_topic_rclcpp']
[1.188s] DEBUG:colcon:Parsed command line arguments: Namespace(log_base=None, log_level=None, verb_name='build', build_base='build', install_base='install', merge_install=False, symlink_install=False, test_result_base=None, continue_on_error=False, executor='parallel', parallel_workers=12, event_handlers=None, ignore_user_meta=False, metas=['./colcon.meta'], base_paths=['.'], packages_ignore=None, packages_ignore_regex=None, paths=None, packages_up_to=None, packages_up_to_regex=None, packages_above=None, packages_above_and_dependencies=None, packages_above_depth=None, packages_select_by_dep=None, packages_skip_by_dep=None, packages_skip_up_to=None, packages_select_build_failed=False, packages_skip_build_finished=False, packages_select_test_failures=False, packages_skip_test_passed=False, packages_select=['example_topic_rclcpp'], packages_skip=None, packages_select_regex=None, packages_skip_regex=None, packages_start=None, packages_end=None, allow_overriding=[], cmake_args=None, cmake_target=None, cmake_target_skip_unavailable=False, cmake_clean_cache=False, cmake_clean_first=False, cmake_force_configure=False, ament_cmake_args=None, catkin_cmake_args=None, catkin_skip_building_tests=False, verb_parser=<colcon_defaults.argument_parser.defaults.DefaultArgumentsDecorator object at 0x78470be36ef0>, verb_extension=<colcon_core.verb.build.BuildVerb object at 0x78470be369b0>, main=<bound method BuildVerb.main of <colcon_core.verb.build.BuildVerb object at 0x78470be369b0>>)
[3.180s] Level 1:colcon.colcon_core.package_discovery:discover_packages(colcon_meta) check parameters
[3.181s] Level 1:colcon.colcon_core.package_discovery:discover_packages(recursive) check parameters
[3.181s] Level 1:colcon.colcon_core.package_discovery:discover_packages(ignore) check parameters
[3.182s] Level 1:colcon.colcon_core.package_discovery:discover_packages(path) check parameters
[3.182s] Level 1:colcon.colcon_core.package_discovery:discover_packages(colcon_meta) discover
[3.182s] Level 1:colcon.colcon_core.package_discovery:discover_packages(recursive) discover
[3.183s] INFO:colcon.colcon_core.package_discovery:Crawling recursively for packages in '/home/andinm/d2lros2/chapt3/chapt3_ws'
[3.184s] Level 1:colcon.colcon_core.package_identification:_identify(.) by extensions ['ignore', 'ignore_ament_install']
[3.185s] Level 1:colcon.colcon_core.package_identification:_identify(.) by extension 'ignore'
[3.186s] Level 1:colcon.colcon_core.package_identification:_identify(.) by extension 'ignore_ament_install'
[3.187s] Level 1:colcon.colcon_core.package_identification:_identify(.) by extensions ['colcon_pkg']
[3.188s] Level 1:colcon.colcon_core.package_identification:_identify(.) by extension 'colcon_pkg'
[3.188s] Level 1:colcon.colcon_core.package_identification:_identify(.) by extensions ['colcon_meta']
[3.189s] Level 1:colcon.colcon_core.package_identification:_identify(.) by extension 'colcon_meta'
[3.189s] Level 1:colcon.colcon_core.package_identification:_identify(.) by extensions ['ros']
[3.190s] Level 1:colcon.colcon_core.package_identification:_identify(.) by extension 'ros'
[3.303s] Level 1:colcon.colcon_core.package_identification:_identify(.) by extensions ['cmake', 'python']
[3.304s] Level 1:colcon.colcon_core.package_identification:_identify(.) by extension 'cmake'
[3.305s] Level 1:colcon.colcon_core.package_identification:_identify(.) by extension 'python'
[3.305s] Level 1:colcon.colcon_core.package_identification:_identify(.) by extensions ['python_setup_py']
[3.305s] Level 1:colcon.colcon_core.package_identification:_identify(.) by extension 'python_setup_py'
[3.308s] Level 1:colcon.colcon_core.package_identification:_identify(build) by extensions ['ignore', 'ignore_ament_install']
[3.309s] Level 1:colcon.colcon_core.package_identification:_identify(build) by extension 'ignore'
[3.310s] Level 1:colcon.colcon_core.package_identification:_identify(build) ignored
[3.311s] Level 1:colcon.colcon_core.package_identification:_identify(install) by extensions ['ignore', 'ignore_ament_install']
[3.312s] Level 1:colcon.colcon_core.package_identification:_identify(install) by extension 'ignore'
[3.312s] Level 1:colcon.colcon_core.package_identification:_identify(install) ignored
[3.314s] Level 1:colcon.colcon_core.package_identification:_identify(log) by extensions ['ignore', 'ignore_ament_install']
[3.314s] Level 1:colcon.colcon_core.package_identification:_identify(log) by extension 'ignore'
[3.315s] Level 1:colcon.colcon_core.package_identification:_identify(log) ignored
[3.316s] Level 1:colcon.colcon_core.package_identification:_identify(src) by extensions ['ignore', 'ignore_ament_install']
[3.317s] Level 1:colcon.colcon_core.package_identification:_identify(src) by extension 'ignore'
[3.317s] Level 1:colcon.colcon_core.package_identification:_identify(src) by extension 'ignore_ament_install'
[3.318s] Level 1:colcon.colcon_core.package_identification:_identify(src) by extensions ['colcon_pkg']
[3.319s] Level 1:colcon.colcon_core.package_identification:_identify(src) by extension 'colcon_pkg'
[3.319s] Level 1:colcon.colcon_core.package_identification:_identify(src) by extensions ['colcon_meta']
[3.320s] Level 1:colcon.colcon_core.package_identification:_identify(src) by extension 'colcon_meta'
[3.321s] Level 1:colcon.colcon_core.package_identification:_identify(src) by extensions ['ros']
[3.321s] Level 1:colcon.colcon_core.package_identification:_identify(src) by extension 'ros'
[3.322s] Level 1:colcon.colcon_core.package_identification:_identify(src) by extensions ['cmake', 'python']
[3.323s] Level 1:colcon.colcon_core.package_identification:_identify(src) by extension 'cmake'
[3.323s] Level 1:colcon.colcon_core.package_identification:_identify(src) by extension 'python'
[3.324s] Level 1:colcon.colcon_core.package_identification:_identify(src) by extensions ['python_setup_py']
[3.324s] Level 1:colcon.colcon_core.package_identification:_identify(src) by extension 'python_setup_py'
[3.326s] Level 1:colcon.colcon_core.package_identification:_identify(src/example_topic_rclcpp) by extensions ['ignore', 'ignore_ament_install']
[3.327s] Level 1:colcon.colcon_core.package_identification:_identify(src/example_topic_rclcpp) by extension 'ignore'
[3.328s] Level 1:colcon.colcon_core.package_identification:_identify(src/example_topic_rclcpp) by extension 'ignore_ament_install'
[3.329s] Level 1:colcon.colcon_core.package_identification:_identify(src/example_topic_rclcpp) by extensions ['colcon_pkg']
[3.329s] Level 1:colcon.colcon_core.package_identification:_identify(src/example_topic_rclcpp) by extension 'colcon_pkg'
[3.330s] Level 1:colcon.colcon_core.package_identification:_identify(src/example_topic_rclcpp) by extensions ['colcon_meta']
[3.331s] Level 1:colcon.colcon_core.package_identification:_identify(src/example_topic_rclcpp) by extension 'colcon_meta'
[3.331s] Level 1:colcon.colcon_core.package_identification:_identify(src/example_topic_rclcpp) by extensions ['ros']
[3.332s] Level 1:colcon.colcon_core.package_identification:_identify(src/example_topic_rclcpp) by extension 'ros'
[3.351s] DEBUG:colcon.colcon_core.package_identification:Package 'src/example_topic_rclcpp' with type 'ros.ament_cmake' and name 'example_topic_rclcpp'
[3.352s] Level 1:colcon.colcon_core.package_discovery:discover_packages(recursive) using defaults
[3.352s] Level 1:colcon.colcon_core.package_discovery:discover_packages(ignore) discover
[3.353s] Level 1:colcon.colcon_core.package_discovery:discover_packages(ignore) using defaults
[3.353s] Level 1:colcon.colcon_core.package_discovery:discover_packages(path) discover
[3.353s] Level 1:colcon.colcon_core.package_discovery:discover_packages(path) using defaults
[3.536s] Level 1:colcon.colcon_core.package_discovery:discover_packages(prefix_path) check parameters
[3.537s] Level 1:colcon.colcon_core.package_discovery:discover_packages(prefix_path) discover
[3.560s] DEBUG:colcon.colcon_installed_package_information.package_discovery:Found 1 installed packages in /home/andinm/d2lros2/chapt3/chapt3_ws/install
[3.596s] DEBUG:colcon.colcon_installed_package_information.package_discovery:Found 272 installed packages in /opt/ros/humble
[3.655s] Level 1:colcon.colcon_core.package_discovery:discover_packages(prefix_path) using defaults
[4.123s] Level 5:colcon.colcon_core.verb:set package 'example_topic_rclcpp' build argument 'cmake_args' from command line to 'None'
[4.123s] Level 5:colcon.colcon_core.verb:set package 'example_topic_rclcpp' build argument 'cmake_target' from command line to 'None'
[4.123s] Level 5:colcon.colcon_core.verb:set package 'example_topic_rclcpp' build argument 'cmake_target_skip_unavailable' from command line to 'False'
[4.124s] Level 5:colcon.colcon_core.verb:set package 'example_topic_rclcpp' build argument 'cmake_clean_cache' from command line to 'False'
[4.125s] Level 5:colcon.colcon_core.verb:set package 'example_topic_rclcpp' build argument 'cmake_clean_first' from command line to 'False'
[4.126s] Level 5:colcon.colcon_core.verb:set package 'example_topic_rclcpp' build argument 'cmake_force_configure' from command line to 'False'
[4.127s] Level 5:colcon.colcon_core.verb:set package 'example_topic_rclcpp' build argument 'ament_cmake_args' from command line to 'None'
[4.127s] Level 5:colcon.colcon_core.verb:set package 'example_topic_rclcpp' build argument 'catkin_cmake_args' from command line to 'None'
[4.128s] Level 5:colcon.colcon_core.verb:set package 'example_topic_rclcpp' build argument 'catkin_skip_building_tests' from command line to 'False'
[4.128s] DEBUG:colcon.colcon_core.verb:Building package 'example_topic_rclcpp' with the following arguments: {'ament_cmake_args': None, 'build_base': '/home/andinm/d2lros2/chapt3/chapt3_ws/build/example_topic_rclcpp', 'catkin_cmake_args': None, 'catkin_skip_building_tests': False, 'cmake_args': None, 'cmake_clean_cache': False, 'cmake_clean_first': False, 'cmake_force_configure': False, 'cmake_target': None, 'cmake_target_skip_unavailable': False, 'install_base': '/home/andinm/d2lros2/chapt3/chapt3_ws/install/example_topic_rclcpp', 'merge_install': False, 'path': '/home/andinm/d2lros2/chapt3/chapt3_ws/src/example_topic_rclcpp', 'symlink_install': False, 'test_result_base': None}
[4.129s] INFO:colcon.colcon_core.executor:Executing jobs using 'parallel' executor
[4.144s] DEBUG:colcon.colcon_parallel_executor.executor.parallel:run_until_complete
[4.147s] INFO:colcon.colcon_ros.task.ament_cmake.build:Building ROS package in '/home/andinm/d2lros2/chapt3/chapt3_ws/src/example_topic_rclcpp' with build type 'ament_cmake'
[4.148s] INFO:colcon.colcon_cmake.task.cmake.build:Building CMake package in '/home/andinm/d2lros2/chapt3/chapt3_ws/src/example_topic_rclcpp'
[4.175s] INFO:colcon.colcon_core.plugin_system:Skipping extension 'colcon_core.shell.bat': Not used on non-Windows systems
[4.176s] INFO:colcon.colcon_core.shell:Skip shell extension 'powershell' for command environment: Not usable outside of PowerShell
[4.176s] DEBUG:colcon.colcon_core.shell:Skip shell extension 'dsv' for command environment
[4.329s] DEBUG:colcon.colcon_core.event_handler.log_command:Invoking command in '/home/andinm/d2lros2/chapt3/chapt3_ws/build/example_topic_rclcpp': CMAKE_PREFIX_PATH=${CMAKE_PREFIX_PATH}:/opt/ros/humble /usr/bin/cmake --build /home/andinm/d2lros2/chapt3/chapt3_ws/build/example_topic_rclcpp -- -j12 -l12
[53.743s] DEBUG:colcon.colcon_core.event_handler.log_command:Invoked command in '/home/andinm/d2lros2/chapt3/chapt3_ws/build/example_topic_rclcpp' returned '2': CMAKE_PREFIX_PATH=${CMAKE_PREFIX_PATH}:/opt/ros/humble /usr/bin/cmake --build /home/andinm/d2lros2/chapt3/chapt3_ws/build/example_topic_rclcpp -- -j12 -l12
[53.748s] Level 1:colcon.colcon_core.environment:create_environment_scripts_only(example_topic_rclcpp)
[53.768s] Level 1:colcon.colcon_core.environment:checking '/home/andinm/d2lros2/chapt3/chapt3_ws/install/example_topic_rclcpp' for CMake module files
[53.772s] Level 1:colcon.colcon_core.environment:checking '/home/andinm/d2lros2/chapt3/chapt3_ws/install/example_topic_rclcpp' for CMake config files
[53.773s] Level 1:colcon.colcon_core.shell:create_environment_hook('example_topic_rclcpp', 'cmake_prefix_path')
[53.775s] INFO:colcon.colcon_core.shell:Creating environment hook '/home/andinm/d2lros2/chapt3/chapt3_ws/install/example_topic_rclcpp/share/example_topic_rclcpp/hook/cmake_prefix_path.ps1'
[53.779s] INFO:colcon.colcon_core.shell:Creating environment descriptor '/home/andinm/d2lros2/chapt3/chapt3_ws/install/example_topic_rclcpp/share/example_topic_rclcpp/hook/cmake_prefix_path.dsv'
[53.784s] INFO:colcon.colcon_core.shell:Creating environment hook '/home/andinm/d2lros2/chapt3/chapt3_ws/install/example_topic_rclcpp/share/example_topic_rclcpp/hook/cmake_prefix_path.sh'
[53.788s] Level 1:colcon.colcon_core.environment:checking '/home/andinm/d2lros2/chapt3/chapt3_ws/install/example_topic_rclcpp/lib'
[53.790s] Level 1:colcon.colcon_core.environment:checking '/home/andinm/d2lros2/chapt3/chapt3_ws/install/example_topic_rclcpp/bin'
[53.791s] Level 1:colcon.colcon_core.environment:checking '/home/andinm/d2lros2/chapt3/chapt3_ws/install/example_topic_rclcpp/lib/pkgconfig/example_topic_rclcpp.pc'
[53.794s] Level 1:colcon.colcon_core.environment:checking '/home/andinm/d2lros2/chapt3/chapt3_ws/install/example_topic_rclcpp/lib/python3.10/site-packages'
[53.797s] Level 1:colcon.colcon_core.environment:checking '/home/andinm/d2lros2/chapt3/chapt3_ws/install/example_topic_rclcpp/bin'
[53.799s] INFO:colcon.colcon_core.shell:Creating package script '/home/andinm/d2lros2/chapt3/chapt3_ws/install/example_topic_rclcpp/share/example_topic_rclcpp/package.ps1'
[53.810s] INFO:colcon.colcon_core.shell:Creating package descriptor '/home/andinm/d2lros2/chapt3/chapt3_ws/install/example_topic_rclcpp/share/example_topic_rclcpp/package.dsv'
[53.815s] INFO:colcon.colcon_core.shell:Creating package script '/home/andinm/d2lros2/chapt3/chapt3_ws/install/example_topic_rclcpp/share/example_topic_rclcpp/package.sh'
[53.819s] INFO:colcon.colcon_core.shell:Creating package script '/home/andinm/d2lros2/chapt3/chapt3_ws/install/example_topic_rclcpp/share/example_topic_rclcpp/package.bash'
[53.823s] INFO:colcon.colcon_core.shell:Creating package script '/home/andinm/d2lros2/chapt3/chapt3_ws/install/example_topic_rclcpp/share/example_topic_rclcpp/package.zsh'
[53.828s] Level 1:colcon.colcon_core.environment:create_file_with_runtime_dependencies(/home/andinm/d2lros2/chapt3/chapt3_ws/install/example_topic_rclcpp/share/colcon-core/packages/example_topic_rclcpp)
[53.840s] DEBUG:colcon.colcon_parallel_executor.executor.parallel:closing loop
[53.841s] DEBUG:colcon.colcon_parallel_executor.executor.parallel:loop closed
[53.843s] DEBUG:colcon.colcon_parallel_executor.executor.parallel:run_until_complete finished with '2'
[53.844s] DEBUG:colcon.colcon_core.event_reactor:joining thread
[53.886s] INFO:colcon.colcon_core.plugin_system:Skipping extension 'colcon_notification.desktop_notification.terminal_notifier': Not used on non-Darwin systems
[53.887s] INFO:colcon.colcon_core.plugin_system:Skipping extension 'colcon_notification.desktop_notification.win32': Not used on non-Windows systems
[53.887s] INFO:colcon.colcon_notification.desktop_notification:Sending desktop notification using 'notify2'
[54.002s] DEBUG:colcon.colcon_core.event_reactor:joined thread
[54.004s] INFO:colcon.colcon_core.shell:Creating prefix script '/home/andinm/d2lros2/chapt3/chapt3_ws/install/local_setup.ps1'
[54.011s] INFO:colcon.colcon_core.shell:Creating prefix util module '/home/andinm/d2lros2/chapt3/chapt3_ws/install/_local_setup_util_ps1.py'
[54.018s] INFO:colcon.colcon_core.shell:Creating prefix chain script '/home/andinm/d2lros2/chapt3/chapt3_ws/install/setup.ps1'
[54.028s] INFO:colcon.colcon_core.shell:Creating prefix script '/home/andinm/d2lros2/chapt3/chapt3_ws/install/local_setup.sh'
[54.033s] INFO:colcon.colcon_core.shell:Creating prefix util module '/home/andinm/d2lros2/chapt3/chapt3_ws/install/_local_setup_util_sh.py'
[54.037s] INFO:colcon.colcon_core.shell:Creating prefix chain script '/home/andinm/d2lros2/chapt3/chapt3_ws/install/setup.sh'
[54.044s] INFO:colcon.colcon_core.shell:Creating prefix script '/home/andinm/d2lros2/chapt3/chapt3_ws/install/local_setup.bash'
[54.047s] INFO:colcon.colcon_core.shell:Creating prefix chain script '/home/andinm/d2lros2/chapt3/chapt3_ws/install/setup.bash'
[54.054s] INFO:colcon.colcon_core.shell:Creating prefix script '/home/andinm/d2lros2/chapt3/chapt3_ws/install/local_setup.zsh'
[54.059s] INFO:colcon.colcon_core.shell:Creating prefix chain script '/home/andinm/d2lros2/chapt3/chapt3_ws/install/setup.zsh'
