[0.956s] DEBUG:colcon:Command line arguments: ['/usr/bin/colcon', 'build']
[0.957s] DEBUG:colcon:Parsed command line arguments: Namespace(log_base=None, log_level=None, verb_name='build', build_base='build', install_base='install', merge_install=False, symlink_install=False, test_result_base=None, continue_on_error=False, executor='parallel', parallel_workers=12, event_handlers=None, ignore_user_meta=False, metas=['./colcon.meta'], base_paths=['.'], packages_ignore=None, packages_ignore_regex=None, paths=None, packages_up_to=None, packages_up_to_regex=None, packages_above=None, packages_above_and_dependencies=None, packages_above_depth=None, packages_select_by_dep=None, packages_skip_by_dep=None, packages_skip_up_to=None, packages_select_build_failed=False, packages_skip_build_finished=False, packages_select_test_failures=False, packages_skip_test_passed=False, packages_select=None, packages_skip=None, packages_select_regex=None, packages_skip_regex=None, packages_start=None, packages_end=None, allow_overriding=[], cmake_args=None, cmake_target=None, cmake_target_skip_unavailable=False, cmake_clean_cache=False, cmake_clean_first=False, cmake_force_configure=False, ament_cmake_args=None, catkin_cmake_args=None, catkin_skip_building_tests=False, verb_parser=<colcon_defaults.argument_parser.defaults.DefaultArgumentsDecorator object at 0x7b1f27b3aec0>, verb_extension=<colcon_core.verb.build.BuildVerb object at 0x7b1f27b3a980>, main=<bound method BuildVerb.main of <colcon_core.verb.build.BuildVerb object at 0x7b1f27b3a980>>)
[2.604s] Level 1:colcon.colcon_core.package_discovery:discover_packages(colcon_meta) check parameters
[2.606s] Level 1:colcon.colcon_core.package_discovery:discover_packages(recursive) check parameters
[2.606s] Level 1:colcon.colcon_core.package_discovery:discover_packages(ignore) check parameters
[2.606s] Level 1:colcon.colcon_core.package_discovery:discover_packages(path) check parameters
[2.606s] Level 1:colcon.colcon_core.package_discovery:discover_packages(colcon_meta) discover
[2.606s] Level 1:colcon.colcon_core.package_discovery:discover_packages(recursive) discover
[2.607s] INFO:colcon.colcon_core.package_discovery:Crawling recursively for packages in '/home/andinm/d2lros2/chapt2/basic/chapt2_ws'
[2.607s] Level 1:colcon.colcon_core.package_identification:_identify(.) by extensions ['ignore', 'ignore_ament_install']
[2.607s] Level 1:colcon.colcon_core.package_identification:_identify(.) by extension 'ignore'
[2.608s] Level 1:colcon.colcon_core.package_identification:_identify(.) by extension 'ignore_ament_install'
[2.608s] Level 1:colcon.colcon_core.package_identification:_identify(.) by extensions ['colcon_pkg']
[2.608s] Level 1:colcon.colcon_core.package_identification:_identify(.) by extension 'colcon_pkg'
[2.608s] Level 1:colcon.colcon_core.package_identification:_identify(.) by extensions ['colcon_meta']
[2.608s] Level 1:colcon.colcon_core.package_identification:_identify(.) by extension 'colcon_meta'
[2.608s] Level 1:colcon.colcon_core.package_identification:_identify(.) by extensions ['ros']
[2.608s] Level 1:colcon.colcon_core.package_identification:_identify(.) by extension 'ros'
[2.718s] Level 1:colcon.colcon_core.package_identification:_identify(.) by extensions ['cmake', 'python']
[2.719s] Level 1:colcon.colcon_core.package_identification:_identify(.) by extension 'cmake'
[2.720s] Level 1:colcon.colcon_core.package_identification:_identify(.) by extension 'python'
[2.720s] Level 1:colcon.colcon_core.package_identification:_identify(.) by extensions ['python_setup_py']
[2.721s] Level 1:colcon.colcon_core.package_identification:_identify(.) by extension 'python_setup_py'
[2.722s] Level 1:colcon.colcon_core.package_identification:_identify(build) by extensions ['ignore', 'ignore_ament_install']
[2.723s] Level 1:colcon.colcon_core.package_identification:_identify(build) by extension 'ignore'
[2.724s] Level 1:colcon.colcon_core.package_identification:_identify(build) ignored
[2.725s] Level 1:colcon.colcon_core.package_identification:_identify(install) by extensions ['ignore', 'ignore_ament_install']
[2.726s] Level 1:colcon.colcon_core.package_identification:_identify(install) by extension 'ignore'
[2.727s] Level 1:colcon.colcon_core.package_identification:_identify(install) ignored
[2.728s] Level 1:colcon.colcon_core.package_identification:_identify(log) by extensions ['ignore', 'ignore_ament_install']
[2.729s] Level 1:colcon.colcon_core.package_identification:_identify(log) by extension 'ignore'
[2.729s] Level 1:colcon.colcon_core.package_identification:_identify(log) ignored
[2.730s] Level 1:colcon.colcon_core.package_identification:_identify(src) by extensions ['ignore', 'ignore_ament_install']
[2.732s] Level 1:colcon.colcon_core.package_identification:_identify(src) by extension 'ignore'
[2.733s] Level 1:colcon.colcon_core.package_identification:_identify(src) by extension 'ignore_ament_install'
[2.733s] Level 1:colcon.colcon_core.package_identification:_identify(src) by extensions ['colcon_pkg']
[2.734s] Level 1:colcon.colcon_core.package_identification:_identify(src) by extension 'colcon_pkg'
[2.735s] Level 1:colcon.colcon_core.package_identification:_identify(src) by extensions ['colcon_meta']
[2.735s] Level 1:colcon.colcon_core.package_identification:_identify(src) by extension 'colcon_meta'
[2.735s] Level 1:colcon.colcon_core.package_identification:_identify(src) by extensions ['ros']
[2.735s] Level 1:colcon.colcon_core.package_identification:_identify(src) by extension 'ros'
[2.738s] Level 1:colcon.colcon_core.package_identification:_identify(src) by extensions ['cmake', 'python']
[2.738s] Level 1:colcon.colcon_core.package_identification:_identify(src) by extension 'cmake'
[2.739s] Level 1:colcon.colcon_core.package_identification:_identify(src) by extension 'python'
[2.740s] Level 1:colcon.colcon_core.package_identification:_identify(src) by extensions ['python_setup_py']
[2.740s] Level 1:colcon.colcon_core.package_identification:_identify(src) by extension 'python_setup_py'
[2.742s] Level 1:colcon.colcon_core.package_identification:_identify(src/example_cpp) by extensions ['ignore', 'ignore_ament_install']
[2.743s] Level 1:colcon.colcon_core.package_identification:_identify(src/example_cpp) by extension 'ignore'
[2.744s] Level 1:colcon.colcon_core.package_identification:_identify(src/example_cpp) by extension 'ignore_ament_install'
[2.745s] Level 1:colcon.colcon_core.package_identification:_identify(src/example_cpp) by extensions ['colcon_pkg']
[2.745s] Level 1:colcon.colcon_core.package_identification:_identify(src/example_cpp) by extension 'colcon_pkg'
[2.746s] Level 1:colcon.colcon_core.package_identification:_identify(src/example_cpp) by extensions ['colcon_meta']
[2.746s] Level 1:colcon.colcon_core.package_identification:_identify(src/example_cpp) by extension 'colcon_meta'
[2.747s] Level 1:colcon.colcon_core.package_identification:_identify(src/example_cpp) by extensions ['ros']
[2.747s] Level 1:colcon.colcon_core.package_identification:_identify(src/example_cpp) by extension 'ros'
[2.765s] DEBUG:colcon.colcon_core.package_identification:Package 'src/example_cpp' with type 'ros.ament_cmake' and name 'example_cpp'
[2.766s] Level 1:colcon.colcon_core.package_identification:_identify(src/example_py) by extensions ['ignore', 'ignore_ament_install']
[2.766s] Level 1:colcon.colcon_core.package_identification:_identify(src/example_py) by extension 'ignore'
[2.767s] Level 1:colcon.colcon_core.package_identification:_identify(src/example_py) by extension 'ignore_ament_install'
[2.768s] Level 1:colcon.colcon_core.package_identification:_identify(src/example_py) by extensions ['colcon_pkg']
[2.769s] Level 1:colcon.colcon_core.package_identification:_identify(src/example_py) by extension 'colcon_pkg'
[2.771s] Level 1:colcon.colcon_core.package_identification:_identify(src/example_py) by extensions ['colcon_meta']
[2.771s] Level 1:colcon.colcon_core.package_identification:_identify(src/example_py) by extension 'colcon_meta'
[2.772s] Level 1:colcon.colcon_core.package_identification:_identify(src/example_py) by extensions ['ros']
[2.774s] Level 1:colcon.colcon_core.package_identification:_identify(src/example_py) by extension 'ros'
[2.780s] DEBUG:colcon.colcon_core.package_identification:Package 'src/example_py' with type 'ros.ament_python' and name 'example_py'
[2.781s] Level 1:colcon.colcon_core.package_discovery:discover_packages(recursive) using defaults
[2.782s] Level 1:colcon.colcon_core.package_discovery:discover_packages(ignore) discover
[2.782s] Level 1:colcon.colcon_core.package_discovery:discover_packages(ignore) using defaults
[2.782s] Level 1:colcon.colcon_core.package_discovery:discover_packages(path) discover
[2.786s] Level 1:colcon.colcon_core.package_discovery:discover_packages(path) using defaults
[2.950s] Level 1:colcon.colcon_core.package_discovery:discover_packages(prefix_path) check parameters
[2.951s] Level 1:colcon.colcon_core.package_discovery:discover_packages(prefix_path) discover
[2.967s] DEBUG:colcon.colcon_installed_package_information.package_discovery:Found 1 installed packages in /home/andinm/d2lros2/chapt2/basic/chapt2_ws/install
[2.995s] DEBUG:colcon.colcon_installed_package_information.package_discovery:Found 272 installed packages in /opt/ros/humble
[3.051s] Level 1:colcon.colcon_core.package_discovery:discover_packages(prefix_path) using defaults
[3.434s] Level 5:colcon.colcon_core.verb:set package 'example_cpp' build argument 'cmake_args' from command line to 'None'
[3.435s] Level 5:colcon.colcon_core.verb:set package 'example_cpp' build argument 'cmake_target' from command line to 'None'
[3.435s] Level 5:colcon.colcon_core.verb:set package 'example_cpp' build argument 'cmake_target_skip_unavailable' from command line to 'False'
[3.436s] Level 5:colcon.colcon_core.verb:set package 'example_cpp' build argument 'cmake_clean_cache' from command line to 'False'
[3.436s] Level 5:colcon.colcon_core.verb:set package 'example_cpp' build argument 'cmake_clean_first' from command line to 'False'
[3.436s] Level 5:colcon.colcon_core.verb:set package 'example_cpp' build argument 'cmake_force_configure' from command line to 'False'
[3.437s] Level 5:colcon.colcon_core.verb:set package 'example_cpp' build argument 'ament_cmake_args' from command line to 'None'
[3.437s] Level 5:colcon.colcon_core.verb:set package 'example_cpp' build argument 'catkin_cmake_args' from command line to 'None'
[3.438s] Level 5:colcon.colcon_core.verb:set package 'example_cpp' build argument 'catkin_skip_building_tests' from command line to 'False'
[3.438s] DEBUG:colcon.colcon_core.verb:Building package 'example_cpp' with the following arguments: {'ament_cmake_args': None, 'build_base': '/home/andinm/d2lros2/chapt2/basic/chapt2_ws/build/example_cpp', 'catkin_cmake_args': None, 'catkin_skip_building_tests': False, 'cmake_args': None, 'cmake_clean_cache': False, 'cmake_clean_first': False, 'cmake_force_configure': False, 'cmake_target': None, 'cmake_target_skip_unavailable': False, 'install_base': '/home/andinm/d2lros2/chapt2/basic/chapt2_ws/install/example_cpp', 'merge_install': False, 'path': '/home/andinm/d2lros2/chapt2/basic/chapt2_ws/src/example_cpp', 'symlink_install': False, 'test_result_base': None}
[3.441s] Level 5:colcon.colcon_core.verb:set package 'example_py' build argument 'cmake_args' from command line to 'None'
[3.442s] Level 5:colcon.colcon_core.verb:set package 'example_py' build argument 'cmake_target' from command line to 'None'
[3.442s] Level 5:colcon.colcon_core.verb:set package 'example_py' build argument 'cmake_target_skip_unavailable' from command line to 'False'
[3.442s] Level 5:colcon.colcon_core.verb:set package 'example_py' build argument 'cmake_clean_cache' from command line to 'False'
[3.443s] Level 5:colcon.colcon_core.verb:set package 'example_py' build argument 'cmake_clean_first' from command line to 'False'
[3.443s] Level 5:colcon.colcon_core.verb:set package 'example_py' build argument 'cmake_force_configure' from command line to 'False'
[3.444s] Level 5:colcon.colcon_core.verb:set package 'example_py' build argument 'ament_cmake_args' from command line to 'None'
[3.444s] Level 5:colcon.colcon_core.verb:set package 'example_py' build argument 'catkin_cmake_args' from command line to 'None'
[3.444s] Level 5:colcon.colcon_core.verb:set package 'example_py' build argument 'catkin_skip_building_tests' from command line to 'False'
[3.445s] DEBUG:colcon.colcon_core.verb:Building package 'example_py' with the following arguments: {'ament_cmake_args': None, 'build_base': '/home/andinm/d2lros2/chapt2/basic/chapt2_ws/build/example_py', 'catkin_cmake_args': None, 'catkin_skip_building_tests': False, 'cmake_args': None, 'cmake_clean_cache': False, 'cmake_clean_first': False, 'cmake_force_configure': False, 'cmake_target': None, 'cmake_target_skip_unavailable': False, 'install_base': '/home/andinm/d2lros2/chapt2/basic/chapt2_ws/install/example_py', 'merge_install': False, 'path': '/home/andinm/d2lros2/chapt2/basic/chapt2_ws/src/example_py', 'symlink_install': False, 'test_result_base': None}
[3.446s] INFO:colcon.colcon_core.executor:Executing jobs using 'parallel' executor
[3.458s] DEBUG:colcon.colcon_parallel_executor.executor.parallel:run_until_complete
[3.463s] INFO:colcon.colcon_ros.task.ament_cmake.build:Building ROS package in '/home/andinm/d2lros2/chapt2/basic/chapt2_ws/src/example_cpp' with build type 'ament_cmake'
[3.464s] INFO:colcon.colcon_cmake.task.cmake.build:Building CMake package in '/home/andinm/d2lros2/chapt2/basic/chapt2_ws/src/example_cpp'
[3.486s] INFO:colcon.colcon_core.plugin_system:Skipping extension 'colcon_core.shell.bat': Not used on non-Windows systems
[3.487s] INFO:colcon.colcon_core.shell:Skip shell extension 'powershell' for command environment: Not usable outside of PowerShell
[3.487s] DEBUG:colcon.colcon_core.shell:Skip shell extension 'dsv' for command environment
[3.529s] INFO:colcon.colcon_ros.task.ament_python.build:Building ROS package in '/home/andinm/d2lros2/chapt2/basic/chapt2_ws/src/example_py' with build type 'ament_python'
[3.530s] Level 1:colcon.colcon_core.shell:create_environment_hook('example_py', 'ament_prefix_path')
[3.533s] INFO:colcon.colcon_core.shell:Creating environment hook '/home/andinm/d2lros2/chapt2/basic/chapt2_ws/install/example_py/share/example_py/hook/ament_prefix_path.ps1'
[3.542s] INFO:colcon.colcon_core.shell:Creating environment descriptor '/home/andinm/d2lros2/chapt2/basic/chapt2_ws/install/example_py/share/example_py/hook/ament_prefix_path.dsv'
[3.547s] INFO:colcon.colcon_core.shell:Creating environment hook '/home/andinm/d2lros2/chapt2/basic/chapt2_ws/install/example_py/share/example_py/hook/ament_prefix_path.sh'
[3.556s] INFO:colcon.colcon_core.shell:Skip shell extension 'powershell' for command environment: Not usable outside of PowerShell
[3.560s] DEBUG:colcon.colcon_core.shell:Skip shell extension 'dsv' for command environment
[3.694s] DEBUG:colcon.colcon_core.event_handler.log_command:Invoking command in '/home/andinm/d2lros2/chapt2/basic/chapt2_ws/build/example_cpp': CMAKE_PREFIX_PATH=${CMAKE_PREFIX_PATH}:/opt/ros/humble /usr/bin/cmake --build /home/andinm/d2lros2/chapt2/basic/chapt2_ws/build/example_cpp -- -j12 -l12
[5.971s] INFO:colcon.colcon_core.task.python.build:Building Python package in '/home/andinm/d2lros2/chapt2/basic/chapt2_ws/src/example_py'
[5.973s] INFO:colcon.colcon_core.shell:Skip shell extension 'powershell' for command environment: Not usable outside of PowerShell
[5.973s] DEBUG:colcon.colcon_core.shell:Skip shell extension 'dsv' for command environment
[9.486s] DEBUG:colcon.colcon_core.event_handler.log_command:Invoking command in '/home/andinm/d2lros2/chapt2/basic/chapt2_ws/src/example_py': PYTHONPATH=/home/andinm/d2lros2/chapt2/basic/chapt2_ws/build/example_py/prefix_override:/usr/lib/python3/dist-packages/colcon_core/task/python/colcon_distutils_commands:/home/andinm/d2lros2/chapt2/basic/chapt2_ws/install/example_py/lib/python3.10/site-packages:${PYTHONPATH} /usr/bin/python3 -W ignore:setup.py install is deprecated -W ignore:easy_install command is deprecated setup.py egg_info --egg-base ../../build/example_py build --build-base /home/andinm/d2lros2/chapt2/basic/chapt2_ws/build/example_py/build install --record /home/andinm/d2lros2/chapt2/basic/chapt2_ws/build/example_py/install.log --single-version-externally-managed install_data
[9.685s] DEBUG:colcon.colcon_core.event_handler.log_command:Invoked command in '/home/andinm/d2lros2/chapt2/basic/chapt2_ws/build/example_cpp' returned '0': CMAKE_PREFIX_PATH=${CMAKE_PREFIX_PATH}:/opt/ros/humble /usr/bin/cmake --build /home/andinm/d2lros2/chapt2/basic/chapt2_ws/build/example_cpp -- -j12 -l12
[9.880s] DEBUG:colcon.colcon_core.event_handler.log_command:Invoking command in '/home/andinm/d2lros2/chapt2/basic/chapt2_ws/build/example_cpp': CMAKE_PREFIX_PATH=${CMAKE_PREFIX_PATH}:/opt/ros/humble /usr/bin/cmake --install /home/andinm/d2lros2/chapt2/basic/chapt2_ws/build/example_cpp
[10.175s] Level 1:colcon.colcon_core.environment:create_environment_scripts_only(example_cpp)
[10.180s] DEBUG:colcon.colcon_core.event_handler.log_command:Invoked command in '/home/andinm/d2lros2/chapt2/basic/chapt2_ws/build/example_cpp' returned '0': CMAKE_PREFIX_PATH=${CMAKE_PREFIX_PATH}:/opt/ros/humble /usr/bin/cmake --install /home/andinm/d2lros2/chapt2/basic/chapt2_ws/build/example_cpp
[10.207s] Level 1:colcon.colcon_core.environment:checking '/home/andinm/d2lros2/chapt2/basic/chapt2_ws/install/example_cpp' for CMake module files
[10.215s] Level 1:colcon.colcon_core.environment:checking '/home/andinm/d2lros2/chapt2/basic/chapt2_ws/install/example_cpp' for CMake config files
[10.224s] Level 1:colcon.colcon_core.shell:create_environment_hook('example_cpp', 'cmake_prefix_path')
[10.228s] INFO:colcon.colcon_core.shell:Creating environment hook '/home/andinm/d2lros2/chapt2/basic/chapt2_ws/install/example_cpp/share/example_cpp/hook/cmake_prefix_path.ps1'
[10.236s] INFO:colcon.colcon_core.shell:Creating environment descriptor '/home/andinm/d2lros2/chapt2/basic/chapt2_ws/install/example_cpp/share/example_cpp/hook/cmake_prefix_path.dsv'
[10.249s] INFO:colcon.colcon_core.shell:Creating environment hook '/home/andinm/d2lros2/chapt2/basic/chapt2_ws/install/example_cpp/share/example_cpp/hook/cmake_prefix_path.sh'
[10.257s] Level 1:colcon.colcon_core.environment:checking '/home/andinm/d2lros2/chapt2/basic/chapt2_ws/install/example_cpp/lib'
[10.267s] Level 1:colcon.colcon_core.environment:checking '/home/andinm/d2lros2/chapt2/basic/chapt2_ws/install/example_cpp/bin'
[10.268s] Level 1:colcon.colcon_core.environment:checking '/home/andinm/d2lros2/chapt2/basic/chapt2_ws/install/example_cpp/lib/pkgconfig/example_cpp.pc'
[10.269s] Level 1:colcon.colcon_core.environment:checking '/home/andinm/d2lros2/chapt2/basic/chapt2_ws/install/example_cpp/lib/python3.10/site-packages'
[10.272s] Level 1:colcon.colcon_core.environment:checking '/home/andinm/d2lros2/chapt2/basic/chapt2_ws/install/example_cpp/bin'
[10.278s] INFO:colcon.colcon_core.shell:Creating package script '/home/andinm/d2lros2/chapt2/basic/chapt2_ws/install/example_cpp/share/example_cpp/package.ps1'
[10.281s] INFO:colcon.colcon_core.shell:Creating package descriptor '/home/andinm/d2lros2/chapt2/basic/chapt2_ws/install/example_cpp/share/example_cpp/package.dsv'
[10.285s] INFO:colcon.colcon_core.shell:Creating package script '/home/andinm/d2lros2/chapt2/basic/chapt2_ws/install/example_cpp/share/example_cpp/package.sh'
[10.288s] INFO:colcon.colcon_core.shell:Creating package script '/home/andinm/d2lros2/chapt2/basic/chapt2_ws/install/example_cpp/share/example_cpp/package.bash'
[10.298s] INFO:colcon.colcon_core.shell:Creating package script '/home/andinm/d2lros2/chapt2/basic/chapt2_ws/install/example_cpp/share/example_cpp/package.zsh'
[10.308s] Level 1:colcon.colcon_core.environment:create_file_with_runtime_dependencies(/home/andinm/d2lros2/chapt2/basic/chapt2_ws/install/example_cpp/share/colcon-core/packages/example_cpp)
[10.315s] Level 1:colcon.colcon_core.environment:create_environment_scripts_only(example_cpp)
[10.316s] Level 1:colcon.colcon_core.environment:checking '/home/andinm/d2lros2/chapt2/basic/chapt2_ws/install/example_cpp' for CMake module files
[10.324s] Level 1:colcon.colcon_core.environment:checking '/home/andinm/d2lros2/chapt2/basic/chapt2_ws/install/example_cpp' for CMake config files
[10.330s] Level 1:colcon.colcon_core.shell:create_environment_hook('example_cpp', 'cmake_prefix_path')
[10.332s] INFO:colcon.colcon_core.shell:Creating environment hook '/home/andinm/d2lros2/chapt2/basic/chapt2_ws/install/example_cpp/share/example_cpp/hook/cmake_prefix_path.ps1'
[10.340s] INFO:colcon.colcon_core.shell:Creating environment descriptor '/home/andinm/d2lros2/chapt2/basic/chapt2_ws/install/example_cpp/share/example_cpp/hook/cmake_prefix_path.dsv'
[10.346s] INFO:colcon.colcon_core.shell:Creating environment hook '/home/andinm/d2lros2/chapt2/basic/chapt2_ws/install/example_cpp/share/example_cpp/hook/cmake_prefix_path.sh'
[10.354s] Level 1:colcon.colcon_core.environment:checking '/home/andinm/d2lros2/chapt2/basic/chapt2_ws/install/example_cpp/lib'
[10.355s] Level 1:colcon.colcon_core.environment:checking '/home/andinm/d2lros2/chapt2/basic/chapt2_ws/install/example_cpp/bin'
[10.355s] Level 1:colcon.colcon_core.environment:checking '/home/andinm/d2lros2/chapt2/basic/chapt2_ws/install/example_cpp/lib/pkgconfig/example_cpp.pc'
[10.358s] Level 1:colcon.colcon_core.environment:checking '/home/andinm/d2lros2/chapt2/basic/chapt2_ws/install/example_cpp/lib/python3.10/site-packages'
[10.359s] Level 1:colcon.colcon_core.environment:checking '/home/andinm/d2lros2/chapt2/basic/chapt2_ws/install/example_cpp/bin'
[10.361s] INFO:colcon.colcon_core.shell:Creating package script '/home/andinm/d2lros2/chapt2/basic/chapt2_ws/install/example_cpp/share/example_cpp/package.ps1'
[10.368s] INFO:colcon.colcon_core.shell:Creating package descriptor '/home/andinm/d2lros2/chapt2/basic/chapt2_ws/install/example_cpp/share/example_cpp/package.dsv'
[10.373s] INFO:colcon.colcon_core.shell:Creating package script '/home/andinm/d2lros2/chapt2/basic/chapt2_ws/install/example_cpp/share/example_cpp/package.sh'
[10.377s] INFO:colcon.colcon_core.shell:Creating package script '/home/andinm/d2lros2/chapt2/basic/chapt2_ws/install/example_cpp/share/example_cpp/package.bash'
[10.378s] INFO:colcon.colcon_core.shell:Creating package script '/home/andinm/d2lros2/chapt2/basic/chapt2_ws/install/example_cpp/share/example_cpp/package.zsh'
[10.381s] Level 1:colcon.colcon_core.environment:create_file_with_runtime_dependencies(/home/andinm/d2lros2/chapt2/basic/chapt2_ws/install/example_cpp/share/colcon-core/packages/example_cpp)
[12.412s] Level 1:colcon.colcon_core.environment:checking '/home/andinm/d2lros2/chapt2/basic/chapt2_ws/install/example_py' for CMake module files
[12.415s] DEBUG:colcon.colcon_core.event_handler.log_command:Invoked command in '/home/andinm/d2lros2/chapt2/basic/chapt2_ws/src/example_py' returned '0': PYTHONPATH=/home/andinm/d2lros2/chapt2/basic/chapt2_ws/build/example_py/prefix_override:/usr/lib/python3/dist-packages/colcon_core/task/python/colcon_distutils_commands:/home/andinm/d2lros2/chapt2/basic/chapt2_ws/install/example_py/lib/python3.10/site-packages:${PYTHONPATH} /usr/bin/python3 -W ignore:setup.py install is deprecated -W ignore:easy_install command is deprecated setup.py egg_info --egg-base ../../build/example_py build --build-base /home/andinm/d2lros2/chapt2/basic/chapt2_ws/build/example_py/build install --record /home/andinm/d2lros2/chapt2/basic/chapt2_ws/build/example_py/install.log --single-version-externally-managed install_data
[12.424s] Level 1:colcon.colcon_core.environment:checking '/home/andinm/d2lros2/chapt2/basic/chapt2_ws/install/example_py' for CMake config files
[12.431s] Level 1:colcon.colcon_core.environment:checking '/home/andinm/d2lros2/chapt2/basic/chapt2_ws/install/example_py/lib'
[12.439s] Level 1:colcon.colcon_core.environment:checking '/home/andinm/d2lros2/chapt2/basic/chapt2_ws/install/example_py/bin'
[12.440s] Level 1:colcon.colcon_core.environment:checking '/home/andinm/d2lros2/chapt2/basic/chapt2_ws/install/example_py/lib/pkgconfig/example_py.pc'
[12.443s] Level 1:colcon.colcon_core.environment:checking '/home/andinm/d2lros2/chapt2/basic/chapt2_ws/install/example_py/lib/python3.10/site-packages'
[12.443s] Level 1:colcon.colcon_core.shell:create_environment_hook('example_py', 'pythonpath')
[12.444s] INFO:colcon.colcon_core.shell:Creating environment hook '/home/andinm/d2lros2/chapt2/basic/chapt2_ws/install/example_py/share/example_py/hook/pythonpath.ps1'
[12.451s] INFO:colcon.colcon_core.shell:Creating environment descriptor '/home/andinm/d2lros2/chapt2/basic/chapt2_ws/install/example_py/share/example_py/hook/pythonpath.dsv'
[12.454s] INFO:colcon.colcon_core.shell:Creating environment hook '/home/andinm/d2lros2/chapt2/basic/chapt2_ws/install/example_py/share/example_py/hook/pythonpath.sh'
[12.461s] Level 1:colcon.colcon_core.environment:checking '/home/andinm/d2lros2/chapt2/basic/chapt2_ws/install/example_py/bin'
[12.465s] Level 1:colcon.colcon_core.environment:create_environment_scripts_only(example_py)
[12.467s] INFO:colcon.colcon_core.shell:Creating package script '/home/andinm/d2lros2/chapt2/basic/chapt2_ws/install/example_py/share/example_py/package.ps1'
[12.477s] INFO:colcon.colcon_core.shell:Creating package descriptor '/home/andinm/d2lros2/chapt2/basic/chapt2_ws/install/example_py/share/example_py/package.dsv'
[12.484s] INFO:colcon.colcon_core.shell:Creating package script '/home/andinm/d2lros2/chapt2/basic/chapt2_ws/install/example_py/share/example_py/package.sh'
[12.489s] INFO:colcon.colcon_core.shell:Creating package script '/home/andinm/d2lros2/chapt2/basic/chapt2_ws/install/example_py/share/example_py/package.bash'
[12.495s] INFO:colcon.colcon_core.shell:Creating package script '/home/andinm/d2lros2/chapt2/basic/chapt2_ws/install/example_py/share/example_py/package.zsh'
[12.500s] Level 1:colcon.colcon_core.environment:create_file_with_runtime_dependencies(/home/andinm/d2lros2/chapt2/basic/chapt2_ws/install/example_py/share/colcon-core/packages/example_py)
[12.504s] DEBUG:colcon.colcon_parallel_executor.executor.parallel:closing loop
[12.511s] DEBUG:colcon.colcon_parallel_executor.executor.parallel:loop closed
[12.517s] DEBUG:colcon.colcon_parallel_executor.executor.parallel:run_until_complete finished with '0'
[12.536s] DEBUG:colcon.colcon_core.event_reactor:joining thread
[12.609s] INFO:colcon.colcon_core.plugin_system:Skipping extension 'colcon_notification.desktop_notification.terminal_notifier': Not used on non-Darwin systems
[12.610s] INFO:colcon.colcon_core.plugin_system:Skipping extension 'colcon_notification.desktop_notification.win32': Not used on non-Windows systems
[12.611s] INFO:colcon.colcon_notification.desktop_notification:Sending desktop notification using 'notify2'
[12.794s] DEBUG:colcon.colcon_core.event_reactor:joined thread
[12.796s] INFO:colcon.colcon_core.shell:Creating prefix script '/home/andinm/d2lros2/chapt2/basic/chapt2_ws/install/local_setup.ps1'
[12.811s] INFO:colcon.colcon_core.shell:Creating prefix util module '/home/andinm/d2lros2/chapt2/basic/chapt2_ws/install/_local_setup_util_ps1.py'
[12.821s] INFO:colcon.colcon_core.shell:Creating prefix chain script '/home/andinm/d2lros2/chapt2/basic/chapt2_ws/install/setup.ps1'
[12.833s] INFO:colcon.colcon_core.shell:Creating prefix script '/home/andinm/d2lros2/chapt2/basic/chapt2_ws/install/local_setup.sh'
[12.840s] INFO:colcon.colcon_core.shell:Creating prefix util module '/home/andinm/d2lros2/chapt2/basic/chapt2_ws/install/_local_setup_util_sh.py'
[12.844s] INFO:colcon.colcon_core.shell:Creating prefix chain script '/home/andinm/d2lros2/chapt2/basic/chapt2_ws/install/setup.sh'
[12.850s] INFO:colcon.colcon_core.shell:Creating prefix script '/home/andinm/d2lros2/chapt2/basic/chapt2_ws/install/local_setup.bash'
[12.856s] INFO:colcon.colcon_core.shell:Creating prefix chain script '/home/andinm/d2lros2/chapt2/basic/chapt2_ws/install/setup.bash'
[12.865s] INFO:colcon.colcon_core.shell:Creating prefix script '/home/andinm/d2lros2/chapt2/basic/chapt2_ws/install/local_setup.zsh'
[12.877s] INFO:colcon.colcon_core.shell:Creating prefix chain script '/home/andinm/d2lros2/chapt2/basic/chapt2_ws/install/setup.zsh'
