[0.038s] Invoking command in '/home/andinm/d2lros2/chapt3/chapt3_ws/build/example_ros2_interfaces': CMAKE_PREFIX_PATH=/opt/ros/humble /usr/bin/cmake /home/andinm/d2lros2/chapt3/chapt3_ws/src/example_ros2_interfaces -DCMAKE_INSTALL_PREFIX=/home/andinm/d2lros2/chapt3/chapt3_ws/install/example_ros2_interfaces
[0.083s] -- Found ament_cmake: 1.3.12 (/opt/ros/humble/share/ament_cmake/cmake)
[0.622s] -- Found rosidl_default_generators: 1.2.0 (/opt/ros/humble/share/rosidl_default_generators/cmake)
[0.627s] -- Using all available rosidl_typesupport_c: rosidl_typesupport_fastrtps_c;rosidl_typesupport_introspection_c
[0.647s] -- Found rosidl_adapter: 3.1.8 (/opt/ros/humble/share/rosidl_adapter/cmake)
[0.782s] -- Using all available rosidl_typesupport_cpp: rosidl_typesupport_fastrtps_cpp;rosidl_typesupport_introspection_cpp
[0.845s] -- Found geometry_msgs: 4.9.0 (/opt/ros/humble/share/geometry_msgs/cmake)
[0.943s] -- Found ament_lint_auto: 0.12.14 (/opt/ros/humble/share/ament_lint_auto/cmake)
[1.820s] [31mCMake Error at /opt/ros/humble/share/rosidl_adapter/cmake/rosidl_adapt_interfaces.cmake:59 (message):
[1.820s]   execute_process(/usr/bin/python3 -m rosidl_adapter --package-name
[1.821s]   example_ros2_interfaces --arguments-file
[1.821s]   /home/andinm/d2lros2/chapt3/chapt3_ws/build/example_ros2_interfaces/rosidl_adapter__arguments__example_ros2_interfaces.json
[1.822s]   --output-dir
[1.822s]   /home/andinm/d2lros2/chapt3/chapt3_ws/build/example_ros2_interfaces/rosidl_adapter/example_ros2_interfaces
[1.822s]   --output-file
[1.823s]   /home/andinm/d2lros2/chapt3/chapt3_ws/build/example_ros2_interfaces/rosidl_adapter/example_ros2_interfaces.idls)
[1.823s]   returned error code 1:
[1.823s] 
[1.823s]   Traceback (most recent call last):
[1.823s] 
[1.824s]     File "/usr/lib/python3.10/runpy.py", line 196, in _run_module_as_main
[1.824s]       return _run_code(code, main_globals, None,
[1.824s]     File "/usr/lib/python3.10/runpy.py", line 86, in _run_code
[1.825s]       exec(code, run_globals)
[1.825s]     File "/opt/ros/humble/local/lib/python3.10/dist-packages/rosidl_adapter/__main__.py", line 19, in <module>
[1.825s]       sys.exit(main())
[1.825s]     File "/opt/ros/humble/local/lib/python3.10/dist-packages/rosidl_adapter/main.py", line 53, in main
[1.826s]       abs_idl_file = convert_to_idl(
[1.826s]     File "/opt/ros/humble/local/lib/python3.10/dist-packages/rosidl_adapter/__init__.py", line 24, in convert_to_idl
[1.826s]       return convert_srv_to_idl(
[1.826s]     File "/opt/ros/humble/local/lib/python3.10/dist-packages/rosidl_adapter/srv/__init__.py", line 28, in convert_srv_to_idl
[1.827s]       srv = parse_service_string(package_name, input_file.stem, content)
[1.827s]     File "/opt/ros/humble/local/lib/python3.10/dist-packages/rosidl_adapter/parser.py", line 850, in parse_service_string
[1.827s]       raise InvalidServiceSpecification(
[1.827s] 
[1.827s]   rosidl_adapter.parser.InvalidServiceSpecification: Could not find separator
[1.827s]   '---' between request and response
[1.827s] 
[1.828s] Call Stack (most recent call first):
[1.828s]   /opt/ros/humble/share/rosidl_cmake/cmake/rosidl_generate_interfaces.cmake:130 (rosidl_adapt_interfaces)
[1.828s]   CMakeLists.txt:26 (rosidl_generate_interfaces)
[1.828s] 
[1.828s] [0m
[1.828s] -- Configuring incomplete, errors occurred!
[1.828s] See also "/home/andinm/d2lros2/chapt3/chapt3_ws/build/example_ros2_interfaces/CMakeFiles/CMakeOutput.log".
[1.839s] Invoked command in '/home/andinm/d2lros2/chapt3/chapt3_ws/build/example_ros2_interfaces' returned '1': CMAKE_PREFIX_PATH=/opt/ros/humble /usr/bin/cmake /home/andinm/d2lros2/chapt3/chapt3_ws/src/example_ros2_interfaces -DCMAKE_INSTALL_PREFIX=/home/andinm/d2lros2/chapt3/chapt3_ws/install/example_ros2_interfaces
