[0.219s] Invoking command in '/home/andinm/d2lros2/chapt2/basic/chapt2_ws/build/example_cpp': CMAKE_PREFIX_PATH=${CMAKE_PREFIX_PATH}:/opt/ros/humble /usr/bin/cmake --build /home/andinm/d2lros2/chapt2/basic/chapt2_ws/build/example_cpp -- -j12 -l12
[0.598s] -- Found ament_cmake: 1.3.12 (/opt/ros/humble/share/ament_cmake/cmake)
[1.744s] -- Found rclcpp: 16.0.17 (/opt/ros/humble/share/rclcpp/cmake)
[2.005s] -- Found rosidl_generator_c: 3.1.8 (/opt/ros/humble/share/rosidl_generator_c/cmake)
[2.043s] -- Found rosidl_adapter: 3.1.8 (/opt/ros/humble/share/rosidl_adapter/cmake)
[2.100s] -- Found rosidl_generator_cpp: 3.1.8 (/opt/ros/humble/share/rosidl_generator_cpp/cmake)
[2.213s] -- Using all available rosidl_typesupport_c: rosidl_typesupport_fastrtps_c;rosidl_typesupport_introspection_c
[2.359s] -- Using all available rosidl_typesupport_cpp: rosidl_typesupport_fastrtps_cpp;rosidl_typesupport_introspection_cpp
[2.699s] -- Found rmw_implementation_cmake: 6.1.2 (/opt/ros/humble/share/rmw_implementation_cmake/cmake)
[2.720s] -- Found rmw_fastrtps_cpp: 6.2.9 (/opt/ros/humble/share/rmw_fastrtps_cpp/cmake)
[3.674s] -- Using RMW implementation 'rmw_fastrtps_cpp' as default
[4.073s] -- Found ament_lint_auto: 0.12.14 (/opt/ros/humble/share/ament_lint_auto/cmake)
[4.781s] -- Added test 'cppcheck' to perform static code analysis on C / C++ code
[4.782s] -- Configured cppcheck include dirs: 
[4.783s] -- Configured cppcheck exclude dirs and/or files: 
[4.792s] -- Added test 'lint_cmake' to check CMake code style
[4.811s] -- Added test 'uncrustify' to check C / C++ code style
[4.812s] -- Configured uncrustify additional arguments: 
[4.818s] -- Added test 'xmllint' to check XML markup files
[4.828s] -- Configuring done
[5.007s] -- Generating done
[5.060s] -- Build files have been written to: /home/andinm/d2lros2/chapt2/basic/chapt2_ws/build/example_cpp
[5.559s] [35m[1mConsolidate compiler generated dependencies of target node_01[0m
[6.033s] [100%] Built target node_01
[6.215s] Invoked command in '/home/andinm/d2lros2/chapt2/basic/chapt2_ws/build/example_cpp' returned '0': CMAKE_PREFIX_PATH=${CMAKE_PREFIX_PATH}:/opt/ros/humble /usr/bin/cmake --build /home/andinm/d2lros2/chapt2/basic/chapt2_ws/build/example_cpp -- -j12 -l12
[6.410s] Invoking command in '/home/andinm/d2lros2/chapt2/basic/chapt2_ws/build/example_cpp': CMAKE_PREFIX_PATH=${CMAKE_PREFIX_PATH}:/opt/ros/humble /usr/bin/cmake --install /home/andinm/d2lros2/chapt2/basic/chapt2_ws/build/example_cpp
[6.617s] -- Install configuration: ""
[6.620s] -- Up-to-date: /home/andinm/d2lros2/chapt2/basic/chapt2_ws/install/example_cpp/share/ament_index/resource_index/package_run_dependencies/example_cpp
[6.650s] -- Installing: /home/andinm/d2lros2/chapt2/basic/chapt2_ws/install/example_cpp/share/ament_index/resource_index/parent_prefix_path/example_cpp
[6.651s] -- Up-to-date: /home/andinm/d2lros2/chapt2/basic/chapt2_ws/install/example_cpp/share/example_cpp/environment/ament_prefix_path.sh
[6.660s] -- Installing: /home/andinm/d2lros2/chapt2/basic/chapt2_ws/install/example_cpp/share/example_cpp/environment/ament_prefix_path.dsv
[6.661s] -- Up-to-date: /home/andinm/d2lros2/chapt2/basic/chapt2_ws/install/example_cpp/share/example_cpp/environment/path.sh
[6.662s] -- Installing: /home/andinm/d2lros2/chapt2/basic/chapt2_ws/install/example_cpp/share/example_cpp/environment/path.dsv
[6.663s] -- Up-to-date: /home/andinm/d2lros2/chapt2/basic/chapt2_ws/install/example_cpp/share/example_cpp/local_setup.bash
[6.664s] -- Up-to-date: /home/andinm/d2lros2/chapt2/basic/chapt2_ws/install/example_cpp/share/example_cpp/local_setup.sh
[6.671s] -- Up-to-date: /home/andinm/d2lros2/chapt2/basic/chapt2_ws/install/example_cpp/share/example_cpp/local_setup.zsh
[6.674s] -- Installing: /home/andinm/d2lros2/chapt2/basic/chapt2_ws/install/example_cpp/share/example_cpp/local_setup.dsv
[6.675s] -- Installing: /home/andinm/d2lros2/chapt2/basic/chapt2_ws/install/example_cpp/share/example_cpp/package.dsv
[6.675s] -- Up-to-date: /home/andinm/d2lros2/chapt2/basic/chapt2_ws/install/example_cpp/share/ament_index/resource_index/packages/example_cpp
[6.676s] -- Up-to-date: /home/andinm/d2lros2/chapt2/basic/chapt2_ws/install/example_cpp/share/example_cpp/cmake/example_cppConfig.cmake
[6.679s] -- Up-to-date: /home/andinm/d2lros2/chapt2/basic/chapt2_ws/install/example_cpp/share/example_cpp/cmake/example_cppConfig-version.cmake
[6.679s] -- Up-to-date: /home/andinm/d2lros2/chapt2/basic/chapt2_ws/install/example_cpp/share/example_cpp/package.xml
[6.687s] -- Up-to-date: /home/andinm/d2lros2/chapt2/basic/chapt2_ws/install/example_cpp/lib/example_cpp/node_01
[6.711s] Invoked command in '/home/andinm/d2lros2/chapt2/basic/chapt2_ws/build/example_cpp' returned '0': CMAKE_PREFIX_PATH=${CMAKE_PREFIX_PATH}:/opt/ros/humble /usr/bin/cmake --install /home/andinm/d2lros2/chapt2/basic/chapt2_ws/build/example_cpp
