[1.192s] DEBUG:colcon:Command line arguments: ['/usr/bin/colcon', 'build', '--packages-select', 'example_service_rclcpp']
[1.193s] DEBUG:colcon:Parsed command line arguments: Namespace(log_base=None, log_level=None, verb_name='build', build_base='build', install_base='install', merge_install=False, symlink_install=False, test_result_base=None, continue_on_error=False, executor='parallel', parallel_workers=12, event_handlers=None, ignore_user_meta=False, metas=['./colcon.meta'], base_paths=['.'], packages_ignore=None, packages_ignore_regex=None, paths=None, packages_up_to=None, packages_up_to_regex=None, packages_above=None, packages_above_and_dependencies=None, packages_above_depth=None, packages_select_by_dep=None, packages_skip_by_dep=None, packages_skip_up_to=None, packages_select_build_failed=False, packages_skip_build_finished=False, packages_select_test_failures=False, packages_skip_test_passed=False, packages_select=['example_service_rclcpp'], packages_skip=None, packages_select_regex=None, packages_skip_regex=None, packages_start=None, packages_end=None, allow_overriding=[], cmake_args=None, cmake_target=None, cmake_target_skip_unavailable=False, cmake_clean_cache=False, cmake_clean_first=False, cmake_force_configure=False, ament_cmake_args=None, catkin_cmake_args=None, catkin_skip_building_tests=False, verb_parser=<colcon_defaults.argument_parser.defaults.DefaultArgumentsDecorator object at 0x79634bdb7550>, verb_extension=<colcon_core.verb.build.BuildVerb object at 0x79634bdb7010>, main=<bound method BuildVerb.main of <colcon_core.verb.build.BuildVerb object at 0x79634bdb7010>>)
[3.279s] Level 1:colcon.colcon_core.package_discovery:discover_packages(colcon_meta) check parameters
[3.280s] Level 1:colcon.colcon_core.package_discovery:discover_packages(recursive) check parameters
[3.281s] Level 1:colcon.colcon_core.package_discovery:discover_packages(ignore) check parameters
[3.281s] Level 1:colcon.colcon_core.package_discovery:discover_packages(path) check parameters
[3.281s] Level 1:colcon.colcon_core.package_discovery:discover_packages(colcon_meta) discover
[3.282s] Level 1:colcon.colcon_core.package_discovery:discover_packages(recursive) discover
[3.283s] INFO:colcon.colcon_core.package_discovery:Crawling recursively for packages in '/home/andinm/d2lros2/chapt3/chapt3_ws'
[3.284s] Level 1:colcon.colcon_core.package_identification:_identify(.) by extensions ['ignore', 'ignore_ament_install']
[3.285s] Level 1:colcon.colcon_core.package_identification:_identify(.) by extension 'ignore'
[3.286s] Level 1:colcon.colcon_core.package_identification:_identify(.) by extension 'ignore_ament_install'
[3.287s] Level 1:colcon.colcon_core.package_identification:_identify(.) by extensions ['colcon_pkg']
[3.288s] Level 1:colcon.colcon_core.package_identification:_identify(.) by extension 'colcon_pkg'
[3.288s] Level 1:colcon.colcon_core.package_identification:_identify(.) by extensions ['colcon_meta']
[3.289s] Level 1:colcon.colcon_core.package_identification:_identify(.) by extension 'colcon_meta'
[3.289s] Level 1:colcon.colcon_core.package_identification:_identify(.) by extensions ['ros']
[3.290s] Level 1:colcon.colcon_core.package_identification:_identify(.) by extension 'ros'
[3.390s] Level 1:colcon.colcon_core.package_identification:_identify(.) by extensions ['cmake', 'python']
[3.391s] Level 1:colcon.colcon_core.package_identification:_identify(.) by extension 'cmake'
[3.391s] Level 1:colcon.colcon_core.package_identification:_identify(.) by extension 'python'
[3.391s] Level 1:colcon.colcon_core.package_identification:_identify(.) by extensions ['python_setup_py']
[3.392s] Level 1:colcon.colcon_core.package_identification:_identify(.) by extension 'python_setup_py'
[3.393s] Level 1:colcon.colcon_core.package_identification:_identify(build) by extensions ['ignore', 'ignore_ament_install']
[3.394s] Level 1:colcon.colcon_core.package_identification:_identify(build) by extension 'ignore'
[3.394s] Level 1:colcon.colcon_core.package_identification:_identify(build) ignored
[3.395s] Level 1:colcon.colcon_core.package_identification:_identify(install) by extensions ['ignore', 'ignore_ament_install']
[3.396s] Level 1:colcon.colcon_core.package_identification:_identify(install) by extension 'ignore'
[3.396s] Level 1:colcon.colcon_core.package_identification:_identify(install) ignored
[3.398s] Level 1:colcon.colcon_core.package_identification:_identify(log) by extensions ['ignore', 'ignore_ament_install']
[3.398s] Level 1:colcon.colcon_core.package_identification:_identify(log) by extension 'ignore'
[3.398s] Level 1:colcon.colcon_core.package_identification:_identify(log) ignored
[3.399s] Level 1:colcon.colcon_core.package_identification:_identify(src) by extensions ['ignore', 'ignore_ament_install']
[3.400s] Level 1:colcon.colcon_core.package_identification:_identify(src) by extension 'ignore'
[3.400s] Level 1:colcon.colcon_core.package_identification:_identify(src) by extension 'ignore_ament_install'
[3.401s] Level 1:colcon.colcon_core.package_identification:_identify(src) by extensions ['colcon_pkg']
[3.402s] Level 1:colcon.colcon_core.package_identification:_identify(src) by extension 'colcon_pkg'
[3.402s] Level 1:colcon.colcon_core.package_identification:_identify(src) by extensions ['colcon_meta']
[3.403s] Level 1:colcon.colcon_core.package_identification:_identify(src) by extension 'colcon_meta'
[3.403s] Level 1:colcon.colcon_core.package_identification:_identify(src) by extensions ['ros']
[3.404s] Level 1:colcon.colcon_core.package_identification:_identify(src) by extension 'ros'
[3.405s] Level 1:colcon.colcon_core.package_identification:_identify(src) by extensions ['cmake', 'python']
[3.405s] Level 1:colcon.colcon_core.package_identification:_identify(src) by extension 'cmake'
[3.405s] Level 1:colcon.colcon_core.package_identification:_identify(src) by extension 'python'
[3.406s] Level 1:colcon.colcon_core.package_identification:_identify(src) by extensions ['python_setup_py']
[3.406s] Level 1:colcon.colcon_core.package_identification:_identify(src) by extension 'python_setup_py'
[3.406s] Level 1:colcon.colcon_core.package_identification:_identify(src/example_service_rclcpp) by extensions ['ignore', 'ignore_ament_install']
[3.407s] Level 1:colcon.colcon_core.package_identification:_identify(src/example_service_rclcpp) by extension 'ignore'
[3.407s] Level 1:colcon.colcon_core.package_identification:_identify(src/example_service_rclcpp) by extension 'ignore_ament_install'
[3.407s] Level 1:colcon.colcon_core.package_identification:_identify(src/example_service_rclcpp) by extensions ['colcon_pkg']
[3.408s] Level 1:colcon.colcon_core.package_identification:_identify(src/example_service_rclcpp) by extension 'colcon_pkg'
[3.408s] Level 1:colcon.colcon_core.package_identification:_identify(src/example_service_rclcpp) by extensions ['colcon_meta']
[3.408s] Level 1:colcon.colcon_core.package_identification:_identify(src/example_service_rclcpp) by extension 'colcon_meta'
[3.409s] Level 1:colcon.colcon_core.package_identification:_identify(src/example_service_rclcpp) by extensions ['ros']
[3.410s] Level 1:colcon.colcon_core.package_identification:_identify(src/example_service_rclcpp) by extension 'ros'
[3.427s] DEBUG:colcon.colcon_core.package_identification:Package 'src/example_service_rclcpp' with type 'ros.ament_cmake' and name 'example_service_rclcpp'
[3.429s] Level 1:colcon.colcon_core.package_identification:_identify(src/example_service_rclpy) by extensions ['ignore', 'ignore_ament_install']
[3.430s] Level 1:colcon.colcon_core.package_identification:_identify(src/example_service_rclpy) by extension 'ignore'
[3.430s] Level 1:colcon.colcon_core.package_identification:_identify(src/example_service_rclpy) by extension 'ignore_ament_install'
[3.431s] Level 1:colcon.colcon_core.package_identification:_identify(src/example_service_rclpy) by extensions ['colcon_pkg']
[3.431s] Level 1:colcon.colcon_core.package_identification:_identify(src/example_service_rclpy) by extension 'colcon_pkg'
[3.434s] Level 1:colcon.colcon_core.package_identification:_identify(src/example_service_rclpy) by extensions ['colcon_meta']
[3.434s] Level 1:colcon.colcon_core.package_identification:_identify(src/example_service_rclpy) by extension 'colcon_meta'
[3.434s] Level 1:colcon.colcon_core.package_identification:_identify(src/example_service_rclpy) by extensions ['ros']
[3.435s] Level 1:colcon.colcon_core.package_identification:_identify(src/example_service_rclpy) by extension 'ros'
[3.440s] DEBUG:colcon.colcon_core.package_identification:Package 'src/example_service_rclpy' with type 'ros.ament_python' and name 'example_service_rclpy'
[3.442s] Level 1:colcon.colcon_core.package_identification:_identify(src/example_topic_rclcpp) by extensions ['ignore', 'ignore_ament_install']
[3.442s] Level 1:colcon.colcon_core.package_identification:_identify(src/example_topic_rclcpp) by extension 'ignore'
[3.443s] Level 1:colcon.colcon_core.package_identification:_identify(src/example_topic_rclcpp) by extension 'ignore_ament_install'
[3.444s] Level 1:colcon.colcon_core.package_identification:_identify(src/example_topic_rclcpp) by extensions ['colcon_pkg']
[3.444s] Level 1:colcon.colcon_core.package_identification:_identify(src/example_topic_rclcpp) by extension 'colcon_pkg'
[3.444s] Level 1:colcon.colcon_core.package_identification:_identify(src/example_topic_rclcpp) by extensions ['colcon_meta']
[3.445s] Level 1:colcon.colcon_core.package_identification:_identify(src/example_topic_rclcpp) by extension 'colcon_meta'
[3.446s] Level 1:colcon.colcon_core.package_identification:_identify(src/example_topic_rclcpp) by extensions ['ros']
[3.447s] Level 1:colcon.colcon_core.package_identification:_identify(src/example_topic_rclcpp) by extension 'ros'
[3.453s] DEBUG:colcon.colcon_core.package_identification:Package 'src/example_topic_rclcpp' with type 'ros.ament_cmake' and name 'example_topic_rclcpp'
[3.455s] Level 1:colcon.colcon_core.package_identification:_identify(src/example_topic_rclpy) by extensions ['ignore', 'ignore_ament_install']
[3.455s] Level 1:colcon.colcon_core.package_identification:_identify(src/example_topic_rclpy) by extension 'ignore'
[3.455s] Level 1:colcon.colcon_core.package_identification:_identify(src/example_topic_rclpy) by extension 'ignore_ament_install'
[3.456s] Level 1:colcon.colcon_core.package_identification:_identify(src/example_topic_rclpy) by extensions ['colcon_pkg']
[3.456s] Level 1:colcon.colcon_core.package_identification:_identify(src/example_topic_rclpy) by extension 'colcon_pkg'
[3.456s] Level 1:colcon.colcon_core.package_identification:_identify(src/example_topic_rclpy) by extensions ['colcon_meta']
[3.456s] Level 1:colcon.colcon_core.package_identification:_identify(src/example_topic_rclpy) by extension 'colcon_meta'
[3.458s] Level 1:colcon.colcon_core.package_identification:_identify(src/example_topic_rclpy) by extensions ['ros']
[3.459s] Level 1:colcon.colcon_core.package_identification:_identify(src/example_topic_rclpy) by extension 'ros'
[3.465s] DEBUG:colcon.colcon_core.package_identification:Package 'src/example_topic_rclpy' with type 'ros.ament_python' and name 'example_topic_rclpy'
[3.466s] Level 1:colcon.colcon_core.package_discovery:discover_packages(recursive) using defaults
[3.467s] Level 1:colcon.colcon_core.package_discovery:discover_packages(ignore) discover
[3.468s] Level 1:colcon.colcon_core.package_discovery:discover_packages(ignore) using defaults
[3.468s] Level 1:colcon.colcon_core.package_discovery:discover_packages(path) discover
[3.468s] Level 1:colcon.colcon_core.package_discovery:discover_packages(path) using defaults
[3.636s] INFO:colcon.colcon_core.package_selection:Skipping not selected package 'example_service_rclpy' in 'src/example_service_rclpy'
[3.636s] INFO:colcon.colcon_core.package_selection:Skipping not selected package 'example_topic_rclcpp' in 'src/example_topic_rclcpp'
[3.637s] INFO:colcon.colcon_core.package_selection:Skipping not selected package 'example_topic_rclpy' in 'src/example_topic_rclpy'
[3.640s] Level 1:colcon.colcon_core.package_discovery:discover_packages(prefix_path) check parameters
[3.641s] Level 1:colcon.colcon_core.package_discovery:discover_packages(prefix_path) discover
[3.663s] DEBUG:colcon.colcon_installed_package_information.package_discovery:Found 4 installed packages in /home/andinm/d2lros2/chapt3/chapt3_ws/install
[3.694s] DEBUG:colcon.colcon_installed_package_information.package_discovery:Found 272 installed packages in /opt/ros/humble
[3.742s] Level 1:colcon.colcon_core.package_discovery:discover_packages(prefix_path) using defaults
[4.096s] Level 5:colcon.colcon_core.verb:set package 'example_service_rclcpp' build argument 'cmake_args' from command line to 'None'
[4.097s] Level 5:colcon.colcon_core.verb:set package 'example_service_rclcpp' build argument 'cmake_target' from command line to 'None'
[4.097s] Level 5:colcon.colcon_core.verb:set package 'example_service_rclcpp' build argument 'cmake_target_skip_unavailable' from command line to 'False'
[4.097s] Level 5:colcon.colcon_core.verb:set package 'example_service_rclcpp' build argument 'cmake_clean_cache' from command line to 'False'
[4.098s] Level 5:colcon.colcon_core.verb:set package 'example_service_rclcpp' build argument 'cmake_clean_first' from command line to 'False'
[4.099s] Level 5:colcon.colcon_core.verb:set package 'example_service_rclcpp' build argument 'cmake_force_configure' from command line to 'False'
[4.099s] Level 5:colcon.colcon_core.verb:set package 'example_service_rclcpp' build argument 'ament_cmake_args' from command line to 'None'
[4.100s] Level 5:colcon.colcon_core.verb:set package 'example_service_rclcpp' build argument 'catkin_cmake_args' from command line to 'None'
[4.100s] Level 5:colcon.colcon_core.verb:set package 'example_service_rclcpp' build argument 'catkin_skip_building_tests' from command line to 'False'
[4.100s] DEBUG:colcon.colcon_core.verb:Building package 'example_service_rclcpp' with the following arguments: {'ament_cmake_args': None, 'build_base': '/home/andinm/d2lros2/chapt3/chapt3_ws/build/example_service_rclcpp', 'catkin_cmake_args': None, 'catkin_skip_building_tests': False, 'cmake_args': None, 'cmake_clean_cache': False, 'cmake_clean_first': False, 'cmake_force_configure': False, 'cmake_target': None, 'cmake_target_skip_unavailable': False, 'install_base': '/home/andinm/d2lros2/chapt3/chapt3_ws/install/example_service_rclcpp', 'merge_install': False, 'path': '/home/andinm/d2lros2/chapt3/chapt3_ws/src/example_service_rclcpp', 'symlink_install': False, 'test_result_base': None}
[4.102s] INFO:colcon.colcon_core.executor:Executing jobs using 'parallel' executor
[4.114s] DEBUG:colcon.colcon_parallel_executor.executor.parallel:run_until_complete
[4.117s] INFO:colcon.colcon_ros.task.ament_cmake.build:Building ROS package in '/home/andinm/d2lros2/chapt3/chapt3_ws/src/example_service_rclcpp' with build type 'ament_cmake'
[4.118s] INFO:colcon.colcon_cmake.task.cmake.build:Building CMake package in '/home/andinm/d2lros2/chapt3/chapt3_ws/src/example_service_rclcpp'
[4.146s] INFO:colcon.colcon_core.plugin_system:Skipping extension 'colcon_core.shell.bat': Not used on non-Windows systems
[4.147s] INFO:colcon.colcon_core.shell:Skip shell extension 'powershell' for command environment: Not usable outside of PowerShell
[4.147s] DEBUG:colcon.colcon_core.shell:Skip shell extension 'dsv' for command environment
[4.296s] DEBUG:colcon.colcon_core.event_handler.log_command:Invoking command in '/home/andinm/d2lros2/chapt3/chapt3_ws/build/example_service_rclcpp': CMAKE_PREFIX_PATH=${CMAKE_PREFIX_PATH}:/home/andinm/d2lros2/chapt3/chapt3_ws/install/example_topic_rclpy:/home/andinm/d2lros2/chapt3/chapt3_ws/install/example_service_rclpy:/opt/ros/humble /usr/bin/cmake --build /home/andinm/d2lros2/chapt3/chapt3_ws/build/example_service_rclcpp -- -j12 -l12
[5.802s] DEBUG:colcon.colcon_core.event_handler.log_command:Invoked command in '/home/andinm/d2lros2/chapt3/chapt3_ws/build/example_service_rclcpp' returned '0': CMAKE_PREFIX_PATH=${CMAKE_PREFIX_PATH}:/home/andinm/d2lros2/chapt3/chapt3_ws/install/example_topic_rclpy:/home/andinm/d2lros2/chapt3/chapt3_ws/install/example_service_rclpy:/opt/ros/humble /usr/bin/cmake --build /home/andinm/d2lros2/chapt3/chapt3_ws/build/example_service_rclcpp -- -j12 -l12
[5.959s] DEBUG:colcon.colcon_core.event_handler.log_command:Invoking command in '/home/andinm/d2lros2/chapt3/chapt3_ws/build/example_service_rclcpp': CMAKE_PREFIX_PATH=${CMAKE_PREFIX_PATH}:/home/andinm/d2lros2/chapt3/chapt3_ws/install/example_topic_rclpy:/home/andinm/d2lros2/chapt3/chapt3_ws/install/example_service_rclpy:/opt/ros/humble /usr/bin/cmake --install /home/andinm/d2lros2/chapt3/chapt3_ws/build/example_service_rclcpp
[6.165s] Level 1:colcon.colcon_core.environment:create_environment_scripts_only(example_service_rclcpp)
[6.173s] DEBUG:colcon.colcon_core.event_handler.log_command:Invoked command in '/home/andinm/d2lros2/chapt3/chapt3_ws/build/example_service_rclcpp' returned '0': CMAKE_PREFIX_PATH=${CMAKE_PREFIX_PATH}:/home/andinm/d2lros2/chapt3/chapt3_ws/install/example_topic_rclpy:/home/andinm/d2lros2/chapt3/chapt3_ws/install/example_service_rclpy:/opt/ros/humble /usr/bin/cmake --install /home/andinm/d2lros2/chapt3/chapt3_ws/build/example_service_rclcpp
[6.199s] Level 1:colcon.colcon_core.environment:checking '/home/andinm/d2lros2/chapt3/chapt3_ws/install/example_service_rclcpp' for CMake module files
[6.203s] Level 1:colcon.colcon_core.environment:checking '/home/andinm/d2lros2/chapt3/chapt3_ws/install/example_service_rclcpp' for CMake config files
[6.209s] Level 1:colcon.colcon_core.environment:checking '/home/andinm/d2lros2/chapt3/chapt3_ws/install/example_service_rclcpp/lib'
[6.211s] Level 1:colcon.colcon_core.environment:checking '/home/andinm/d2lros2/chapt3/chapt3_ws/install/example_service_rclcpp/bin'
[6.212s] Level 1:colcon.colcon_core.environment:checking '/home/andinm/d2lros2/chapt3/chapt3_ws/install/example_service_rclcpp/lib/pkgconfig/example_service_rclcpp.pc'
[6.215s] Level 1:colcon.colcon_core.environment:checking '/home/andinm/d2lros2/chapt3/chapt3_ws/install/example_service_rclcpp/lib/python3.10/site-packages'
[6.217s] Level 1:colcon.colcon_core.environment:checking '/home/andinm/d2lros2/chapt3/chapt3_ws/install/example_service_rclcpp/bin'
[6.219s] INFO:colcon.colcon_core.shell:Creating package script '/home/andinm/d2lros2/chapt3/chapt3_ws/install/example_service_rclcpp/share/example_service_rclcpp/package.ps1'
[6.225s] INFO:colcon.colcon_core.shell:Creating package descriptor '/home/andinm/d2lros2/chapt3/chapt3_ws/install/example_service_rclcpp/share/example_service_rclcpp/package.dsv'
[6.231s] INFO:colcon.colcon_core.shell:Creating package script '/home/andinm/d2lros2/chapt3/chapt3_ws/install/example_service_rclcpp/share/example_service_rclcpp/package.sh'
[6.237s] INFO:colcon.colcon_core.shell:Creating package script '/home/andinm/d2lros2/chapt3/chapt3_ws/install/example_service_rclcpp/share/example_service_rclcpp/package.bash'
[6.243s] INFO:colcon.colcon_core.shell:Creating package script '/home/andinm/d2lros2/chapt3/chapt3_ws/install/example_service_rclcpp/share/example_service_rclcpp/package.zsh'
[6.250s] Level 1:colcon.colcon_core.environment:create_file_with_runtime_dependencies(/home/andinm/d2lros2/chapt3/chapt3_ws/install/example_service_rclcpp/share/colcon-core/packages/example_service_rclcpp)
[6.256s] Level 1:colcon.colcon_core.environment:create_environment_scripts_only(example_service_rclcpp)
[6.258s] Level 1:colcon.colcon_core.environment:checking '/home/andinm/d2lros2/chapt3/chapt3_ws/install/example_service_rclcpp' for CMake module files
[6.263s] Level 1:colcon.colcon_core.environment:checking '/home/andinm/d2lros2/chapt3/chapt3_ws/install/example_service_rclcpp' for CMake config files
[6.271s] Level 1:colcon.colcon_core.environment:checking '/home/andinm/d2lros2/chapt3/chapt3_ws/install/example_service_rclcpp/lib'
[6.272s] Level 1:colcon.colcon_core.environment:checking '/home/andinm/d2lros2/chapt3/chapt3_ws/install/example_service_rclcpp/bin'
[6.274s] Level 1:colcon.colcon_core.environment:checking '/home/andinm/d2lros2/chapt3/chapt3_ws/install/example_service_rclcpp/lib/pkgconfig/example_service_rclcpp.pc'
[6.274s] Level 1:colcon.colcon_core.environment:checking '/home/andinm/d2lros2/chapt3/chapt3_ws/install/example_service_rclcpp/lib/python3.10/site-packages'
[6.277s] Level 1:colcon.colcon_core.environment:checking '/home/andinm/d2lros2/chapt3/chapt3_ws/install/example_service_rclcpp/bin'
[6.279s] INFO:colcon.colcon_core.shell:Creating package script '/home/andinm/d2lros2/chapt3/chapt3_ws/install/example_service_rclcpp/share/example_service_rclcpp/package.ps1'
[6.290s] INFO:colcon.colcon_core.shell:Creating package descriptor '/home/andinm/d2lros2/chapt3/chapt3_ws/install/example_service_rclcpp/share/example_service_rclcpp/package.dsv'
[6.294s] INFO:colcon.colcon_core.shell:Creating package script '/home/andinm/d2lros2/chapt3/chapt3_ws/install/example_service_rclcpp/share/example_service_rclcpp/package.sh'
[6.299s] INFO:colcon.colcon_core.shell:Creating package script '/home/andinm/d2lros2/chapt3/chapt3_ws/install/example_service_rclcpp/share/example_service_rclcpp/package.bash'
[6.303s] INFO:colcon.colcon_core.shell:Creating package script '/home/andinm/d2lros2/chapt3/chapt3_ws/install/example_service_rclcpp/share/example_service_rclcpp/package.zsh'
[6.309s] Level 1:colcon.colcon_core.environment:create_file_with_runtime_dependencies(/home/andinm/d2lros2/chapt3/chapt3_ws/install/example_service_rclcpp/share/colcon-core/packages/example_service_rclcpp)
[6.316s] DEBUG:colcon.colcon_parallel_executor.executor.parallel:closing loop
[6.324s] DEBUG:colcon.colcon_parallel_executor.executor.parallel:loop closed
[6.326s] DEBUG:colcon.colcon_parallel_executor.executor.parallel:run_until_complete finished with '0'
[6.327s] DEBUG:colcon.colcon_core.event_reactor:joining thread
[6.384s] INFO:colcon.colcon_core.plugin_system:Skipping extension 'colcon_notification.desktop_notification.terminal_notifier': Not used on non-Darwin systems
[6.385s] INFO:colcon.colcon_core.plugin_system:Skipping extension 'colcon_notification.desktop_notification.win32': Not used on non-Windows systems
[6.386s] INFO:colcon.colcon_notification.desktop_notification:Sending desktop notification using 'notify2'
[6.535s] DEBUG:colcon.colcon_core.event_reactor:joined thread
[6.536s] INFO:colcon.colcon_core.shell:Creating prefix script '/home/andinm/d2lros2/chapt3/chapt3_ws/install/local_setup.ps1'
[6.545s] INFO:colcon.colcon_core.shell:Creating prefix util module '/home/andinm/d2lros2/chapt3/chapt3_ws/install/_local_setup_util_ps1.py'
[6.556s] INFO:colcon.colcon_core.shell:Creating prefix chain script '/home/andinm/d2lros2/chapt3/chapt3_ws/install/setup.ps1'
[6.569s] INFO:colcon.colcon_core.shell:Creating prefix script '/home/andinm/d2lros2/chapt3/chapt3_ws/install/local_setup.sh'
[6.577s] INFO:colcon.colcon_core.shell:Creating prefix util module '/home/andinm/d2lros2/chapt3/chapt3_ws/install/_local_setup_util_sh.py'
[6.581s] INFO:colcon.colcon_core.shell:Creating prefix chain script '/home/andinm/d2lros2/chapt3/chapt3_ws/install/setup.sh'
[6.592s] INFO:colcon.colcon_core.shell:Creating prefix script '/home/andinm/d2lros2/chapt3/chapt3_ws/install/local_setup.bash'
[6.597s] INFO:colcon.colcon_core.shell:Creating prefix chain script '/home/andinm/d2lros2/chapt3/chapt3_ws/install/setup.bash'
[6.608s] INFO:colcon.colcon_core.shell:Creating prefix script '/home/andinm/d2lros2/chapt3/chapt3_ws/install/local_setup.zsh'
[6.612s] INFO:colcon.colcon_core.shell:Creating prefix chain script '/home/andinm/d2lros2/chapt3/chapt3_ws/install/setup.zsh'
