[0.044s] Invoking command in '/home/andinm/d2lros2/chapt3/chapt3_ws/build/example_interfaces_rclcpp': CMAKE_PREFIX_PATH=/home/andinm/d2lros2/chapt3/chapt3_ws/install/example_ros2_interfaces:/home/andinm/d2lros2/chapt3/chapt3_ws/install/example_topic_rclcpp:/home/andinm/d2lros2/chapt3/chapt3_ws/install/example_service_rclcpp:/home/andinm/d2lros2/chapt3/chapt3_ws/install/example_interfaces_rclcpp:/home/andinm/d2lros2/chapt3/chapt3_ws/install/example_topic_rclpy:/home/andinm/d2lros2/chapt3/chapt3_ws/install/example_service_rclpy:/opt/ros/humble /usr/bin/cmake --build /home/andinm/d2lros2/chapt3/chapt3_ws/build/example_interfaces_rclcpp -- -j12 -l12
[0.226s] [35m[1mConsolidate compiler generated dependencies of target example_interfaces_robot_01[0m
[0.227s] [35m[1mConsolidate compiler generated dependencies of target example_interfaces_control_01[0m
[0.307s] [ 50%] Built target example_interfaces_control_01
[0.309s] [ 75%] [32mBuilding CXX object CMakeFiles/example_interfaces_robot_01.dir/src/example_interfaces_robot_01.cpp.o[0m
[21.264s] [100%] [32m[1mLinking CXX executable example_interfaces_robot_01[0m
[22.263s] [100%] Built target example_interfaces_robot_01
[22.315s] Invoked command in '/home/andinm/d2lros2/chapt3/chapt3_ws/build/example_interfaces_rclcpp' returned '0': CMAKE_PREFIX_PATH=/home/andinm/d2lros2/chapt3/chapt3_ws/install/example_ros2_interfaces:/home/andinm/d2lros2/chapt3/chapt3_ws/install/example_topic_rclcpp:/home/andinm/d2lros2/chapt3/chapt3_ws/install/example_service_rclcpp:/home/andinm/d2lros2/chapt3/chapt3_ws/install/example_interfaces_rclcpp:/home/andinm/d2lros2/chapt3/chapt3_ws/install/example_topic_rclpy:/home/andinm/d2lros2/chapt3/chapt3_ws/install/example_service_rclpy:/opt/ros/humble /usr/bin/cmake --build /home/andinm/d2lros2/chapt3/chapt3_ws/build/example_interfaces_rclcpp -- -j12 -l12
[22.321s] Invoking command in '/home/andinm/d2lros2/chapt3/chapt3_ws/build/example_interfaces_rclcpp': CMAKE_PREFIX_PATH=/home/andinm/d2lros2/chapt3/chapt3_ws/install/example_ros2_interfaces:/home/andinm/d2lros2/chapt3/chapt3_ws/install/example_topic_rclcpp:/home/andinm/d2lros2/chapt3/chapt3_ws/install/example_service_rclcpp:/home/andinm/d2lros2/chapt3/chapt3_ws/install/example_interfaces_rclcpp:/home/andinm/d2lros2/chapt3/chapt3_ws/install/example_topic_rclpy:/home/andinm/d2lros2/chapt3/chapt3_ws/install/example_service_rclpy:/opt/ros/humble /usr/bin/cmake --install /home/andinm/d2lros2/chapt3/chapt3_ws/build/example_interfaces_rclcpp
[22.366s] -- Install configuration: ""
[22.367s] -- Installing: /home/andinm/d2lros2/chapt3/chapt3_ws/install/example_interfaces_rclcpp/lib/example_interfaces_rclcpp/example_interfaces_robot_01
[22.375s] -- Set runtime path of "/home/andinm/d2lros2/chapt3/chapt3_ws/install/example_interfaces_rclcpp/lib/example_interfaces_rclcpp/example_interfaces_robot_01" to ""
[22.376s] -- Installing: /home/andinm/d2lros2/chapt3/chapt3_ws/install/example_interfaces_rclcpp/lib/example_interfaces_rclcpp/example_interfaces_control_01
[22.390s] -- Set runtime path of "/home/andinm/d2lros2/chapt3/chapt3_ws/install/example_interfaces_rclcpp/lib/example_interfaces_rclcpp/example_interfaces_control_01" to ""
[22.390s] -- Up-to-date: /home/andinm/d2lros2/chapt3/chapt3_ws/install/example_interfaces_rclcpp/share/ament_index/resource_index/package_run_dependencies/example_interfaces_rclcpp
[22.391s] -- Up-to-date: /home/andinm/d2lros2/chapt3/chapt3_ws/install/example_interfaces_rclcpp/share/ament_index/resource_index/parent_prefix_path/example_interfaces_rclcpp
[22.392s] -- Up-to-date: /home/andinm/d2lros2/chapt3/chapt3_ws/install/example_interfaces_rclcpp/share/example_interfaces_rclcpp/environment/ament_prefix_path.sh
[22.392s] -- Up-to-date: /home/andinm/d2lros2/chapt3/chapt3_ws/install/example_interfaces_rclcpp/share/example_interfaces_rclcpp/environment/ament_prefix_path.dsv
[22.392s] -- Up-to-date: /home/andinm/d2lros2/chapt3/chapt3_ws/install/example_interfaces_rclcpp/share/example_interfaces_rclcpp/environment/path.sh
[22.392s] -- Up-to-date: /home/andinm/d2lros2/chapt3/chapt3_ws/install/example_interfaces_rclcpp/share/example_interfaces_rclcpp/environment/path.dsv
[22.393s] -- Up-to-date: /home/andinm/d2lros2/chapt3/chapt3_ws/install/example_interfaces_rclcpp/share/example_interfaces_rclcpp/local_setup.bash
[22.393s] -- Up-to-date: /home/andinm/d2lros2/chapt3/chapt3_ws/install/example_interfaces_rclcpp/share/example_interfaces_rclcpp/local_setup.sh
[22.393s] -- Up-to-date: /home/andinm/d2lros2/chapt3/chapt3_ws/install/example_interfaces_rclcpp/share/example_interfaces_rclcpp/local_setup.zsh
[22.393s] -- Up-to-date: /home/andinm/d2lros2/chapt3/chapt3_ws/install/example_interfaces_rclcpp/share/example_interfaces_rclcpp/local_setup.dsv
[22.394s] -- Installing: /home/andinm/d2lros2/chapt3/chapt3_ws/install/example_interfaces_rclcpp/share/example_interfaces_rclcpp/package.dsv
[22.396s] -- Up-to-date: /home/andinm/d2lros2/chapt3/chapt3_ws/install/example_interfaces_rclcpp/share/ament_index/resource_index/packages/example_interfaces_rclcpp
[22.396s] -- Up-to-date: /home/andinm/d2lros2/chapt3/chapt3_ws/install/example_interfaces_rclcpp/share/example_interfaces_rclcpp/cmake/example_interfaces_rclcppConfig.cmake
[22.396s] -- Up-to-date: /home/andinm/d2lros2/chapt3/chapt3_ws/install/example_interfaces_rclcpp/share/example_interfaces_rclcpp/cmake/example_interfaces_rclcppConfig-version.cmake
[22.396s] -- Up-to-date: /home/andinm/d2lros2/chapt3/chapt3_ws/install/example_interfaces_rclcpp/share/example_interfaces_rclcpp/package.xml
[22.404s] Invoked command in '/home/andinm/d2lros2/chapt3/chapt3_ws/build/example_interfaces_rclcpp' returned '0': CMAKE_PREFIX_PATH=/home/andinm/d2lros2/chapt3/chapt3_ws/install/example_ros2_interfaces:/home/andinm/d2lros2/chapt3/chapt3_ws/install/example_topic_rclcpp:/home/andinm/d2lros2/chapt3/chapt3_ws/install/example_service_rclcpp:/home/andinm/d2lros2/chapt3/chapt3_ws/install/example_interfaces_rclcpp:/home/andinm/d2lros2/chapt3/chapt3_ws/install/example_topic_rclpy:/home/andinm/d2lros2/chapt3/chapt3_ws/install/example_service_rclpy:/opt/ros/humble /usr/bin/cmake --install /home/andinm/d2lros2/chapt3/chapt3_ws/build/example_interfaces_rclcpp
