[0.185s] Invoking command in '/home/andinm/d2lros2/chapt2/basic/chapt2_ws/build/example_cpp': CMAKE_PREFIX_PATH=${CMAKE_PREFIX_PATH}:/home/andinm/d2lros2/chapt2/basic/chapt2_ws/install/example_py:/opt/ros/humble /usr/bin/cmake --build /home/andinm/d2lros2/chapt2/basic/chapt2_ws/build/example_cpp -- -j12 -l12
[0.587s] -- Found ament_cmake: 1.3.12 (/opt/ros/humble/share/ament_cmake/cmake)
[2.048s] -- Found rclcpp: 16.0.17 (/opt/ros/humble/share/rclcpp/cmake)
[2.346s] -- Found rosidl_generator_c: 3.1.8 (/opt/ros/humble/share/rosidl_generator_c/cmake)
[2.367s] -- Found rosidl_adapter: 3.1.8 (/opt/ros/humble/share/rosidl_adapter/cmake)
[2.442s] -- Found rosidl_generator_cpp: 3.1.8 (/opt/ros/humble/share/rosidl_generator_cpp/cmake)
[2.576s] -- Using all available rosidl_typesupport_c: rosidl_typesupport_fastrtps_c;rosidl_typesupport_introspection_c
[2.748s] -- Using all available rosidl_typesupport_cpp: rosidl_typesupport_fastrtps_cpp;rosidl_typesupport_introspection_cpp
[3.145s] -- Found rmw_implementation_cmake: 6.1.2 (/opt/ros/humble/share/rmw_implementation_cmake/cmake)
[3.163s] -- Found rmw_fastrtps_cpp: 6.2.9 (/opt/ros/humble/share/rmw_fastrtps_cpp/cmake)
[4.275s] -- Using RMW implementation 'rmw_fastrtps_cpp' as default
[4.681s] -- Found ament_lint_auto: 0.12.14 (/opt/ros/humble/share/ament_lint_auto/cmake)
[5.353s] -- Added test 'cppcheck' to perform static code analysis on C / C++ code
[5.353s] -- Configured cppcheck include dirs: 
[5.354s] -- Configured cppcheck exclude dirs and/or files: 
[5.364s] -- Added test 'lint_cmake' to check CMake code style
[5.387s] -- Added test 'uncrustify' to check C / C++ code style
[5.387s] -- Configured uncrustify additional arguments: 
[5.390s] -- Added test 'xmllint' to check XML markup files
[5.403s] -- Configuring done
[5.622s] -- Generating done
[5.678s] -- Build files have been written to: /home/andinm/d2lros2/chapt2/basic/chapt2_ws/build/example_cpp
[6.195s] [35m[1mConsolidate compiler generated dependencies of target node_01[0m
[6.520s] [ 25%] [32mBuilding CXX object CMakeFiles/node_03.dir/src/node_03.cpp.o[0m
[6.781s] [ 75%] Built target node_01
[35.997s] [100%] [32m[1mLinking CXX executable node_03[0m
[37.783s] [100%] Built target node_03
[37.978s] Invoked command in '/home/andinm/d2lros2/chapt2/basic/chapt2_ws/build/example_cpp' returned '0': CMAKE_PREFIX_PATH=${CMAKE_PREFIX_PATH}:/home/andinm/d2lros2/chapt2/basic/chapt2_ws/install/example_py:/opt/ros/humble /usr/bin/cmake --build /home/andinm/d2lros2/chapt2/basic/chapt2_ws/build/example_cpp -- -j12 -l12
[38.157s] Invoking command in '/home/andinm/d2lros2/chapt2/basic/chapt2_ws/build/example_cpp': CMAKE_PREFIX_PATH=${CMAKE_PREFIX_PATH}:/home/andinm/d2lros2/chapt2/basic/chapt2_ws/install/example_py:/opt/ros/humble /usr/bin/cmake --install /home/andinm/d2lros2/chapt2/basic/chapt2_ws/build/example_cpp
[38.305s] -- Install configuration: ""
[38.308s] -- Up-to-date: /home/andinm/d2lros2/chapt2/basic/chapt2_ws/install/example_cpp/share/ament_index/resource_index/package_run_dependencies/example_cpp
[38.309s] -- Installing: /home/andinm/d2lros2/chapt2/basic/chapt2_ws/install/example_cpp/share/ament_index/resource_index/parent_prefix_path/example_cpp
[38.313s] -- Up-to-date: /home/andinm/d2lros2/chapt2/basic/chapt2_ws/install/example_cpp/share/example_cpp/environment/ament_prefix_path.sh
[38.316s] -- Installing: /home/andinm/d2lros2/chapt2/basic/chapt2_ws/install/example_cpp/share/example_cpp/environment/ament_prefix_path.dsv
[38.324s] -- Up-to-date: /home/andinm/d2lros2/chapt2/basic/chapt2_ws/install/example_cpp/share/example_cpp/environment/path.sh
[38.324s] -- Installing: /home/andinm/d2lros2/chapt2/basic/chapt2_ws/install/example_cpp/share/example_cpp/environment/path.dsv
[38.327s] -- Up-to-date: /home/andinm/d2lros2/chapt2/basic/chapt2_ws/install/example_cpp/share/example_cpp/local_setup.bash
[38.329s] -- Up-to-date: /home/andinm/d2lros2/chapt2/basic/chapt2_ws/install/example_cpp/share/example_cpp/local_setup.sh
[38.329s] -- Up-to-date: /home/andinm/d2lros2/chapt2/basic/chapt2_ws/install/example_cpp/share/example_cpp/local_setup.zsh
[38.330s] -- Installing: /home/andinm/d2lros2/chapt2/basic/chapt2_ws/install/example_cpp/share/example_cpp/local_setup.dsv
[38.333s] -- Installing: /home/andinm/d2lros2/chapt2/basic/chapt2_ws/install/example_cpp/share/example_cpp/package.dsv
[38.334s] -- Up-to-date: /home/andinm/d2lros2/chapt2/basic/chapt2_ws/install/example_cpp/share/ament_index/resource_index/packages/example_cpp
[38.335s] -- Up-to-date: /home/andinm/d2lros2/chapt2/basic/chapt2_ws/install/example_cpp/share/example_cpp/cmake/example_cppConfig.cmake
[38.337s] -- Up-to-date: /home/andinm/d2lros2/chapt2/basic/chapt2_ws/install/example_cpp/share/example_cpp/cmake/example_cppConfig-version.cmake
[38.337s] -- Up-to-date: /home/andinm/d2lros2/chapt2/basic/chapt2_ws/install/example_cpp/share/example_cpp/package.xml
[38.344s] -- Up-to-date: /home/andinm/d2lros2/chapt2/basic/chapt2_ws/install/example_cpp/lib/example_cpp/node_01
[38.349s] -- Installing: /home/andinm/d2lros2/chapt2/basic/chapt2_ws/install/example_cpp/lib/example_cpp/node_03
[38.363s] -- Set runtime path of "/home/andinm/d2lros2/chapt2/basic/chapt2_ws/install/example_cpp/lib/example_cpp/node_03" to ""
[38.382s] Invoked command in '/home/andinm/d2lros2/chapt2/basic/chapt2_ws/build/example_cpp' returned '0': CMAKE_PREFIX_PATH=${CMAKE_PREFIX_PATH}:/home/andinm/d2lros2/chapt2/basic/chapt2_ws/install/example_py:/opt/ros/humble /usr/bin/cmake --install /home/andinm/d2lros2/chapt2/basic/chapt2_ws/build/example_cpp
