[0.082s] Invoking command in '/home/andinm/d2lros2/chapt3/chapt3_ws/build/example_ros2_interfaces': CMAKE_PREFIX_PATH=/opt/ros/humble /usr/bin/cmake /home/andinm/d2lros2/chapt3/chapt3_ws/src/example_ros2_interfaces -DCMAKE_INSTALL_PREFIX=/home/andinm/d2lros2/chapt3/chapt3_ws/install/example_ros2_interfaces
[0.756s] -- The C compiler identification is GNU 11.4.0
[1.197s] -- The CXX compiler identification is GNU 11.4.0
[1.264s] -- Detecting C compiler ABI info
[1.590s] -- Detecting C compiler ABI info - done
[1.619s] -- Check for working C compiler: /usr/bin/cc - skipped
[1.622s] -- Detecting C compile features
[1.628s] -- Detecting C compile features - done
[1.646s] -- Detecting CXX compiler ABI info
[2.130s] -- Detecting CXX compiler ABI info - done
[2.164s] -- Check for working CXX compiler: /usr/bin/c++ - skipped
[2.165s] -- Detecting CXX compile features
[2.166s] -- Detecting CXX compile features - done
[2.203s] -- Found ament_cmake: 1.3.12 (/opt/ros/humble/share/ament_cmake/cmake)
[2.900s] -- Found Python3: /usr/bin/python3 (found version "3.10.12") found components: Interpreter 
[3.338s] -- Found rosidl_default_generators: 1.2.0 (/opt/ros/humble/share/rosidl_default_generators/cmake)
[3.359s] -- Using all available rosidl_typesupport_c: rosidl_typesupport_fastrtps_c;rosidl_typesupport_introspection_c
[3.420s] -- Found rosidl_adapter: 3.1.8 (/opt/ros/humble/share/rosidl_adapter/cmake)
[3.641s] -- Using all available rosidl_typesupport_cpp: rosidl_typesupport_fastrtps_cpp;rosidl_typesupport_introspection_cpp
[3.775s] -- Found geometry_msgs: 4.9.0 (/opt/ros/humble/share/geometry_msgs/cmake)
[4.003s] -- Found ament_lint_auto: 0.12.14 (/opt/ros/humble/share/ament_lint_auto/cmake)
[4.269s] -- Added test 'lint_cmake' to check CMake code style
[4.275s] -- Added test 'xmllint' to check XML markup files
[4.279s] [31mCMake Error at /opt/ros/humble/share/rosidl_cmake/cmake/rosidl_generate_interfaces.cmake:64 (message):
[4.279s]   rosidl_generate_interfaces() must be called before ament_package()
[4.279s] Call Stack (most recent call first):
[4.279s]   CMakeLists.txt:28 (rosidl_generate_interfaces)
[4.280s] 
[4.282s] [0m
[4.284s] -- Configuring incomplete, errors occurred!
[4.284s] See also "/home/andinm/d2lros2/chapt3/chapt3_ws/build/example_ros2_interfaces/CMakeFiles/CMakeOutput.log".
[4.312s] Invoked command in '/home/andinm/d2lros2/chapt3/chapt3_ws/build/example_ros2_interfaces' returned '1': CMAKE_PREFIX_PATH=/opt/ros/humble /usr/bin/cmake /home/andinm/d2lros2/chapt3/chapt3_ws/src/example_ros2_interfaces -DCMAKE_INSTALL_PREFIX=/home/andinm/d2lros2/chapt3/chapt3_ws/install/example_ros2_interfaces
