[0.077s] Invoking command in '/home/andinm/d2lros2/chapt3/chapt3_ws/build/example_ros2_interfaces': CMAKE_PREFIX_PATH=${CMAKE_PREFIX_PATH}:/home/andinm/d2lros2/chapt3/chapt3_ws/install/example_topic_rclpy:/home/andinm/d2lros2/chapt3/chapt3_ws/install/example_service_rclpy:/opt/ros/humble /usr/bin/cmake --build /home/andinm/d2lros2/chapt3/chapt3_ws/build/example_ros2_interfaces -- -j12 -l12
[0.424s] [  2%] Built target example_ros2_interfaces__cpp
[0.465s] [ 12%] Built target example_ros2_interfaces__rosidl_generator_c
[0.468s] [ 12%] Built target ament_cmake_python_copy_example_ros2_interfaces
[0.553s] [ 23%] Built target example_ros2_interfaces__rosidl_typesupport_cpp
[0.553s] [ 34%] Built target example_ros2_interfaces__rosidl_typesupport_introspection_cpp
[0.571s] [ 44%] Built target example_ros2_interfaces__rosidl_typesupport_fastrtps_cpp
[0.583s] [ 55%] Built target example_ros2_interfaces__rosidl_typesupport_introspection_c
[0.589s] [ 65%] Built target example_ros2_interfaces__rosidl_typesupport_c
[0.593s] [ 76%] Built target example_ros2_interfaces__rosidl_typesupport_fastrtps_c
[0.697s] [ 76%] Built target example_ros2_interfaces
[0.818s] [ 78%] Built target example_ros2_interfaces__py
[0.941s] [ 87%] Built target example_ros2_interfaces__rosidl_generator_py
[1.055s] [ 91%] Built target example_ros2_interfaces__rosidl_typesupport_c__pyext
[1.056s] [ 95%] Built target example_ros2_interfaces__rosidl_typesupport_fastrtps_c__pyext
[1.057s] [100%] Built target example_ros2_interfaces__rosidl_typesupport_introspection_c__pyext
[1.333s] running egg_info
[1.337s] writing example_ros2_interfaces.egg-info/PKG-INFO
[1.337s] writing dependency_links to example_ros2_interfaces.egg-info/dependency_links.txt
[1.339s] writing top-level names to example_ros2_interfaces.egg-info/top_level.txt
[1.354s] reading manifest file 'example_ros2_interfaces.egg-info/SOURCES.txt'
[1.360s] writing manifest file 'example_ros2_interfaces.egg-info/SOURCES.txt'
[1.460s] [100%] Built target ament_cmake_python_build_example_ros2_interfaces_egg
[1.511s] Invoked command in '/home/andinm/d2lros2/chapt3/chapt3_ws/build/example_ros2_interfaces' returned '0': CMAKE_PREFIX_PATH=${CMAKE_PREFIX_PATH}:/home/andinm/d2lros2/chapt3/chapt3_ws/install/example_topic_rclpy:/home/andinm/d2lros2/chapt3/chapt3_ws/install/example_service_rclpy:/opt/ros/humble /usr/bin/cmake --build /home/andinm/d2lros2/chapt3/chapt3_ws/build/example_ros2_interfaces -- -j12 -l12
[1.554s] Invoking command in '/home/andinm/d2lros2/chapt3/chapt3_ws/build/example_ros2_interfaces': CMAKE_PREFIX_PATH=${CMAKE_PREFIX_PATH}:/home/andinm/d2lros2/chapt3/chapt3_ws/install/example_topic_rclpy:/home/andinm/d2lros2/chapt3/chapt3_ws/install/example_service_rclpy:/opt/ros/humble /usr/bin/cmake --install /home/andinm/d2lros2/chapt3/chapt3_ws/build/example_ros2_interfaces
[1.596s] -- Install configuration: ""
[1.600s] -- Up-to-date: /home/andinm/d2lros2/chapt3/chapt3_ws/install/example_ros2_interfaces/share/ament_index/resource_index/rosidl_interfaces/example_ros2_interfaces
[1.601s] -- Up-to-date: /home/andinm/d2lros2/chapt3/chapt3_ws/install/example_ros2_interfaces/include/example_ros2_interfaces/example_ros2_interfaces
[1.601s] -- Up-to-date: /home/andinm/d2lros2/chapt3/chapt3_ws/install/example_ros2_interfaces/include/example_ros2_interfaces/example_ros2_interfaces/msg
[1.601s] -- Up-to-date: /home/andinm/d2lros2/chapt3/chapt3_ws/install/example_ros2_interfaces/include/example_ros2_interfaces/example_ros2_interfaces/msg/detail
[1.602s] -- Up-to-date: /home/andinm/d2lros2/chapt3/chapt3_ws/install/example_ros2_interfaces/include/example_ros2_interfaces/example_ros2_interfaces/msg/detail/robot_pose__functions.h
[1.602s] -- Up-to-date: /home/andinm/d2lros2/chapt3/chapt3_ws/install/example_ros2_interfaces/include/example_ros2_interfaces/example_ros2_interfaces/msg/detail/robot_status__struct.h
[1.602s] -- Up-to-date: /home/andinm/d2lros2/chapt3/chapt3_ws/install/example_ros2_interfaces/include/example_ros2_interfaces/example_ros2_interfaces/msg/detail/robot_pose__type_support.h
[1.603s] -- Up-to-date: /home/andinm/d2lros2/chapt3/chapt3_ws/install/example_ros2_interfaces/include/example_ros2_interfaces/example_ros2_interfaces/msg/detail/robot_pose__struct.h
[1.603s] -- Up-to-date: /home/andinm/d2lros2/chapt3/chapt3_ws/install/example_ros2_interfaces/include/example_ros2_interfaces/example_ros2_interfaces/msg/detail/robot_status__functions.h
[1.604s] -- Up-to-date: /home/andinm/d2lros2/chapt3/chapt3_ws/install/example_ros2_interfaces/include/example_ros2_interfaces/example_ros2_interfaces/msg/detail/robot_pose__functions.c
[1.604s] -- Up-to-date: /home/andinm/d2lros2/chapt3/chapt3_ws/install/example_ros2_interfaces/include/example_ros2_interfaces/example_ros2_interfaces/msg/detail/robot_status__type_support.h
[1.604s] -- Up-to-date: /home/andinm/d2lros2/chapt3/chapt3_ws/install/example_ros2_interfaces/include/example_ros2_interfaces/example_ros2_interfaces/msg/detail/robot_status__functions.c
[1.604s] -- Up-to-date: /home/andinm/d2lros2/chapt3/chapt3_ws/install/example_ros2_interfaces/include/example_ros2_interfaces/example_ros2_interfaces/msg/robot_status.h
[1.605s] -- Up-to-date: /home/andinm/d2lros2/chapt3/chapt3_ws/install/example_ros2_interfaces/include/example_ros2_interfaces/example_ros2_interfaces/msg/rosidl_generator_c__visibility_control.h
[1.606s] -- Up-to-date: /home/andinm/d2lros2/chapt3/chapt3_ws/install/example_ros2_interfaces/include/example_ros2_interfaces/example_ros2_interfaces/msg/robot_pose.h
[1.606s] -- Up-to-date: /home/andinm/d2lros2/chapt3/chapt3_ws/install/example_ros2_interfaces/include/example_ros2_interfaces/example_ros2_interfaces/srv
[1.606s] -- Up-to-date: /home/andinm/d2lros2/chapt3/chapt3_ws/install/example_ros2_interfaces/include/example_ros2_interfaces/example_ros2_interfaces/srv/detail
[1.606s] -- Up-to-date: /home/andinm/d2lros2/chapt3/chapt3_ws/install/example_ros2_interfaces/include/example_ros2_interfaces/example_ros2_interfaces/srv/detail/move_robot__functions.h
[1.608s] -- Up-to-date: /home/andinm/d2lros2/chapt3/chapt3_ws/install/example_ros2_interfaces/include/example_ros2_interfaces/example_ros2_interfaces/srv/detail/move_robot__struct.h
[1.608s] -- Up-to-date: /home/andinm/d2lros2/chapt3/chapt3_ws/install/example_ros2_interfaces/include/example_ros2_interfaces/example_ros2_interfaces/srv/detail/move_robot__functions.c
[1.608s] -- Up-to-date: /home/andinm/d2lros2/chapt3/chapt3_ws/install/example_ros2_interfaces/include/example_ros2_interfaces/example_ros2_interfaces/srv/detail/move_robot__type_support.h
[1.608s] -- Up-to-date: /home/andinm/d2lros2/chapt3/chapt3_ws/install/example_ros2_interfaces/include/example_ros2_interfaces/example_ros2_interfaces/srv/move_robot.h
[1.609s] -- Up-to-date: /home/andinm/d2lros2/chapt3/chapt3_ws/install/example_ros2_interfaces/share/example_ros2_interfaces/environment/library_path.sh
[1.609s] -- Up-to-date: /home/andinm/d2lros2/chapt3/chapt3_ws/install/example_ros2_interfaces/share/example_ros2_interfaces/environment/library_path.dsv
[1.613s] -- Up-to-date: /home/andinm/d2lros2/chapt3/chapt3_ws/install/example_ros2_interfaces/lib/libexample_ros2_interfaces__rosidl_generator_c.so
[1.613s] -- Up-to-date: /home/andinm/d2lros2/chapt3/chapt3_ws/install/example_ros2_interfaces/include/example_ros2_interfaces/example_ros2_interfaces
[1.615s] -- Up-to-date: /home/andinm/d2lros2/chapt3/chapt3_ws/install/example_ros2_interfaces/include/example_ros2_interfaces/example_ros2_interfaces/msg
[1.616s] -- Up-to-date: /home/andinm/d2lros2/chapt3/chapt3_ws/install/example_ros2_interfaces/include/example_ros2_interfaces/example_ros2_interfaces/msg/rosidl_typesupport_fastrtps_c__visibility_control.h
[1.616s] -- Up-to-date: /home/andinm/d2lros2/chapt3/chapt3_ws/install/example_ros2_interfaces/include/example_ros2_interfaces/example_ros2_interfaces/msg/detail
[1.616s] -- Up-to-date: /home/andinm/d2lros2/chapt3/chapt3_ws/install/example_ros2_interfaces/include/example_ros2_interfaces/example_ros2_interfaces/msg/detail/robot_status__rosidl_typesupport_fastrtps_c.h
[1.616s] -- Up-to-date: /home/andinm/d2lros2/chapt3/chapt3_ws/install/example_ros2_interfaces/include/example_ros2_interfaces/example_ros2_interfaces/msg/detail/robot_pose__rosidl_typesupport_fastrtps_c.h
[1.617s] -- Up-to-date: /home/andinm/d2lros2/chapt3/chapt3_ws/install/example_ros2_interfaces/include/example_ros2_interfaces/example_ros2_interfaces/srv
[1.617s] -- Up-to-date: /home/andinm/d2lros2/chapt3/chapt3_ws/install/example_ros2_interfaces/include/example_ros2_interfaces/example_ros2_interfaces/srv/detail
[1.617s] -- Up-to-date: /home/andinm/d2lros2/chapt3/chapt3_ws/install/example_ros2_interfaces/include/example_ros2_interfaces/example_ros2_interfaces/srv/detail/move_robot__rosidl_typesupport_fastrtps_c.h
[1.620s] -- Up-to-date: /home/andinm/d2lros2/chapt3/chapt3_ws/install/example_ros2_interfaces/lib/libexample_ros2_interfaces__rosidl_typesupport_fastrtps_c.so
[1.621s] -- Up-to-date: /home/andinm/d2lros2/chapt3/chapt3_ws/install/example_ros2_interfaces/include/example_ros2_interfaces/example_ros2_interfaces
[1.621s] -- Up-to-date: /home/andinm/d2lros2/chapt3/chapt3_ws/install/example_ros2_interfaces/include/example_ros2_interfaces/example_ros2_interfaces/msg
[1.622s] -- Up-to-date: /home/andinm/d2lros2/chapt3/chapt3_ws/install/example_ros2_interfaces/include/example_ros2_interfaces/example_ros2_interfaces/msg/rosidl_typesupport_introspection_c__visibility_control.h
[1.622s] -- Up-to-date: /home/andinm/d2lros2/chapt3/chapt3_ws/install/example_ros2_interfaces/include/example_ros2_interfaces/example_ros2_interfaces/msg/detail
[1.622s] -- Up-to-date: /home/andinm/d2lros2/chapt3/chapt3_ws/install/example_ros2_interfaces/include/example_ros2_interfaces/example_ros2_interfaces/msg/detail/robot_status__rosidl_typesupport_introspection_c.h
[1.623s] -- Up-to-date: /home/andinm/d2lros2/chapt3/chapt3_ws/install/example_ros2_interfaces/include/example_ros2_interfaces/example_ros2_interfaces/msg/detail/robot_pose__type_support.c
[1.624s] -- Up-to-date: /home/andinm/d2lros2/chapt3/chapt3_ws/install/example_ros2_interfaces/include/example_ros2_interfaces/example_ros2_interfaces/msg/detail/robot_pose__rosidl_typesupport_introspection_c.h
[1.625s] -- Up-to-date: /home/andinm/d2lros2/chapt3/chapt3_ws/install/example_ros2_interfaces/include/example_ros2_interfaces/example_ros2_interfaces/msg/detail/robot_status__type_support.c
[1.625s] -- Up-to-date: /home/andinm/d2lros2/chapt3/chapt3_ws/install/example_ros2_interfaces/include/example_ros2_interfaces/example_ros2_interfaces/srv
[1.625s] -- Up-to-date: /home/andinm/d2lros2/chapt3/chapt3_ws/install/example_ros2_interfaces/include/example_ros2_interfaces/example_ros2_interfaces/srv/detail
[1.625s] -- Up-to-date: /home/andinm/d2lros2/chapt3/chapt3_ws/install/example_ros2_interfaces/include/example_ros2_interfaces/example_ros2_interfaces/srv/detail/move_robot__rosidl_typesupport_introspection_c.h
[1.626s] -- Up-to-date: /home/andinm/d2lros2/chapt3/chapt3_ws/install/example_ros2_interfaces/include/example_ros2_interfaces/example_ros2_interfaces/srv/detail/move_robot__type_support.c
[1.629s] -- Up-to-date: /home/andinm/d2lros2/chapt3/chapt3_ws/install/example_ros2_interfaces/lib/libexample_ros2_interfaces__rosidl_typesupport_introspection_c.so
[1.637s] -- Up-to-date: /home/andinm/d2lros2/chapt3/chapt3_ws/install/example_ros2_interfaces/lib/libexample_ros2_interfaces__rosidl_typesupport_c.so
[1.638s] -- Up-to-date: /home/andinm/d2lros2/chapt3/chapt3_ws/install/example_ros2_interfaces/include/example_ros2_interfaces/example_ros2_interfaces
[1.638s] -- Up-to-date: /home/andinm/d2lros2/chapt3/chapt3_ws/install/example_ros2_interfaces/include/example_ros2_interfaces/example_ros2_interfaces/msg
[1.638s] -- Up-to-date: /home/andinm/d2lros2/chapt3/chapt3_ws/install/example_ros2_interfaces/include/example_ros2_interfaces/example_ros2_interfaces/msg/rosidl_generator_cpp__visibility_control.hpp
[1.638s] -- Up-to-date: /home/andinm/d2lros2/chapt3/chapt3_ws/install/example_ros2_interfaces/include/example_ros2_interfaces/example_ros2_interfaces/msg/robot_status.hpp
[1.639s] -- Up-to-date: /home/andinm/d2lros2/chapt3/chapt3_ws/install/example_ros2_interfaces/include/example_ros2_interfaces/example_ros2_interfaces/msg/detail
[1.639s] -- Up-to-date: /home/andinm/d2lros2/chapt3/chapt3_ws/install/example_ros2_interfaces/include/example_ros2_interfaces/example_ros2_interfaces/msg/detail/robot_status__traits.hpp
[1.640s] -- Up-to-date: /home/andinm/d2lros2/chapt3/chapt3_ws/install/example_ros2_interfaces/include/example_ros2_interfaces/example_ros2_interfaces/msg/detail/robot_status__type_support.hpp
[1.640s] -- Up-to-date: /home/andinm/d2lros2/chapt3/chapt3_ws/install/example_ros2_interfaces/include/example_ros2_interfaces/example_ros2_interfaces/msg/detail/robot_status__builder.hpp
[1.640s] -- Up-to-date: /home/andinm/d2lros2/chapt3/chapt3_ws/install/example_ros2_interfaces/include/example_ros2_interfaces/example_ros2_interfaces/msg/detail/robot_pose__builder.hpp
[1.640s] -- Up-to-date: /home/andinm/d2lros2/chapt3/chapt3_ws/install/example_ros2_interfaces/include/example_ros2_interfaces/example_ros2_interfaces/msg/detail/robot_pose__struct.hpp
[1.641s] -- Up-to-date: /home/andinm/d2lros2/chapt3/chapt3_ws/install/example_ros2_interfaces/include/example_ros2_interfaces/example_ros2_interfaces/msg/detail/robot_status__struct.hpp
[1.641s] -- Up-to-date: /home/andinm/d2lros2/chapt3/chapt3_ws/install/example_ros2_interfaces/include/example_ros2_interfaces/example_ros2_interfaces/msg/detail/robot_pose__type_support.hpp
[1.641s] -- Up-to-date: /home/andinm/d2lros2/chapt3/chapt3_ws/install/example_ros2_interfaces/include/example_ros2_interfaces/example_ros2_interfaces/msg/detail/robot_pose__traits.hpp
[1.641s] -- Up-to-date: /home/andinm/d2lros2/chapt3/chapt3_ws/install/example_ros2_interfaces/include/example_ros2_interfaces/example_ros2_interfaces/msg/robot_pose.hpp
[1.641s] -- Up-to-date: /home/andinm/d2lros2/chapt3/chapt3_ws/install/example_ros2_interfaces/include/example_ros2_interfaces/example_ros2_interfaces/srv
[1.642s] -- Up-to-date: /home/andinm/d2lros2/chapt3/chapt3_ws/install/example_ros2_interfaces/include/example_ros2_interfaces/example_ros2_interfaces/srv/detail
[1.642s] -- Up-to-date: /home/andinm/d2lros2/chapt3/chapt3_ws/install/example_ros2_interfaces/include/example_ros2_interfaces/example_ros2_interfaces/srv/detail/move_robot__traits.hpp
[1.642s] -- Up-to-date: /home/andinm/d2lros2/chapt3/chapt3_ws/install/example_ros2_interfaces/include/example_ros2_interfaces/example_ros2_interfaces/srv/detail/move_robot__struct.hpp
[1.643s] -- Up-to-date: /home/andinm/d2lros2/chapt3/chapt3_ws/install/example_ros2_interfaces/include/example_ros2_interfaces/example_ros2_interfaces/srv/detail/move_robot__builder.hpp
[1.644s] -- Up-to-date: /home/andinm/d2lros2/chapt3/chapt3_ws/install/example_ros2_interfaces/include/example_ros2_interfaces/example_ros2_interfaces/srv/detail/move_robot__type_support.hpp
[1.645s] -- Up-to-date: /home/andinm/d2lros2/chapt3/chapt3_ws/install/example_ros2_interfaces/include/example_ros2_interfaces/example_ros2_interfaces/srv/move_robot.hpp
[1.646s] -- Up-to-date: /home/andinm/d2lros2/chapt3/chapt3_ws/install/example_ros2_interfaces/include/example_ros2_interfaces/example_ros2_interfaces
[1.646s] -- Up-to-date: /home/andinm/d2lros2/chapt3/chapt3_ws/install/example_ros2_interfaces/include/example_ros2_interfaces/example_ros2_interfaces/msg
[1.646s] -- Up-to-date: /home/andinm/d2lros2/chapt3/chapt3_ws/install/example_ros2_interfaces/include/example_ros2_interfaces/example_ros2_interfaces/msg/detail
[1.646s] -- Up-to-date: /home/andinm/d2lros2/chapt3/chapt3_ws/install/example_ros2_interfaces/include/example_ros2_interfaces/example_ros2_interfaces/msg/detail/robot_pose__rosidl_typesupport_fastrtps_cpp.hpp
[1.647s] -- Up-to-date: /home/andinm/d2lros2/chapt3/chapt3_ws/install/example_ros2_interfaces/include/example_ros2_interfaces/example_ros2_interfaces/msg/detail/robot_status__rosidl_typesupport_fastrtps_cpp.hpp
[1.647s] -- Up-to-date: /home/andinm/d2lros2/chapt3/chapt3_ws/install/example_ros2_interfaces/include/example_ros2_interfaces/example_ros2_interfaces/msg/detail/dds_fastrtps
[1.647s] -- Up-to-date: /home/andinm/d2lros2/chapt3/chapt3_ws/install/example_ros2_interfaces/include/example_ros2_interfaces/example_ros2_interfaces/msg/rosidl_typesupport_fastrtps_cpp__visibility_control.h
[1.648s] -- Up-to-date: /home/andinm/d2lros2/chapt3/chapt3_ws/install/example_ros2_interfaces/include/example_ros2_interfaces/example_ros2_interfaces/srv
[1.648s] -- Up-to-date: /home/andinm/d2lros2/chapt3/chapt3_ws/install/example_ros2_interfaces/include/example_ros2_interfaces/example_ros2_interfaces/srv/detail
[1.648s] -- Up-to-date: /home/andinm/d2lros2/chapt3/chapt3_ws/install/example_ros2_interfaces/include/example_ros2_interfaces/example_ros2_interfaces/srv/detail/move_robot__rosidl_typesupport_fastrtps_cpp.hpp
[1.648s] -- Up-to-date: /home/andinm/d2lros2/chapt3/chapt3_ws/install/example_ros2_interfaces/include/example_ros2_interfaces/example_ros2_interfaces/srv/detail/dds_fastrtps
[1.649s] -- Up-to-date: /home/andinm/d2lros2/chapt3/chapt3_ws/install/example_ros2_interfaces/lib/libexample_ros2_interfaces__rosidl_typesupport_fastrtps_cpp.so
[1.649s] -- Up-to-date: /home/andinm/d2lros2/chapt3/chapt3_ws/install/example_ros2_interfaces/include/example_ros2_interfaces/example_ros2_interfaces
[1.649s] -- Up-to-date: /home/andinm/d2lros2/chapt3/chapt3_ws/install/example_ros2_interfaces/include/example_ros2_interfaces/example_ros2_interfaces/msg
[1.650s] -- Up-to-date: /home/andinm/d2lros2/chapt3/chapt3_ws/install/example_ros2_interfaces/include/example_ros2_interfaces/example_ros2_interfaces/msg/detail
[1.650s] -- Up-to-date: /home/andinm/d2lros2/chapt3/chapt3_ws/install/example_ros2_interfaces/include/example_ros2_interfaces/example_ros2_interfaces/msg/detail/robot_pose__rosidl_typesupport_introspection_cpp.hpp
[1.650s] -- Up-to-date: /home/andinm/d2lros2/chapt3/chapt3_ws/install/example_ros2_interfaces/include/example_ros2_interfaces/example_ros2_interfaces/msg/detail/robot_status__rosidl_typesupport_introspection_cpp.hpp
[1.651s] -- Up-to-date: /home/andinm/d2lros2/chapt3/chapt3_ws/install/example_ros2_interfaces/include/example_ros2_interfaces/example_ros2_interfaces/msg/detail/robot_status__type_support.cpp
[1.651s] -- Up-to-date: /home/andinm/d2lros2/chapt3/chapt3_ws/install/example_ros2_interfaces/include/example_ros2_interfaces/example_ros2_interfaces/msg/detail/robot_pose__type_support.cpp
[1.651s] -- Up-to-date: /home/andinm/d2lros2/chapt3/chapt3_ws/install/example_ros2_interfaces/include/example_ros2_interfaces/example_ros2_interfaces/srv
[1.652s] -- Up-to-date: /home/andinm/d2lros2/chapt3/chapt3_ws/install/example_ros2_interfaces/include/example_ros2_interfaces/example_ros2_interfaces/srv/detail
[1.652s] -- Up-to-date: /home/andinm/d2lros2/chapt3/chapt3_ws/install/example_ros2_interfaces/include/example_ros2_interfaces/example_ros2_interfaces/srv/detail/move_robot__rosidl_typesupport_introspection_cpp.hpp
[1.652s] -- Up-to-date: /home/andinm/d2lros2/chapt3/chapt3_ws/install/example_ros2_interfaces/include/example_ros2_interfaces/example_ros2_interfaces/srv/detail/move_robot__type_support.cpp
[1.653s] -- Up-to-date: /home/andinm/d2lros2/chapt3/chapt3_ws/install/example_ros2_interfaces/lib/libexample_ros2_interfaces__rosidl_typesupport_introspection_cpp.so
[1.654s] -- Up-to-date: /home/andinm/d2lros2/chapt3/chapt3_ws/install/example_ros2_interfaces/lib/libexample_ros2_interfaces__rosidl_typesupport_cpp.so
[1.655s] -- Up-to-date: /home/andinm/d2lros2/chapt3/chapt3_ws/install/example_ros2_interfaces/share/example_ros2_interfaces/environment/pythonpath.sh
[1.655s] -- Up-to-date: /home/andinm/d2lros2/chapt3/chapt3_ws/install/example_ros2_interfaces/share/example_ros2_interfaces/environment/pythonpath.dsv
[1.655s] -- Up-to-date: /home/andinm/d2lros2/chapt3/chapt3_ws/install/example_ros2_interfaces/local/lib/python3.10/dist-packages/example_ros2_interfaces-0.0.0-py3.10.egg-info
[1.656s] -- Installing: /home/andinm/d2lros2/chapt3/chapt3_ws/install/example_ros2_interfaces/local/lib/python3.10/dist-packages/example_ros2_interfaces-0.0.0-py3.10.egg-info/SOURCES.txt
[1.656s] -- Installing: /home/andinm/d2lros2/chapt3/chapt3_ws/install/example_ros2_interfaces/local/lib/python3.10/dist-packages/example_ros2_interfaces-0.0.0-py3.10.egg-info/dependency_links.txt
[1.656s] -- Installing: /home/andinm/d2lros2/chapt3/chapt3_ws/install/example_ros2_interfaces/local/lib/python3.10/dist-packages/example_ros2_interfaces-0.0.0-py3.10.egg-info/top_level.txt
[1.657s] -- Installing: /home/andinm/d2lros2/chapt3/chapt3_ws/install/example_ros2_interfaces/local/lib/python3.10/dist-packages/example_ros2_interfaces-0.0.0-py3.10.egg-info/PKG-INFO
[1.657s] -- Up-to-date: /home/andinm/d2lros2/chapt3/chapt3_ws/install/example_ros2_interfaces/local/lib/python3.10/dist-packages/example_ros2_interfaces
[1.658s] -- Up-to-date: /home/andinm/d2lros2/chapt3/chapt3_ws/install/example_ros2_interfaces/local/lib/python3.10/dist-packages/example_ros2_interfaces/__init__.py
[1.659s] -- Up-to-date: /home/andinm/d2lros2/chapt3/chapt3_ws/install/example_ros2_interfaces/local/lib/python3.10/dist-packages/example_ros2_interfaces/libexample_ros2_interfaces__rosidl_generator_py.so
[1.660s] -- Up-to-date: /home/andinm/d2lros2/chapt3/chapt3_ws/install/example_ros2_interfaces/local/lib/python3.10/dist-packages/example_ros2_interfaces/example_ros2_interfaces_s__rosidl_typesupport_c.cpython-310-x86_64-linux-gnu.so
[1.660s] -- Up-to-date: /home/andinm/d2lros2/chapt3/chapt3_ws/install/example_ros2_interfaces/local/lib/python3.10/dist-packages/example_ros2_interfaces/example_ros2_interfaces_s__rosidl_typesupport_fastrtps_c.cpython-310-x86_64-linux-gnu.so
[1.661s] -- Up-to-date: /home/andinm/d2lros2/chapt3/chapt3_ws/install/example_ros2_interfaces/local/lib/python3.10/dist-packages/example_ros2_interfaces/example_ros2_interfaces_s__rosidl_typesupport_introspection_c.cpython-310-x86_64-linux-gnu.so
[1.661s] -- Up-to-date: /home/andinm/d2lros2/chapt3/chapt3_ws/install/example_ros2_interfaces/local/lib/python3.10/dist-packages/example_ros2_interfaces/_example_ros2_interfaces_s.ep.rosidl_typesupport_introspection_c.c
[1.662s] -- Up-to-date: /home/andinm/d2lros2/chapt3/chapt3_ws/install/example_ros2_interfaces/local/lib/python3.10/dist-packages/example_ros2_interfaces/msg
[1.662s] -- Up-to-date: /home/andinm/d2lros2/chapt3/chapt3_ws/install/example_ros2_interfaces/local/lib/python3.10/dist-packages/example_ros2_interfaces/msg/__init__.py
[1.662s] -- Up-to-date: /home/andinm/d2lros2/chapt3/chapt3_ws/install/example_ros2_interfaces/local/lib/python3.10/dist-packages/example_ros2_interfaces/msg/_robot_status_s.c
[1.662s] -- Up-to-date: /home/andinm/d2lros2/chapt3/chapt3_ws/install/example_ros2_interfaces/local/lib/python3.10/dist-packages/example_ros2_interfaces/msg/_robot_pose.py
[1.663s] -- Up-to-date: /home/andinm/d2lros2/chapt3/chapt3_ws/install/example_ros2_interfaces/local/lib/python3.10/dist-packages/example_ros2_interfaces/msg/_robot_pose_s.c
[1.663s] -- Up-to-date: /home/andinm/d2lros2/chapt3/chapt3_ws/install/example_ros2_interfaces/local/lib/python3.10/dist-packages/example_ros2_interfaces/msg/_robot_status.py
[1.663s] -- Up-to-date: /home/andinm/d2lros2/chapt3/chapt3_ws/install/example_ros2_interfaces/local/lib/python3.10/dist-packages/example_ros2_interfaces/_example_ros2_interfaces_s.ep.rosidl_typesupport_c.c
[1.663s] -- Up-to-date: /home/andinm/d2lros2/chapt3/chapt3_ws/install/example_ros2_interfaces/local/lib/python3.10/dist-packages/example_ros2_interfaces/_example_ros2_interfaces_s.ep.rosidl_typesupport_fastrtps_c.c
[1.664s] -- Up-to-date: /home/andinm/d2lros2/chapt3/chapt3_ws/install/example_ros2_interfaces/local/lib/python3.10/dist-packages/example_ros2_interfaces/srv
[1.664s] -- Up-to-date: /home/andinm/d2lros2/chapt3/chapt3_ws/install/example_ros2_interfaces/local/lib/python3.10/dist-packages/example_ros2_interfaces/srv/__init__.py
[1.664s] -- Up-to-date: /home/andinm/d2lros2/chapt3/chapt3_ws/install/example_ros2_interfaces/local/lib/python3.10/dist-packages/example_ros2_interfaces/srv/_move_robot_s.c
[1.664s] -- Up-to-date: /home/andinm/d2lros2/chapt3/chapt3_ws/install/example_ros2_interfaces/local/lib/python3.10/dist-packages/example_ros2_interfaces/srv/_move_robot.py
[1.814s] Listing '/home/andinm/d2lros2/chapt3/chapt3_ws/install/example_ros2_interfaces/local/lib/python3.10/dist-packages/example_ros2_interfaces'...
[1.814s] Listing '/home/andinm/d2lros2/chapt3/chapt3_ws/install/example_ros2_interfaces/local/lib/python3.10/dist-packages/example_ros2_interfaces/msg'...
[1.814s] Listing '/home/andinm/d2lros2/chapt3/chapt3_ws/install/example_ros2_interfaces/local/lib/python3.10/dist-packages/example_ros2_interfaces/srv'...
[1.836s] -- Up-to-date: /home/andinm/d2lros2/chapt3/chapt3_ws/install/example_ros2_interfaces/local/lib/python3.10/dist-packages/example_ros2_interfaces/example_ros2_interfaces_s__rosidl_typesupport_fastrtps_c.cpython-310-x86_64-linux-gnu.so
[1.843s] -- Up-to-date: /home/andinm/d2lros2/chapt3/chapt3_ws/install/example_ros2_interfaces/local/lib/python3.10/dist-packages/example_ros2_interfaces/example_ros2_interfaces_s__rosidl_typesupport_introspection_c.cpython-310-x86_64-linux-gnu.so
[1.849s] -- Up-to-date: /home/andinm/d2lros2/chapt3/chapt3_ws/install/example_ros2_interfaces/local/lib/python3.10/dist-packages/example_ros2_interfaces/example_ros2_interfaces_s__rosidl_typesupport_c.cpython-310-x86_64-linux-gnu.so
[1.862s] -- Up-to-date: /home/andinm/d2lros2/chapt3/chapt3_ws/install/example_ros2_interfaces/lib/libexample_ros2_interfaces__rosidl_generator_py.so
[1.863s] -- Up-to-date: /home/andinm/d2lros2/chapt3/chapt3_ws/install/example_ros2_interfaces/share/example_ros2_interfaces/msg/RobotPose.idl
[1.864s] -- Up-to-date: /home/andinm/d2lros2/chapt3/chapt3_ws/install/example_ros2_interfaces/share/example_ros2_interfaces/msg/RobotStatus.idl
[1.865s] -- Up-to-date: /home/andinm/d2lros2/chapt3/chapt3_ws/install/example_ros2_interfaces/share/example_ros2_interfaces/srv/MoveRobot.idl
[1.866s] -- Up-to-date: /home/andinm/d2lros2/chapt3/chapt3_ws/install/example_ros2_interfaces/share/example_ros2_interfaces/msg/RobotPose.msg
[1.866s] -- Up-to-date: /home/andinm/d2lros2/chapt3/chapt3_ws/install/example_ros2_interfaces/share/example_ros2_interfaces/msg/RobotStatus.msg
[1.866s] -- Up-to-date: /home/andinm/d2lros2/chapt3/chapt3_ws/install/example_ros2_interfaces/share/example_ros2_interfaces/srv/MoveRobot.srv
[1.867s] -- Up-to-date: /home/andinm/d2lros2/chapt3/chapt3_ws/install/example_ros2_interfaces/share/example_ros2_interfaces/srv/MoveRobot_Request.msg
[1.867s] -- Up-to-date: /home/andinm/d2lros2/chapt3/chapt3_ws/install/example_ros2_interfaces/share/example_ros2_interfaces/srv/MoveRobot_Response.msg
[1.868s] -- Up-to-date: /home/andinm/d2lros2/chapt3/chapt3_ws/install/example_ros2_interfaces/share/ament_index/resource_index/package_run_dependencies/example_ros2_interfaces
[1.868s] -- Up-to-date: /home/andinm/d2lros2/chapt3/chapt3_ws/install/example_ros2_interfaces/share/ament_index/resource_index/parent_prefix_path/example_ros2_interfaces
[1.868s] -- Up-to-date: /home/andinm/d2lros2/chapt3/chapt3_ws/install/example_ros2_interfaces/share/example_ros2_interfaces/environment/ament_prefix_path.sh
[1.868s] -- Up-to-date: /home/andinm/d2lros2/chapt3/chapt3_ws/install/example_ros2_interfaces/share/example_ros2_interfaces/environment/ament_prefix_path.dsv
[1.868s] -- Up-to-date: /home/andinm/d2lros2/chapt3/chapt3_ws/install/example_ros2_interfaces/share/example_ros2_interfaces/environment/path.sh
[1.869s] -- Up-to-date: /home/andinm/d2lros2/chapt3/chapt3_ws/install/example_ros2_interfaces/share/example_ros2_interfaces/environment/path.dsv
[1.869s] -- Up-to-date: /home/andinm/d2lros2/chapt3/chapt3_ws/install/example_ros2_interfaces/share/example_ros2_interfaces/local_setup.bash
[1.869s] -- Up-to-date: /home/andinm/d2lros2/chapt3/chapt3_ws/install/example_ros2_interfaces/share/example_ros2_interfaces/local_setup.sh
[1.869s] -- Up-to-date: /home/andinm/d2lros2/chapt3/chapt3_ws/install/example_ros2_interfaces/share/example_ros2_interfaces/local_setup.zsh
[1.870s] -- Up-to-date: /home/andinm/d2lros2/chapt3/chapt3_ws/install/example_ros2_interfaces/share/example_ros2_interfaces/local_setup.dsv
[1.870s] -- Installing: /home/andinm/d2lros2/chapt3/chapt3_ws/install/example_ros2_interfaces/share/example_ros2_interfaces/package.dsv
[1.871s] -- Up-to-date: /home/andinm/d2lros2/chapt3/chapt3_ws/install/example_ros2_interfaces/share/ament_index/resource_index/packages/example_ros2_interfaces
[1.873s] -- Up-to-date: /home/andinm/d2lros2/chapt3/chapt3_ws/install/example_ros2_interfaces/share/example_ros2_interfaces/cmake/export_example_ros2_interfaces__rosidl_generator_cExport.cmake
[1.874s] -- Up-to-date: /home/andinm/d2lros2/chapt3/chapt3_ws/install/example_ros2_interfaces/share/example_ros2_interfaces/cmake/export_example_ros2_interfaces__rosidl_generator_cExport-noconfig.cmake
[1.881s] -- Up-to-date: /home/andinm/d2lros2/chapt3/chapt3_ws/install/example_ros2_interfaces/share/example_ros2_interfaces/cmake/export_example_ros2_interfaces__rosidl_typesupport_fastrtps_cExport.cmake
[1.882s] -- Up-to-date: /home/andinm/d2lros2/chapt3/chapt3_ws/install/example_ros2_interfaces/share/example_ros2_interfaces/cmake/export_example_ros2_interfaces__rosidl_typesupport_fastrtps_cExport-noconfig.cmake
[1.884s] -- Up-to-date: /home/andinm/d2lros2/chapt3/chapt3_ws/install/example_ros2_interfaces/share/example_ros2_interfaces/cmake/example_ros2_interfaces__rosidl_typesupport_introspection_cExport.cmake
[1.885s] -- Up-to-date: /home/andinm/d2lros2/chapt3/chapt3_ws/install/example_ros2_interfaces/share/example_ros2_interfaces/cmake/example_ros2_interfaces__rosidl_typesupport_introspection_cExport-noconfig.cmake
[1.887s] -- Up-to-date: /home/andinm/d2lros2/chapt3/chapt3_ws/install/example_ros2_interfaces/share/example_ros2_interfaces/cmake/example_ros2_interfaces__rosidl_typesupport_cExport.cmake
[1.888s] -- Up-to-date: /home/andinm/d2lros2/chapt3/chapt3_ws/install/example_ros2_interfaces/share/example_ros2_interfaces/cmake/example_ros2_interfaces__rosidl_typesupport_cExport-noconfig.cmake
[1.891s] -- Up-to-date: /home/andinm/d2lros2/chapt3/chapt3_ws/install/example_ros2_interfaces/share/example_ros2_interfaces/cmake/export_example_ros2_interfaces__rosidl_generator_cppExport.cmake
[1.895s] -- Up-to-date: /home/andinm/d2lros2/chapt3/chapt3_ws/install/example_ros2_interfaces/share/example_ros2_interfaces/cmake/export_example_ros2_interfaces__rosidl_typesupport_fastrtps_cppExport.cmake
[1.895s] -- Up-to-date: /home/andinm/d2lros2/chapt3/chapt3_ws/install/example_ros2_interfaces/share/example_ros2_interfaces/cmake/export_example_ros2_interfaces__rosidl_typesupport_fastrtps_cppExport-noconfig.cmake
[1.899s] -- Up-to-date: /home/andinm/d2lros2/chapt3/chapt3_ws/install/example_ros2_interfaces/share/example_ros2_interfaces/cmake/example_ros2_interfaces__rosidl_typesupport_introspection_cppExport.cmake
[1.899s] -- Up-to-date: /home/andinm/d2lros2/chapt3/chapt3_ws/install/example_ros2_interfaces/share/example_ros2_interfaces/cmake/example_ros2_interfaces__rosidl_typesupport_introspection_cppExport-noconfig.cmake
[1.901s] -- Up-to-date: /home/andinm/d2lros2/chapt3/chapt3_ws/install/example_ros2_interfaces/share/example_ros2_interfaces/cmake/example_ros2_interfaces__rosidl_typesupport_cppExport.cmake
[1.901s] -- Up-to-date: /home/andinm/d2lros2/chapt3/chapt3_ws/install/example_ros2_interfaces/share/example_ros2_interfaces/cmake/example_ros2_interfaces__rosidl_typesupport_cppExport-noconfig.cmake
[1.908s] -- Up-to-date: /home/andinm/d2lros2/chapt3/chapt3_ws/install/example_ros2_interfaces/share/example_ros2_interfaces/cmake/export_example_ros2_interfaces__rosidl_generator_pyExport.cmake
[1.909s] -- Up-to-date: /home/andinm/d2lros2/chapt3/chapt3_ws/install/example_ros2_interfaces/share/example_ros2_interfaces/cmake/export_example_ros2_interfaces__rosidl_generator_pyExport-noconfig.cmake
[1.910s] -- Up-to-date: /home/andinm/d2lros2/chapt3/chapt3_ws/install/example_ros2_interfaces/share/example_ros2_interfaces/cmake/rosidl_cmake-extras.cmake
[1.910s] -- Up-to-date: /home/andinm/d2lros2/chapt3/chapt3_ws/install/example_ros2_interfaces/share/example_ros2_interfaces/cmake/ament_cmake_export_dependencies-extras.cmake
[1.910s] -- Up-to-date: /home/andinm/d2lros2/chapt3/chapt3_ws/install/example_ros2_interfaces/share/example_ros2_interfaces/cmake/ament_cmake_export_include_directories-extras.cmake
[1.910s] -- Up-to-date: /home/andinm/d2lros2/chapt3/chapt3_ws/install/example_ros2_interfaces/share/example_ros2_interfaces/cmake/ament_cmake_export_libraries-extras.cmake
[1.910s] -- Up-to-date: /home/andinm/d2lros2/chapt3/chapt3_ws/install/example_ros2_interfaces/share/example_ros2_interfaces/cmake/ament_cmake_export_targets-extras.cmake
[1.911s] -- Up-to-date: /home/andinm/d2lros2/chapt3/chapt3_ws/install/example_ros2_interfaces/share/example_ros2_interfaces/cmake/rosidl_cmake_export_typesupport_targets-extras.cmake
[1.911s] -- Up-to-date: /home/andinm/d2lros2/chapt3/chapt3_ws/install/example_ros2_interfaces/share/example_ros2_interfaces/cmake/rosidl_cmake_export_typesupport_libraries-extras.cmake
[1.911s] -- Up-to-date: /home/andinm/d2lros2/chapt3/chapt3_ws/install/example_ros2_interfaces/share/example_ros2_interfaces/cmake/example_ros2_interfacesConfig.cmake
[1.911s] -- Up-to-date: /home/andinm/d2lros2/chapt3/chapt3_ws/install/example_ros2_interfaces/share/example_ros2_interfaces/cmake/example_ros2_interfacesConfig-version.cmake
[1.911s] -- Up-to-date: /home/andinm/d2lros2/chapt3/chapt3_ws/install/example_ros2_interfaces/share/example_ros2_interfaces/package.xml
[1.923s] Invoked command in '/home/andinm/d2lros2/chapt3/chapt3_ws/build/example_ros2_interfaces' returned '0': CMAKE_PREFIX_PATH=${CMAKE_PREFIX_PATH}:/home/andinm/d2lros2/chapt3/chapt3_ws/install/example_topic_rclpy:/home/andinm/d2lros2/chapt3/chapt3_ws/install/example_service_rclpy:/opt/ros/humble /usr/bin/cmake --install /home/andinm/d2lros2/chapt3/chapt3_ws/build/example_ros2_interfaces
