[0.441s] DEBUG:colcon:Command line arguments: ['/usr/bin/colcon', 'build', '--packages-up-to', 'example_interfaces_rclcpp']
[0.441s] DEBUG:colcon:Parsed command line arguments: Namespace(log_base=None, log_level=None, verb_name='build', build_base='build', install_base='install', merge_install=False, symlink_install=False, test_result_base=None, continue_on_error=False, executor='parallel', parallel_workers=12, event_handlers=None, ignore_user_meta=False, metas=['./colcon.meta'], base_paths=['.'], packages_ignore=None, packages_ignore_regex=None, paths=None, packages_up_to=['example_interfaces_rclcpp'], packages_up_to_regex=None, packages_above=None, packages_above_and_dependencies=None, packages_above_depth=None, packages_select_by_dep=None, packages_skip_by_dep=None, packages_skip_up_to=None, packages_select_build_failed=False, packages_skip_build_finished=False, packages_select_test_failures=False, packages_skip_test_passed=False, packages_select=None, packages_skip=None, packages_select_regex=None, packages_skip_regex=None, packages_start=None, packages_end=None, allow_overriding=[], cmake_args=None, cmake_target=None, cmake_target_skip_unavailable=False, cmake_clean_cache=False, cmake_clean_first=False, cmake_force_configure=False, ament_cmake_args=None, catkin_cmake_args=None, catkin_skip_building_tests=False, verb_parser=<colcon_defaults.argument_parser.defaults.DefaultArgumentsDecorator object at 0x7dad59ddfd30>, verb_extension=<colcon_core.verb.build.BuildVerb object at 0x7dad59ddf7f0>, main=<bound method BuildVerb.main of <colcon_core.verb.build.BuildVerb object at 0x7dad59ddf7f0>>)
[1.089s] Level 1:colcon.colcon_core.package_discovery:discover_packages(colcon_meta) check parameters
[1.089s] Level 1:colcon.colcon_core.package_discovery:discover_packages(recursive) check parameters
[1.089s] Level 1:colcon.colcon_core.package_discovery:discover_packages(ignore) check parameters
[1.090s] Level 1:colcon.colcon_core.package_discovery:discover_packages(path) check parameters
[1.090s] Level 1:colcon.colcon_core.package_discovery:discover_packages(colcon_meta) discover
[1.090s] Level 1:colcon.colcon_core.package_discovery:discover_packages(recursive) discover
[1.090s] INFO:colcon.colcon_core.package_discovery:Crawling recursively for packages in '/home/andinm/d2lros2/chapt3/chapt3_ws'
[1.090s] Level 1:colcon.colcon_core.package_identification:_identify(.) by extensions ['ignore', 'ignore_ament_install']
[1.091s] Level 1:colcon.colcon_core.package_identification:_identify(.) by extension 'ignore'
[1.092s] Level 1:colcon.colcon_core.package_identification:_identify(.) by extension 'ignore_ament_install'
[1.092s] Level 1:colcon.colcon_core.package_identification:_identify(.) by extensions ['colcon_pkg']
[1.092s] Level 1:colcon.colcon_core.package_identification:_identify(.) by extension 'colcon_pkg'
[1.092s] Level 1:colcon.colcon_core.package_identification:_identify(.) by extensions ['colcon_meta']
[1.092s] Level 1:colcon.colcon_core.package_identification:_identify(.) by extension 'colcon_meta'
[1.093s] Level 1:colcon.colcon_core.package_identification:_identify(.) by extensions ['ros']
[1.093s] Level 1:colcon.colcon_core.package_identification:_identify(.) by extension 'ros'
[1.142s] Level 1:colcon.colcon_core.package_identification:_identify(.) by extensions ['cmake', 'python']
[1.142s] Level 1:colcon.colcon_core.package_identification:_identify(.) by extension 'cmake'
[1.143s] Level 1:colcon.colcon_core.package_identification:_identify(.) by extension 'python'
[1.143s] Level 1:colcon.colcon_core.package_identification:_identify(.) by extensions ['python_setup_py']
[1.143s] Level 1:colcon.colcon_core.package_identification:_identify(.) by extension 'python_setup_py'
[1.144s] Level 1:colcon.colcon_core.package_identification:_identify(build) by extensions ['ignore', 'ignore_ament_install']
[1.145s] Level 1:colcon.colcon_core.package_identification:_identify(build) by extension 'ignore'
[1.145s] Level 1:colcon.colcon_core.package_identification:_identify(build) ignored
[1.145s] Level 1:colcon.colcon_core.package_identification:_identify(install) by extensions ['ignore', 'ignore_ament_install']
[1.146s] Level 1:colcon.colcon_core.package_identification:_identify(install) by extension 'ignore'
[1.146s] Level 1:colcon.colcon_core.package_identification:_identify(install) ignored
[1.148s] Level 1:colcon.colcon_core.package_identification:_identify(log) by extensions ['ignore', 'ignore_ament_install']
[1.148s] Level 1:colcon.colcon_core.package_identification:_identify(log) by extension 'ignore'
[1.148s] Level 1:colcon.colcon_core.package_identification:_identify(log) ignored
[1.150s] Level 1:colcon.colcon_core.package_identification:_identify(src) by extensions ['ignore', 'ignore_ament_install']
[1.150s] Level 1:colcon.colcon_core.package_identification:_identify(src) by extension 'ignore'
[1.150s] Level 1:colcon.colcon_core.package_identification:_identify(src) by extension 'ignore_ament_install'
[1.151s] Level 1:colcon.colcon_core.package_identification:_identify(src) by extensions ['colcon_pkg']
[1.151s] Level 1:colcon.colcon_core.package_identification:_identify(src) by extension 'colcon_pkg'
[1.151s] Level 1:colcon.colcon_core.package_identification:_identify(src) by extensions ['colcon_meta']
[1.151s] Level 1:colcon.colcon_core.package_identification:_identify(src) by extension 'colcon_meta'
[1.151s] Level 1:colcon.colcon_core.package_identification:_identify(src) by extensions ['ros']
[1.152s] Level 1:colcon.colcon_core.package_identification:_identify(src) by extension 'ros'
[1.152s] Level 1:colcon.colcon_core.package_identification:_identify(src) by extensions ['cmake', 'python']
[1.152s] Level 1:colcon.colcon_core.package_identification:_identify(src) by extension 'cmake'
[1.152s] Level 1:colcon.colcon_core.package_identification:_identify(src) by extension 'python'
[1.152s] Level 1:colcon.colcon_core.package_identification:_identify(src) by extensions ['python_setup_py']
[1.152s] Level 1:colcon.colcon_core.package_identification:_identify(src) by extension 'python_setup_py'
[1.152s] Level 1:colcon.colcon_core.package_identification:_identify(src/example_interfaces_rclcpp) by extensions ['ignore', 'ignore_ament_install']
[1.152s] Level 1:colcon.colcon_core.package_identification:_identify(src/example_interfaces_rclcpp) by extension 'ignore'
[1.152s] Level 1:colcon.colcon_core.package_identification:_identify(src/example_interfaces_rclcpp) by extension 'ignore_ament_install'
[1.152s] Level 1:colcon.colcon_core.package_identification:_identify(src/example_interfaces_rclcpp) by extensions ['colcon_pkg']
[1.152s] Level 1:colcon.colcon_core.package_identification:_identify(src/example_interfaces_rclcpp) by extension 'colcon_pkg'
[1.152s] Level 1:colcon.colcon_core.package_identification:_identify(src/example_interfaces_rclcpp) by extensions ['colcon_meta']
[1.152s] Level 1:colcon.colcon_core.package_identification:_identify(src/example_interfaces_rclcpp) by extension 'colcon_meta'
[1.152s] Level 1:colcon.colcon_core.package_identification:_identify(src/example_interfaces_rclcpp) by extensions ['ros']
[1.152s] Level 1:colcon.colcon_core.package_identification:_identify(src/example_interfaces_rclcpp) by extension 'ros'
[1.163s] DEBUG:colcon.colcon_core.package_identification:Package 'src/example_interfaces_rclcpp' with type 'ros.ament_cmake' and name 'example_interfaces_rclcpp'
[1.163s] Level 1:colcon.colcon_core.package_identification:_identify(src/example_ros2_interfaces) by extensions ['ignore', 'ignore_ament_install']
[1.163s] Level 1:colcon.colcon_core.package_identification:_identify(src/example_ros2_interfaces) by extension 'ignore'
[1.163s] Level 1:colcon.colcon_core.package_identification:_identify(src/example_ros2_interfaces) by extension 'ignore_ament_install'
[1.163s] Level 1:colcon.colcon_core.package_identification:_identify(src/example_ros2_interfaces) by extensions ['colcon_pkg']
[1.163s] Level 1:colcon.colcon_core.package_identification:_identify(src/example_ros2_interfaces) by extension 'colcon_pkg'
[1.163s] Level 1:colcon.colcon_core.package_identification:_identify(src/example_ros2_interfaces) by extensions ['colcon_meta']
[1.164s] Level 1:colcon.colcon_core.package_identification:_identify(src/example_ros2_interfaces) by extension 'colcon_meta'
[1.164s] Level 1:colcon.colcon_core.package_identification:_identify(src/example_ros2_interfaces) by extensions ['ros']
[1.164s] Level 1:colcon.colcon_core.package_identification:_identify(src/example_ros2_interfaces) by extension 'ros'
[1.168s] DEBUG:colcon.colcon_core.package_identification:Package 'src/example_ros2_interfaces' with type 'ros.ament_cmake' and name 'example_ros2_interfaces'
[1.169s] Level 1:colcon.colcon_core.package_identification:_identify(src/example_service_rclcpp) by extensions ['ignore', 'ignore_ament_install']
[1.169s] Level 1:colcon.colcon_core.package_identification:_identify(src/example_service_rclcpp) by extension 'ignore'
[1.169s] Level 1:colcon.colcon_core.package_identification:_identify(src/example_service_rclcpp) by extension 'ignore_ament_install'
[1.169s] Level 1:colcon.colcon_core.package_identification:_identify(src/example_service_rclcpp) by extensions ['colcon_pkg']
[1.171s] Level 1:colcon.colcon_core.package_identification:_identify(src/example_service_rclcpp) by extension 'colcon_pkg'
[1.171s] Level 1:colcon.colcon_core.package_identification:_identify(src/example_service_rclcpp) by extensions ['colcon_meta']
[1.171s] Level 1:colcon.colcon_core.package_identification:_identify(src/example_service_rclcpp) by extension 'colcon_meta'
[1.171s] Level 1:colcon.colcon_core.package_identification:_identify(src/example_service_rclcpp) by extensions ['ros']
[1.171s] Level 1:colcon.colcon_core.package_identification:_identify(src/example_service_rclcpp) by extension 'ros'
[1.173s] DEBUG:colcon.colcon_core.package_identification:Package 'src/example_service_rclcpp' with type 'ros.ament_cmake' and name 'example_service_rclcpp'
[1.174s] Level 1:colcon.colcon_core.package_identification:_identify(src/example_service_rclpy) by extensions ['ignore', 'ignore_ament_install']
[1.174s] Level 1:colcon.colcon_core.package_identification:_identify(src/example_service_rclpy) by extension 'ignore'
[1.174s] Level 1:colcon.colcon_core.package_identification:_identify(src/example_service_rclpy) by extension 'ignore_ament_install'
[1.174s] Level 1:colcon.colcon_core.package_identification:_identify(src/example_service_rclpy) by extensions ['colcon_pkg']
[1.174s] Level 1:colcon.colcon_core.package_identification:_identify(src/example_service_rclpy) by extension 'colcon_pkg'
[1.176s] Level 1:colcon.colcon_core.package_identification:_identify(src/example_service_rclpy) by extensions ['colcon_meta']
[1.176s] Level 1:colcon.colcon_core.package_identification:_identify(src/example_service_rclpy) by extension 'colcon_meta'
[1.176s] Level 1:colcon.colcon_core.package_identification:_identify(src/example_service_rclpy) by extensions ['ros']
[1.176s] Level 1:colcon.colcon_core.package_identification:_identify(src/example_service_rclpy) by extension 'ros'
[1.180s] DEBUG:colcon.colcon_core.package_identification:Package 'src/example_service_rclpy' with type 'ros.ament_python' and name 'example_service_rclpy'
[1.180s] Level 1:colcon.colcon_core.package_identification:_identify(src/example_topic_rclcpp) by extensions ['ignore', 'ignore_ament_install']
[1.181s] Level 1:colcon.colcon_core.package_identification:_identify(src/example_topic_rclcpp) by extension 'ignore'
[1.181s] Level 1:colcon.colcon_core.package_identification:_identify(src/example_topic_rclcpp) by extension 'ignore_ament_install'
[1.181s] Level 1:colcon.colcon_core.package_identification:_identify(src/example_topic_rclcpp) by extensions ['colcon_pkg']
[1.181s] Level 1:colcon.colcon_core.package_identification:_identify(src/example_topic_rclcpp) by extension 'colcon_pkg'
[1.182s] Level 1:colcon.colcon_core.package_identification:_identify(src/example_topic_rclcpp) by extensions ['colcon_meta']
[1.183s] Level 1:colcon.colcon_core.package_identification:_identify(src/example_topic_rclcpp) by extension 'colcon_meta'
[1.183s] Level 1:colcon.colcon_core.package_identification:_identify(src/example_topic_rclcpp) by extensions ['ros']
[1.183s] Level 1:colcon.colcon_core.package_identification:_identify(src/example_topic_rclcpp) by extension 'ros'
[1.188s] DEBUG:colcon.colcon_core.package_identification:Package 'src/example_topic_rclcpp' with type 'ros.ament_cmake' and name 'example_topic_rclcpp'
[1.189s] Level 1:colcon.colcon_core.package_identification:_identify(src/example_topic_rclpy) by extensions ['ignore', 'ignore_ament_install']
[1.189s] Level 1:colcon.colcon_core.package_identification:_identify(src/example_topic_rclpy) by extension 'ignore'
[1.189s] Level 1:colcon.colcon_core.package_identification:_identify(src/example_topic_rclpy) by extension 'ignore_ament_install'
[1.189s] Level 1:colcon.colcon_core.package_identification:_identify(src/example_topic_rclpy) by extensions ['colcon_pkg']
[1.189s] Level 1:colcon.colcon_core.package_identification:_identify(src/example_topic_rclpy) by extension 'colcon_pkg'
[1.190s] Level 1:colcon.colcon_core.package_identification:_identify(src/example_topic_rclpy) by extensions ['colcon_meta']
[1.190s] Level 1:colcon.colcon_core.package_identification:_identify(src/example_topic_rclpy) by extension 'colcon_meta'
[1.190s] Level 1:colcon.colcon_core.package_identification:_identify(src/example_topic_rclpy) by extensions ['ros']
[1.190s] Level 1:colcon.colcon_core.package_identification:_identify(src/example_topic_rclpy) by extension 'ros'
[1.193s] DEBUG:colcon.colcon_core.package_identification:Package 'src/example_topic_rclpy' with type 'ros.ament_python' and name 'example_topic_rclpy'
[1.193s] Level 1:colcon.colcon_core.package_discovery:discover_packages(recursive) using defaults
[1.193s] Level 1:colcon.colcon_core.package_discovery:discover_packages(ignore) discover
[1.193s] Level 1:colcon.colcon_core.package_discovery:discover_packages(ignore) using defaults
[1.193s] Level 1:colcon.colcon_core.package_discovery:discover_packages(path) discover
[1.195s] Level 1:colcon.colcon_core.package_discovery:discover_packages(path) using defaults
[1.281s] INFO:colcon.colcon_core.package_selection:Skipping package 'example_topic_rclpy' in 'src/example_topic_rclpy'
[1.281s] INFO:colcon.colcon_core.package_selection:Skipping package 'example_topic_rclcpp' in 'src/example_topic_rclcpp'
[1.281s] INFO:colcon.colcon_core.package_selection:Skipping package 'example_service_rclpy' in 'src/example_service_rclpy'
[1.281s] INFO:colcon.colcon_core.package_selection:Skipping package 'example_service_rclcpp' in 'src/example_service_rclcpp'
[1.283s] Level 1:colcon.colcon_core.package_discovery:discover_packages(prefix_path) check parameters
[1.283s] Level 1:colcon.colcon_core.package_discovery:discover_packages(prefix_path) discover
[1.293s] DEBUG:colcon.colcon_installed_package_information.package_discovery:Found 6 installed packages in /home/andinm/d2lros2/chapt3/chapt3_ws/install
[1.299s] DEBUG:colcon.colcon_installed_package_information.package_discovery:Found 272 installed packages in /opt/ros/humble
[1.349s] Level 1:colcon.colcon_core.package_discovery:discover_packages(prefix_path) using defaults
[1.547s] Level 5:colcon.colcon_core.verb:set package 'example_ros2_interfaces' build argument 'cmake_args' from command line to 'None'
[1.548s] Level 5:colcon.colcon_core.verb:set package 'example_ros2_interfaces' build argument 'cmake_target' from command line to 'None'
[1.549s] Level 5:colcon.colcon_core.verb:set package 'example_ros2_interfaces' build argument 'cmake_target_skip_unavailable' from command line to 'False'
[1.549s] Level 5:colcon.colcon_core.verb:set package 'example_ros2_interfaces' build argument 'cmake_clean_cache' from command line to 'False'
[1.549s] Level 5:colcon.colcon_core.verb:set package 'example_ros2_interfaces' build argument 'cmake_clean_first' from command line to 'False'
[1.549s] Level 5:colcon.colcon_core.verb:set package 'example_ros2_interfaces' build argument 'cmake_force_configure' from command line to 'False'
[1.549s] Level 5:colcon.colcon_core.verb:set package 'example_ros2_interfaces' build argument 'ament_cmake_args' from command line to 'None'
[1.549s] Level 5:colcon.colcon_core.verb:set package 'example_ros2_interfaces' build argument 'catkin_cmake_args' from command line to 'None'
[1.549s] Level 5:colcon.colcon_core.verb:set package 'example_ros2_interfaces' build argument 'catkin_skip_building_tests' from command line to 'False'
[1.550s] DEBUG:colcon.colcon_core.verb:Building package 'example_ros2_interfaces' with the following arguments: {'ament_cmake_args': None, 'build_base': '/home/andinm/d2lros2/chapt3/chapt3_ws/build/example_ros2_interfaces', 'catkin_cmake_args': None, 'catkin_skip_building_tests': False, 'cmake_args': None, 'cmake_clean_cache': False, 'cmake_clean_first': False, 'cmake_force_configure': False, 'cmake_target': None, 'cmake_target_skip_unavailable': False, 'install_base': '/home/andinm/d2lros2/chapt3/chapt3_ws/install/example_ros2_interfaces', 'merge_install': False, 'path': '/home/andinm/d2lros2/chapt3/chapt3_ws/src/example_ros2_interfaces', 'symlink_install': False, 'test_result_base': None}
[1.551s] Level 5:colcon.colcon_core.verb:set package 'example_interfaces_rclcpp' build argument 'cmake_args' from command line to 'None'
[1.551s] Level 5:colcon.colcon_core.verb:set package 'example_interfaces_rclcpp' build argument 'cmake_target' from command line to 'None'
[1.551s] Level 5:colcon.colcon_core.verb:set package 'example_interfaces_rclcpp' build argument 'cmake_target_skip_unavailable' from command line to 'False'
[1.551s] Level 5:colcon.colcon_core.verb:set package 'example_interfaces_rclcpp' build argument 'cmake_clean_cache' from command line to 'False'
[1.551s] Level 5:colcon.colcon_core.verb:set package 'example_interfaces_rclcpp' build argument 'cmake_clean_first' from command line to 'False'
[1.551s] Level 5:colcon.colcon_core.verb:set package 'example_interfaces_rclcpp' build argument 'cmake_force_configure' from command line to 'False'
[1.551s] Level 5:colcon.colcon_core.verb:set package 'example_interfaces_rclcpp' build argument 'ament_cmake_args' from command line to 'None'
[1.552s] Level 5:colcon.colcon_core.verb:set package 'example_interfaces_rclcpp' build argument 'catkin_cmake_args' from command line to 'None'
[1.552s] Level 5:colcon.colcon_core.verb:set package 'example_interfaces_rclcpp' build argument 'catkin_skip_building_tests' from command line to 'False'
[1.552s] DEBUG:colcon.colcon_core.verb:Building package 'example_interfaces_rclcpp' with the following arguments: {'ament_cmake_args': None, 'build_base': '/home/andinm/d2lros2/chapt3/chapt3_ws/build/example_interfaces_rclcpp', 'catkin_cmake_args': None, 'catkin_skip_building_tests': False, 'cmake_args': None, 'cmake_clean_cache': False, 'cmake_clean_first': False, 'cmake_force_configure': False, 'cmake_target': None, 'cmake_target_skip_unavailable': False, 'install_base': '/home/andinm/d2lros2/chapt3/chapt3_ws/install/example_interfaces_rclcpp', 'merge_install': False, 'path': '/home/andinm/d2lros2/chapt3/chapt3_ws/src/example_interfaces_rclcpp', 'symlink_install': False, 'test_result_base': None}
[1.552s] INFO:colcon.colcon_core.executor:Executing jobs using 'parallel' executor
[1.557s] DEBUG:colcon.colcon_parallel_executor.executor.parallel:run_until_complete
[1.558s] INFO:colcon.colcon_ros.task.ament_cmake.build:Building ROS package in '/home/andinm/d2lros2/chapt3/chapt3_ws/src/example_ros2_interfaces' with build type 'ament_cmake'
[1.558s] INFO:colcon.colcon_cmake.task.cmake.build:Building CMake package in '/home/andinm/d2lros2/chapt3/chapt3_ws/src/example_ros2_interfaces'
[1.564s] INFO:colcon.colcon_core.plugin_system:Skipping extension 'colcon_core.shell.bat': Not used on non-Windows systems
[1.564s] INFO:colcon.colcon_core.shell:Skip shell extension 'powershell' for command environment: Not usable outside of PowerShell
[1.565s] DEBUG:colcon.colcon_core.shell:Skip shell extension 'dsv' for command environment
[1.619s] DEBUG:colcon.colcon_core.event_handler.log_command:Invoking command in '/home/andinm/d2lros2/chapt3/chapt3_ws/build/example_ros2_interfaces': CMAKE_PREFIX_PATH=${CMAKE_PREFIX_PATH}:/home/andinm/d2lros2/chapt3/chapt3_ws/install/example_topic_rclpy:/home/andinm/d2lros2/chapt3/chapt3_ws/install/example_service_rclpy:/opt/ros/humble /usr/bin/cmake --build /home/andinm/d2lros2/chapt3/chapt3_ws/build/example_ros2_interfaces -- -j12 -l12
[3.002s] DEBUG:colcon.colcon_core.event_handler.log_command:Invoked command in '/home/andinm/d2lros2/chapt3/chapt3_ws/build/example_ros2_interfaces' returned '0': CMAKE_PREFIX_PATH=${CMAKE_PREFIX_PATH}:/home/andinm/d2lros2/chapt3/chapt3_ws/install/example_topic_rclpy:/home/andinm/d2lros2/chapt3/chapt3_ws/install/example_service_rclpy:/opt/ros/humble /usr/bin/cmake --build /home/andinm/d2lros2/chapt3/chapt3_ws/build/example_ros2_interfaces -- -j12 -l12
[3.045s] DEBUG:colcon.colcon_core.event_handler.log_command:Invoking command in '/home/andinm/d2lros2/chapt3/chapt3_ws/build/example_ros2_interfaces': CMAKE_PREFIX_PATH=${CMAKE_PREFIX_PATH}:/home/andinm/d2lros2/chapt3/chapt3_ws/install/example_topic_rclpy:/home/andinm/d2lros2/chapt3/chapt3_ws/install/example_service_rclpy:/opt/ros/humble /usr/bin/cmake --install /home/andinm/d2lros2/chapt3/chapt3_ws/build/example_ros2_interfaces
[3.268s] Level 1:colcon.colcon_core.environment:create_environment_scripts_only(example_ros2_interfaces)
[3.273s] DEBUG:colcon.colcon_core.event_handler.log_command:Invoked command in '/home/andinm/d2lros2/chapt3/chapt3_ws/build/example_ros2_interfaces' returned '0': CMAKE_PREFIX_PATH=${CMAKE_PREFIX_PATH}:/home/andinm/d2lros2/chapt3/chapt3_ws/install/example_topic_rclpy:/home/andinm/d2lros2/chapt3/chapt3_ws/install/example_service_rclpy:/opt/ros/humble /usr/bin/cmake --install /home/andinm/d2lros2/chapt3/chapt3_ws/build/example_ros2_interfaces
[3.280s] Level 1:colcon.colcon_core.environment:checking '/home/andinm/d2lros2/chapt3/chapt3_ws/install/example_ros2_interfaces' for CMake module files
[3.282s] Level 1:colcon.colcon_core.environment:checking '/home/andinm/d2lros2/chapt3/chapt3_ws/install/example_ros2_interfaces' for CMake config files
[3.283s] Level 1:colcon.colcon_core.shell:create_environment_hook('example_ros2_interfaces', 'cmake_prefix_path')
[3.284s] INFO:colcon.colcon_core.shell:Creating environment hook '/home/andinm/d2lros2/chapt3/chapt3_ws/install/example_ros2_interfaces/share/example_ros2_interfaces/hook/cmake_prefix_path.ps1'
[3.285s] INFO:colcon.colcon_core.shell:Creating environment descriptor '/home/andinm/d2lros2/chapt3/chapt3_ws/install/example_ros2_interfaces/share/example_ros2_interfaces/hook/cmake_prefix_path.dsv'
[3.287s] INFO:colcon.colcon_core.shell:Creating environment hook '/home/andinm/d2lros2/chapt3/chapt3_ws/install/example_ros2_interfaces/share/example_ros2_interfaces/hook/cmake_prefix_path.sh'
[3.289s] Level 1:colcon.colcon_core.environment:checking '/home/andinm/d2lros2/chapt3/chapt3_ws/install/example_ros2_interfaces/lib'
[3.290s] Level 1:colcon.colcon_core.shell:create_environment_hook('example_ros2_interfaces', 'ld_library_path_lib')
[3.291s] INFO:colcon.colcon_core.shell:Creating environment hook '/home/andinm/d2lros2/chapt3/chapt3_ws/install/example_ros2_interfaces/share/example_ros2_interfaces/hook/ld_library_path_lib.ps1'
[3.292s] INFO:colcon.colcon_core.shell:Creating environment descriptor '/home/andinm/d2lros2/chapt3/chapt3_ws/install/example_ros2_interfaces/share/example_ros2_interfaces/hook/ld_library_path_lib.dsv'
[3.293s] INFO:colcon.colcon_core.shell:Creating environment hook '/home/andinm/d2lros2/chapt3/chapt3_ws/install/example_ros2_interfaces/share/example_ros2_interfaces/hook/ld_library_path_lib.sh'
[3.294s] Level 1:colcon.colcon_core.environment:checking '/home/andinm/d2lros2/chapt3/chapt3_ws/install/example_ros2_interfaces/bin'
[3.295s] Level 1:colcon.colcon_core.environment:checking '/home/andinm/d2lros2/chapt3/chapt3_ws/install/example_ros2_interfaces/lib/pkgconfig/example_ros2_interfaces.pc'
[3.296s] Level 1:colcon.colcon_core.environment:checking '/home/andinm/d2lros2/chapt3/chapt3_ws/install/example_ros2_interfaces/lib/python3.10/site-packages'
[3.297s] Level 1:colcon.colcon_core.environment:checking '/home/andinm/d2lros2/chapt3/chapt3_ws/install/example_ros2_interfaces/bin'
[3.298s] INFO:colcon.colcon_core.shell:Creating package script '/home/andinm/d2lros2/chapt3/chapt3_ws/install/example_ros2_interfaces/share/example_ros2_interfaces/package.ps1'
[3.301s] INFO:colcon.colcon_core.shell:Creating package descriptor '/home/andinm/d2lros2/chapt3/chapt3_ws/install/example_ros2_interfaces/share/example_ros2_interfaces/package.dsv'
[3.304s] INFO:colcon.colcon_core.shell:Creating package script '/home/andinm/d2lros2/chapt3/chapt3_ws/install/example_ros2_interfaces/share/example_ros2_interfaces/package.sh'
[3.308s] INFO:colcon.colcon_core.shell:Creating package script '/home/andinm/d2lros2/chapt3/chapt3_ws/install/example_ros2_interfaces/share/example_ros2_interfaces/package.bash'
[3.311s] INFO:colcon.colcon_core.shell:Creating package script '/home/andinm/d2lros2/chapt3/chapt3_ws/install/example_ros2_interfaces/share/example_ros2_interfaces/package.zsh'
[3.314s] Level 1:colcon.colcon_core.environment:create_file_with_runtime_dependencies(/home/andinm/d2lros2/chapt3/chapt3_ws/install/example_ros2_interfaces/share/colcon-core/packages/example_ros2_interfaces)
[3.317s] Level 1:colcon.colcon_core.environment:create_environment_scripts_only(example_ros2_interfaces)
[3.318s] Level 1:colcon.colcon_core.environment:checking '/home/andinm/d2lros2/chapt3/chapt3_ws/install/example_ros2_interfaces' for CMake module files
[3.320s] Level 1:colcon.colcon_core.environment:checking '/home/andinm/d2lros2/chapt3/chapt3_ws/install/example_ros2_interfaces' for CMake config files
[3.321s] Level 1:colcon.colcon_core.shell:create_environment_hook('example_ros2_interfaces', 'cmake_prefix_path')
[3.322s] INFO:colcon.colcon_core.shell:Creating environment hook '/home/andinm/d2lros2/chapt3/chapt3_ws/install/example_ros2_interfaces/share/example_ros2_interfaces/hook/cmake_prefix_path.ps1'
[3.324s] INFO:colcon.colcon_core.shell:Creating environment descriptor '/home/andinm/d2lros2/chapt3/chapt3_ws/install/example_ros2_interfaces/share/example_ros2_interfaces/hook/cmake_prefix_path.dsv'
[3.325s] INFO:colcon.colcon_core.shell:Creating environment hook '/home/andinm/d2lros2/chapt3/chapt3_ws/install/example_ros2_interfaces/share/example_ros2_interfaces/hook/cmake_prefix_path.sh'
[3.327s] Level 1:colcon.colcon_core.environment:checking '/home/andinm/d2lros2/chapt3/chapt3_ws/install/example_ros2_interfaces/lib'
[3.328s] Level 1:colcon.colcon_core.shell:create_environment_hook('example_ros2_interfaces', 'ld_library_path_lib')
[3.329s] INFO:colcon.colcon_core.shell:Creating environment hook '/home/andinm/d2lros2/chapt3/chapt3_ws/install/example_ros2_interfaces/share/example_ros2_interfaces/hook/ld_library_path_lib.ps1'
[3.331s] INFO:colcon.colcon_core.shell:Creating environment descriptor '/home/andinm/d2lros2/chapt3/chapt3_ws/install/example_ros2_interfaces/share/example_ros2_interfaces/hook/ld_library_path_lib.dsv'
[3.332s] INFO:colcon.colcon_core.shell:Creating environment hook '/home/andinm/d2lros2/chapt3/chapt3_ws/install/example_ros2_interfaces/share/example_ros2_interfaces/hook/ld_library_path_lib.sh'
[3.334s] Level 1:colcon.colcon_core.environment:checking '/home/andinm/d2lros2/chapt3/chapt3_ws/install/example_ros2_interfaces/bin'
[3.335s] Level 1:colcon.colcon_core.environment:checking '/home/andinm/d2lros2/chapt3/chapt3_ws/install/example_ros2_interfaces/lib/pkgconfig/example_ros2_interfaces.pc'
[3.335s] Level 1:colcon.colcon_core.environment:checking '/home/andinm/d2lros2/chapt3/chapt3_ws/install/example_ros2_interfaces/lib/python3.10/site-packages'
[3.337s] Level 1:colcon.colcon_core.environment:checking '/home/andinm/d2lros2/chapt3/chapt3_ws/install/example_ros2_interfaces/bin'
[3.338s] INFO:colcon.colcon_core.shell:Creating package script '/home/andinm/d2lros2/chapt3/chapt3_ws/install/example_ros2_interfaces/share/example_ros2_interfaces/package.ps1'
[3.340s] INFO:colcon.colcon_core.shell:Creating package descriptor '/home/andinm/d2lros2/chapt3/chapt3_ws/install/example_ros2_interfaces/share/example_ros2_interfaces/package.dsv'
[3.343s] INFO:colcon.colcon_core.shell:Creating package script '/home/andinm/d2lros2/chapt3/chapt3_ws/install/example_ros2_interfaces/share/example_ros2_interfaces/package.sh'
[3.345s] INFO:colcon.colcon_core.shell:Creating package script '/home/andinm/d2lros2/chapt3/chapt3_ws/install/example_ros2_interfaces/share/example_ros2_interfaces/package.bash'
[3.347s] INFO:colcon.colcon_core.shell:Creating package script '/home/andinm/d2lros2/chapt3/chapt3_ws/install/example_ros2_interfaces/share/example_ros2_interfaces/package.zsh'
[3.348s] Level 1:colcon.colcon_core.environment:create_file_with_runtime_dependencies(/home/andinm/d2lros2/chapt3/chapt3_ws/install/example_ros2_interfaces/share/colcon-core/packages/example_ros2_interfaces)
[3.349s] INFO:colcon.colcon_ros.task.ament_cmake.build:Building ROS package in '/home/andinm/d2lros2/chapt3/chapt3_ws/src/example_interfaces_rclcpp' with build type 'ament_cmake'
[3.350s] INFO:colcon.colcon_cmake.task.cmake.build:Building CMake package in '/home/andinm/d2lros2/chapt3/chapt3_ws/src/example_interfaces_rclcpp'
[3.351s] INFO:colcon.colcon_core.shell:Skip shell extension 'powershell' for command environment: Not usable outside of PowerShell
[3.351s] DEBUG:colcon.colcon_core.shell:Skip shell extension 'dsv' for command environment
[3.402s] DEBUG:colcon.colcon_core.event_handler.log_command:Invoking command in '/home/andinm/d2lros2/chapt3/chapt3_ws/build/example_interfaces_rclcpp': CMAKE_PREFIX_PATH=/home/andinm/d2lros2/chapt3/chapt3_ws/install/example_ros2_interfaces:/home/andinm/d2lros2/chapt3/chapt3_ws/install/example_topic_rclcpp:/home/andinm/d2lros2/chapt3/chapt3_ws/install/example_service_rclcpp:/home/andinm/d2lros2/chapt3/chapt3_ws/install/example_interfaces_rclcpp:/home/andinm/d2lros2/chapt3/chapt3_ws/install/example_topic_rclpy:/home/andinm/d2lros2/chapt3/chapt3_ws/install/example_service_rclpy:/opt/ros/humble /usr/bin/cmake --build /home/andinm/d2lros2/chapt3/chapt3_ws/build/example_interfaces_rclcpp -- -j12 -l12
[25.673s] DEBUG:colcon.colcon_core.event_handler.log_command:Invoked command in '/home/andinm/d2lros2/chapt3/chapt3_ws/build/example_interfaces_rclcpp' returned '0': CMAKE_PREFIX_PATH=/home/andinm/d2lros2/chapt3/chapt3_ws/install/example_ros2_interfaces:/home/andinm/d2lros2/chapt3/chapt3_ws/install/example_topic_rclcpp:/home/andinm/d2lros2/chapt3/chapt3_ws/install/example_service_rclcpp:/home/andinm/d2lros2/chapt3/chapt3_ws/install/example_interfaces_rclcpp:/home/andinm/d2lros2/chapt3/chapt3_ws/install/example_topic_rclpy:/home/andinm/d2lros2/chapt3/chapt3_ws/install/example_service_rclpy:/opt/ros/humble /usr/bin/cmake --build /home/andinm/d2lros2/chapt3/chapt3_ws/build/example_interfaces_rclcpp -- -j12 -l12
[25.680s] DEBUG:colcon.colcon_core.event_handler.log_command:Invoking command in '/home/andinm/d2lros2/chapt3/chapt3_ws/build/example_interfaces_rclcpp': CMAKE_PREFIX_PATH=/home/andinm/d2lros2/chapt3/chapt3_ws/install/example_ros2_interfaces:/home/andinm/d2lros2/chapt3/chapt3_ws/install/example_topic_rclcpp:/home/andinm/d2lros2/chapt3/chapt3_ws/install/example_service_rclcpp:/home/andinm/d2lros2/chapt3/chapt3_ws/install/example_interfaces_rclcpp:/home/andinm/d2lros2/chapt3/chapt3_ws/install/example_topic_rclpy:/home/andinm/d2lros2/chapt3/chapt3_ws/install/example_service_rclpy:/opt/ros/humble /usr/bin/cmake --install /home/andinm/d2lros2/chapt3/chapt3_ws/build/example_interfaces_rclcpp
[25.760s] Level 1:colcon.colcon_core.environment:create_environment_scripts_only(example_interfaces_rclcpp)
[25.761s] Level 1:colcon.colcon_core.environment:checking '/home/andinm/d2lros2/chapt3/chapt3_ws/install/example_interfaces_rclcpp' for CMake module files
[25.763s] DEBUG:colcon.colcon_core.event_handler.log_command:Invoked command in '/home/andinm/d2lros2/chapt3/chapt3_ws/build/example_interfaces_rclcpp' returned '0': CMAKE_PREFIX_PATH=/home/andinm/d2lros2/chapt3/chapt3_ws/install/example_ros2_interfaces:/home/andinm/d2lros2/chapt3/chapt3_ws/install/example_topic_rclcpp:/home/andinm/d2lros2/chapt3/chapt3_ws/install/example_service_rclcpp:/home/andinm/d2lros2/chapt3/chapt3_ws/install/example_interfaces_rclcpp:/home/andinm/d2lros2/chapt3/chapt3_ws/install/example_topic_rclpy:/home/andinm/d2lros2/chapt3/chapt3_ws/install/example_service_rclpy:/opt/ros/humble /usr/bin/cmake --install /home/andinm/d2lros2/chapt3/chapt3_ws/build/example_interfaces_rclcpp
[25.764s] Level 1:colcon.colcon_core.environment:checking '/home/andinm/d2lros2/chapt3/chapt3_ws/install/example_interfaces_rclcpp' for CMake config files
[25.766s] Level 1:colcon.colcon_core.shell:create_environment_hook('example_interfaces_rclcpp', 'cmake_prefix_path')
[25.767s] INFO:colcon.colcon_core.shell:Creating environment hook '/home/andinm/d2lros2/chapt3/chapt3_ws/install/example_interfaces_rclcpp/share/example_interfaces_rclcpp/hook/cmake_prefix_path.ps1'
[25.768s] INFO:colcon.colcon_core.shell:Creating environment descriptor '/home/andinm/d2lros2/chapt3/chapt3_ws/install/example_interfaces_rclcpp/share/example_interfaces_rclcpp/hook/cmake_prefix_path.dsv'
[25.770s] INFO:colcon.colcon_core.shell:Creating environment hook '/home/andinm/d2lros2/chapt3/chapt3_ws/install/example_interfaces_rclcpp/share/example_interfaces_rclcpp/hook/cmake_prefix_path.sh'
[25.776s] Level 1:colcon.colcon_core.environment:checking '/home/andinm/d2lros2/chapt3/chapt3_ws/install/example_interfaces_rclcpp/lib'
[25.777s] Level 1:colcon.colcon_core.environment:checking '/home/andinm/d2lros2/chapt3/chapt3_ws/install/example_interfaces_rclcpp/bin'
[25.777s] Level 1:colcon.colcon_core.environment:checking '/home/andinm/d2lros2/chapt3/chapt3_ws/install/example_interfaces_rclcpp/lib/pkgconfig/example_interfaces_rclcpp.pc'
[25.778s] Level 1:colcon.colcon_core.environment:checking '/home/andinm/d2lros2/chapt3/chapt3_ws/install/example_interfaces_rclcpp/lib/python3.10/site-packages'
[25.779s] Level 1:colcon.colcon_core.environment:checking '/home/andinm/d2lros2/chapt3/chapt3_ws/install/example_interfaces_rclcpp/bin'
[25.780s] INFO:colcon.colcon_core.shell:Creating package script '/home/andinm/d2lros2/chapt3/chapt3_ws/install/example_interfaces_rclcpp/share/example_interfaces_rclcpp/package.ps1'
[25.783s] INFO:colcon.colcon_core.shell:Creating package descriptor '/home/andinm/d2lros2/chapt3/chapt3_ws/install/example_interfaces_rclcpp/share/example_interfaces_rclcpp/package.dsv'
[25.786s] INFO:colcon.colcon_core.shell:Creating package script '/home/andinm/d2lros2/chapt3/chapt3_ws/install/example_interfaces_rclcpp/share/example_interfaces_rclcpp/package.sh'
[25.789s] INFO:colcon.colcon_core.shell:Creating package script '/home/andinm/d2lros2/chapt3/chapt3_ws/install/example_interfaces_rclcpp/share/example_interfaces_rclcpp/package.bash'
[25.791s] INFO:colcon.colcon_core.shell:Creating package script '/home/andinm/d2lros2/chapt3/chapt3_ws/install/example_interfaces_rclcpp/share/example_interfaces_rclcpp/package.zsh'
[25.792s] Level 1:colcon.colcon_core.environment:create_file_with_runtime_dependencies(/home/andinm/d2lros2/chapt3/chapt3_ws/install/example_interfaces_rclcpp/share/colcon-core/packages/example_interfaces_rclcpp)
[25.796s] Level 1:colcon.colcon_core.environment:create_environment_scripts_only(example_interfaces_rclcpp)
[25.798s] Level 1:colcon.colcon_core.environment:checking '/home/andinm/d2lros2/chapt3/chapt3_ws/install/example_interfaces_rclcpp' for CMake module files
[25.801s] Level 1:colcon.colcon_core.environment:checking '/home/andinm/d2lros2/chapt3/chapt3_ws/install/example_interfaces_rclcpp' for CMake config files
[25.802s] Level 1:colcon.colcon_core.shell:create_environment_hook('example_interfaces_rclcpp', 'cmake_prefix_path')
[25.803s] INFO:colcon.colcon_core.shell:Creating environment hook '/home/andinm/d2lros2/chapt3/chapt3_ws/install/example_interfaces_rclcpp/share/example_interfaces_rclcpp/hook/cmake_prefix_path.ps1'
[25.805s] INFO:colcon.colcon_core.shell:Creating environment descriptor '/home/andinm/d2lros2/chapt3/chapt3_ws/install/example_interfaces_rclcpp/share/example_interfaces_rclcpp/hook/cmake_prefix_path.dsv'
[25.807s] INFO:colcon.colcon_core.shell:Creating environment hook '/home/andinm/d2lros2/chapt3/chapt3_ws/install/example_interfaces_rclcpp/share/example_interfaces_rclcpp/hook/cmake_prefix_path.sh'
[25.810s] Level 1:colcon.colcon_core.environment:checking '/home/andinm/d2lros2/chapt3/chapt3_ws/install/example_interfaces_rclcpp/lib'
[25.811s] Level 1:colcon.colcon_core.environment:checking '/home/andinm/d2lros2/chapt3/chapt3_ws/install/example_interfaces_rclcpp/bin'
[25.811s] Level 1:colcon.colcon_core.environment:checking '/home/andinm/d2lros2/chapt3/chapt3_ws/install/example_interfaces_rclcpp/lib/pkgconfig/example_interfaces_rclcpp.pc'
[25.812s] Level 1:colcon.colcon_core.environment:checking '/home/andinm/d2lros2/chapt3/chapt3_ws/install/example_interfaces_rclcpp/lib/python3.10/site-packages'
[25.812s] Level 1:colcon.colcon_core.environment:checking '/home/andinm/d2lros2/chapt3/chapt3_ws/install/example_interfaces_rclcpp/bin'
[25.813s] INFO:colcon.colcon_core.shell:Creating package script '/home/andinm/d2lros2/chapt3/chapt3_ws/install/example_interfaces_rclcpp/share/example_interfaces_rclcpp/package.ps1'
[25.816s] INFO:colcon.colcon_core.shell:Creating package descriptor '/home/andinm/d2lros2/chapt3/chapt3_ws/install/example_interfaces_rclcpp/share/example_interfaces_rclcpp/package.dsv'
[25.819s] INFO:colcon.colcon_core.shell:Creating package script '/home/andinm/d2lros2/chapt3/chapt3_ws/install/example_interfaces_rclcpp/share/example_interfaces_rclcpp/package.sh'
[25.821s] INFO:colcon.colcon_core.shell:Creating package script '/home/andinm/d2lros2/chapt3/chapt3_ws/install/example_interfaces_rclcpp/share/example_interfaces_rclcpp/package.bash'
[25.823s] INFO:colcon.colcon_core.shell:Creating package script '/home/andinm/d2lros2/chapt3/chapt3_ws/install/example_interfaces_rclcpp/share/example_interfaces_rclcpp/package.zsh'
[25.825s] Level 1:colcon.colcon_core.environment:create_file_with_runtime_dependencies(/home/andinm/d2lros2/chapt3/chapt3_ws/install/example_interfaces_rclcpp/share/colcon-core/packages/example_interfaces_rclcpp)
[25.826s] DEBUG:colcon.colcon_parallel_executor.executor.parallel:closing loop
[25.826s] DEBUG:colcon.colcon_parallel_executor.executor.parallel:loop closed
[25.827s] DEBUG:colcon.colcon_parallel_executor.executor.parallel:run_until_complete finished with '0'
[25.827s] DEBUG:colcon.colcon_core.event_reactor:joining thread
[25.848s] INFO:colcon.colcon_core.plugin_system:Skipping extension 'colcon_notification.desktop_notification.terminal_notifier': Not used on non-Darwin systems
[25.848s] INFO:colcon.colcon_core.plugin_system:Skipping extension 'colcon_notification.desktop_notification.win32': Not used on non-Windows systems
[25.848s] INFO:colcon.colcon_notification.desktop_notification:Sending desktop notification using 'notify2'
[25.885s] DEBUG:colcon.colcon_core.event_reactor:joined thread
[25.886s] INFO:colcon.colcon_core.shell:Creating prefix script '/home/andinm/d2lros2/chapt3/chapt3_ws/install/local_setup.ps1'
[25.890s] INFO:colcon.colcon_core.shell:Creating prefix util module '/home/andinm/d2lros2/chapt3/chapt3_ws/install/_local_setup_util_ps1.py'
[25.897s] INFO:colcon.colcon_core.shell:Creating prefix chain script '/home/andinm/d2lros2/chapt3/chapt3_ws/install/setup.ps1'
[25.901s] INFO:colcon.colcon_core.shell:Creating prefix script '/home/andinm/d2lros2/chapt3/chapt3_ws/install/local_setup.sh'
[25.903s] INFO:colcon.colcon_core.shell:Creating prefix util module '/home/andinm/d2lros2/chapt3/chapt3_ws/install/_local_setup_util_sh.py'
[25.906s] INFO:colcon.colcon_core.shell:Creating prefix chain script '/home/andinm/d2lros2/chapt3/chapt3_ws/install/setup.sh'
[25.911s] INFO:colcon.colcon_core.shell:Creating prefix script '/home/andinm/d2lros2/chapt3/chapt3_ws/install/local_setup.bash'
[25.913s] INFO:colcon.colcon_core.shell:Creating prefix chain script '/home/andinm/d2lros2/chapt3/chapt3_ws/install/setup.bash'
[25.916s] INFO:colcon.colcon_core.shell:Creating prefix script '/home/andinm/d2lros2/chapt3/chapt3_ws/install/local_setup.zsh'
[25.917s] INFO:colcon.colcon_core.shell:Creating prefix chain script '/home/andinm/d2lros2/chapt3/chapt3_ws/install/setup.zsh'
