[1.247s] DEBUG:colcon:Command line arguments: ['/usr/bin/colcon', 'build', '--packages-select', 'example_service_rclpy']
[1.248s] DEBUG:colcon:Parsed command line arguments: Namespace(log_base=None, log_level=None, verb_name='build', build_base='build', install_base='install', merge_install=False, symlink_install=False, test_result_base=None, continue_on_error=False, executor='parallel', parallel_workers=12, event_handlers=None, ignore_user_meta=False, metas=['./colcon.meta'], base_paths=['.'], packages_ignore=None, packages_ignore_regex=None, paths=None, packages_up_to=None, packages_up_to_regex=None, packages_above=None, packages_above_and_dependencies=None, packages_above_depth=None, packages_select_by_dep=None, packages_skip_by_dep=None, packages_skip_up_to=None, packages_select_build_failed=False, packages_skip_build_finished=False, packages_select_test_failures=False, packages_skip_test_passed=False, packages_select=['example_service_rclpy'], packages_skip=None, packages_select_regex=None, packages_skip_regex=None, packages_start=None, packages_end=None, allow_overriding=[], cmake_args=None, cmake_target=None, cmake_target_skip_unavailable=False, cmake_clean_cache=False, cmake_clean_first=False, cmake_force_configure=False, ament_cmake_args=None, catkin_cmake_args=None, catkin_skip_building_tests=False, verb_parser=<colcon_defaults.argument_parser.defaults.DefaultArgumentsDecorator object at 0x70283ed2af20>, verb_extension=<colcon_core.verb.build.BuildVerb object at 0x70283ed2a9e0>, main=<bound method BuildVerb.main of <colcon_core.verb.build.BuildVerb object at 0x70283ed2a9e0>>)
[3.212s] Level 1:colcon.colcon_core.package_discovery:discover_packages(colcon_meta) check parameters
[3.212s] Level 1:colcon.colcon_core.package_discovery:discover_packages(recursive) check parameters
[3.212s] Level 1:colcon.colcon_core.package_discovery:discover_packages(ignore) check parameters
[3.212s] Level 1:colcon.colcon_core.package_discovery:discover_packages(path) check parameters
[3.213s] Level 1:colcon.colcon_core.package_discovery:discover_packages(colcon_meta) discover
[3.213s] Level 1:colcon.colcon_core.package_discovery:discover_packages(recursive) discover
[3.213s] INFO:colcon.colcon_core.package_discovery:Crawling recursively for packages in '/home/andinm/d2lros2/chapt3/chapt3_ws'
[3.214s] Level 1:colcon.colcon_core.package_identification:_identify(.) by extensions ['ignore', 'ignore_ament_install']
[3.215s] Level 1:colcon.colcon_core.package_identification:_identify(.) by extension 'ignore'
[3.216s] Level 1:colcon.colcon_core.package_identification:_identify(.) by extension 'ignore_ament_install'
[3.217s] Level 1:colcon.colcon_core.package_identification:_identify(.) by extensions ['colcon_pkg']
[3.217s] Level 1:colcon.colcon_core.package_identification:_identify(.) by extension 'colcon_pkg'
[3.218s] Level 1:colcon.colcon_core.package_identification:_identify(.) by extensions ['colcon_meta']
[3.218s] Level 1:colcon.colcon_core.package_identification:_identify(.) by extension 'colcon_meta'
[3.219s] Level 1:colcon.colcon_core.package_identification:_identify(.) by extensions ['ros']
[3.219s] Level 1:colcon.colcon_core.package_identification:_identify(.) by extension 'ros'
[3.326s] Level 1:colcon.colcon_core.package_identification:_identify(.) by extensions ['cmake', 'python']
[3.327s] Level 1:colcon.colcon_core.package_identification:_identify(.) by extension 'cmake'
[3.327s] Level 1:colcon.colcon_core.package_identification:_identify(.) by extension 'python'
[3.327s] Level 1:colcon.colcon_core.package_identification:_identify(.) by extensions ['python_setup_py']
[3.328s] Level 1:colcon.colcon_core.package_identification:_identify(.) by extension 'python_setup_py'
[3.329s] Level 1:colcon.colcon_core.package_identification:_identify(build) by extensions ['ignore', 'ignore_ament_install']
[3.330s] Level 1:colcon.colcon_core.package_identification:_identify(build) by extension 'ignore'
[3.331s] Level 1:colcon.colcon_core.package_identification:_identify(build) ignored
[3.332s] Level 1:colcon.colcon_core.package_identification:_identify(install) by extensions ['ignore', 'ignore_ament_install']
[3.333s] Level 1:colcon.colcon_core.package_identification:_identify(install) by extension 'ignore'
[3.334s] Level 1:colcon.colcon_core.package_identification:_identify(install) ignored
[3.335s] Level 1:colcon.colcon_core.package_identification:_identify(log) by extensions ['ignore', 'ignore_ament_install']
[3.336s] Level 1:colcon.colcon_core.package_identification:_identify(log) by extension 'ignore'
[3.336s] Level 1:colcon.colcon_core.package_identification:_identify(log) ignored
[3.337s] Level 1:colcon.colcon_core.package_identification:_identify(src) by extensions ['ignore', 'ignore_ament_install']
[3.338s] Level 1:colcon.colcon_core.package_identification:_identify(src) by extension 'ignore'
[3.338s] Level 1:colcon.colcon_core.package_identification:_identify(src) by extension 'ignore_ament_install'
[3.339s] Level 1:colcon.colcon_core.package_identification:_identify(src) by extensions ['colcon_pkg']
[3.339s] Level 1:colcon.colcon_core.package_identification:_identify(src) by extension 'colcon_pkg'
[3.340s] Level 1:colcon.colcon_core.package_identification:_identify(src) by extensions ['colcon_meta']
[3.340s] Level 1:colcon.colcon_core.package_identification:_identify(src) by extension 'colcon_meta'
[3.341s] Level 1:colcon.colcon_core.package_identification:_identify(src) by extensions ['ros']
[3.342s] Level 1:colcon.colcon_core.package_identification:_identify(src) by extension 'ros'
[3.344s] Level 1:colcon.colcon_core.package_identification:_identify(src) by extensions ['cmake', 'python']
[3.344s] Level 1:colcon.colcon_core.package_identification:_identify(src) by extension 'cmake'
[3.345s] Level 1:colcon.colcon_core.package_identification:_identify(src) by extension 'python'
[3.346s] Level 1:colcon.colcon_core.package_identification:_identify(src) by extensions ['python_setup_py']
[3.346s] Level 1:colcon.colcon_core.package_identification:_identify(src) by extension 'python_setup_py'
[3.348s] Level 1:colcon.colcon_core.package_identification:_identify(src/example_service_rclcpp) by extensions ['ignore', 'ignore_ament_install']
[3.348s] Level 1:colcon.colcon_core.package_identification:_identify(src/example_service_rclcpp) by extension 'ignore'
[3.349s] Level 1:colcon.colcon_core.package_identification:_identify(src/example_service_rclcpp) by extension 'ignore_ament_install'
[3.350s] Level 1:colcon.colcon_core.package_identification:_identify(src/example_service_rclcpp) by extensions ['colcon_pkg']
[3.350s] Level 1:colcon.colcon_core.package_identification:_identify(src/example_service_rclcpp) by extension 'colcon_pkg'
[3.351s] Level 1:colcon.colcon_core.package_identification:_identify(src/example_service_rclcpp) by extensions ['colcon_meta']
[3.351s] Level 1:colcon.colcon_core.package_identification:_identify(src/example_service_rclcpp) by extension 'colcon_meta'
[3.352s] Level 1:colcon.colcon_core.package_identification:_identify(src/example_service_rclcpp) by extensions ['ros']
[3.353s] Level 1:colcon.colcon_core.package_identification:_identify(src/example_service_rclcpp) by extension 'ros'
[3.368s] DEBUG:colcon.colcon_core.package_identification:Package 'src/example_service_rclcpp' with type 'ros.ament_cmake' and name 'example_service_rclcpp'
[3.370s] Level 1:colcon.colcon_core.package_identification:_identify(src/example_service_rclpy) by extensions ['ignore', 'ignore_ament_install']
[3.371s] Level 1:colcon.colcon_core.package_identification:_identify(src/example_service_rclpy) by extension 'ignore'
[3.372s] Level 1:colcon.colcon_core.package_identification:_identify(src/example_service_rclpy) by extension 'ignore_ament_install'
[3.373s] Level 1:colcon.colcon_core.package_identification:_identify(src/example_service_rclpy) by extensions ['colcon_pkg']
[3.373s] Level 1:colcon.colcon_core.package_identification:_identify(src/example_service_rclpy) by extension 'colcon_pkg'
[3.373s] Level 1:colcon.colcon_core.package_identification:_identify(src/example_service_rclpy) by extensions ['colcon_meta']
[3.374s] Level 1:colcon.colcon_core.package_identification:_identify(src/example_service_rclpy) by extension 'colcon_meta'
[3.374s] Level 1:colcon.colcon_core.package_identification:_identify(src/example_service_rclpy) by extensions ['ros']
[3.375s] Level 1:colcon.colcon_core.package_identification:_identify(src/example_service_rclpy) by extension 'ros'
[3.379s] DEBUG:colcon.colcon_core.package_identification:Package 'src/example_service_rclpy' with type 'ros.ament_python' and name 'example_service_rclpy'
[3.381s] Level 1:colcon.colcon_core.package_identification:_identify(src/example_topic_rclcpp) by extensions ['ignore', 'ignore_ament_install']
[3.381s] Level 1:colcon.colcon_core.package_identification:_identify(src/example_topic_rclcpp) by extension 'ignore'
[3.382s] Level 1:colcon.colcon_core.package_identification:_identify(src/example_topic_rclcpp) by extension 'ignore_ament_install'
[3.383s] Level 1:colcon.colcon_core.package_identification:_identify(src/example_topic_rclcpp) by extensions ['colcon_pkg']
[3.383s] Level 1:colcon.colcon_core.package_identification:_identify(src/example_topic_rclcpp) by extension 'colcon_pkg'
[3.384s] Level 1:colcon.colcon_core.package_identification:_identify(src/example_topic_rclcpp) by extensions ['colcon_meta']
[3.384s] Level 1:colcon.colcon_core.package_identification:_identify(src/example_topic_rclcpp) by extension 'colcon_meta'
[3.385s] Level 1:colcon.colcon_core.package_identification:_identify(src/example_topic_rclcpp) by extensions ['ros']
[3.386s] Level 1:colcon.colcon_core.package_identification:_identify(src/example_topic_rclcpp) by extension 'ros'
[3.392s] DEBUG:colcon.colcon_core.package_identification:Package 'src/example_topic_rclcpp' with type 'ros.ament_cmake' and name 'example_topic_rclcpp'
[3.394s] Level 1:colcon.colcon_core.package_identification:_identify(src/example_topic_rclpy) by extensions ['ignore', 'ignore_ament_install']
[3.394s] Level 1:colcon.colcon_core.package_identification:_identify(src/example_topic_rclpy) by extension 'ignore'
[3.396s] Level 1:colcon.colcon_core.package_identification:_identify(src/example_topic_rclpy) by extension 'ignore_ament_install'
[3.397s] Level 1:colcon.colcon_core.package_identification:_identify(src/example_topic_rclpy) by extensions ['colcon_pkg']
[3.398s] Level 1:colcon.colcon_core.package_identification:_identify(src/example_topic_rclpy) by extension 'colcon_pkg'
[3.398s] Level 1:colcon.colcon_core.package_identification:_identify(src/example_topic_rclpy) by extensions ['colcon_meta']
[3.399s] Level 1:colcon.colcon_core.package_identification:_identify(src/example_topic_rclpy) by extension 'colcon_meta'
[3.400s] Level 1:colcon.colcon_core.package_identification:_identify(src/example_topic_rclpy) by extensions ['ros']
[3.400s] Level 1:colcon.colcon_core.package_identification:_identify(src/example_topic_rclpy) by extension 'ros'
[3.407s] DEBUG:colcon.colcon_core.package_identification:Package 'src/example_topic_rclpy' with type 'ros.ament_python' and name 'example_topic_rclpy'
[3.410s] Level 1:colcon.colcon_core.package_discovery:discover_packages(recursive) using defaults
[3.410s] Level 1:colcon.colcon_core.package_discovery:discover_packages(ignore) discover
[3.410s] Level 1:colcon.colcon_core.package_discovery:discover_packages(ignore) using defaults
[3.411s] Level 1:colcon.colcon_core.package_discovery:discover_packages(path) discover
[3.411s] Level 1:colcon.colcon_core.package_discovery:discover_packages(path) using defaults
[3.618s] INFO:colcon.colcon_core.package_selection:Skipping not selected package 'example_service_rclcpp' in 'src/example_service_rclcpp'
[3.619s] INFO:colcon.colcon_core.package_selection:Skipping not selected package 'example_topic_rclcpp' in 'src/example_topic_rclcpp'
[3.620s] INFO:colcon.colcon_core.package_selection:Skipping not selected package 'example_topic_rclpy' in 'src/example_topic_rclpy'
[3.623s] Level 1:colcon.colcon_core.package_discovery:discover_packages(prefix_path) check parameters
[3.624s] Level 1:colcon.colcon_core.package_discovery:discover_packages(prefix_path) discover
[3.673s] DEBUG:colcon.colcon_installed_package_information.package_discovery:Found 272 installed packages in /opt/ros/humble
[3.738s] Level 1:colcon.colcon_core.package_discovery:discover_packages(prefix_path) using defaults
[4.230s] Level 5:colcon.colcon_core.verb:set package 'example_service_rclpy' build argument 'cmake_args' from command line to 'None'
[4.230s] Level 5:colcon.colcon_core.verb:set package 'example_service_rclpy' build argument 'cmake_target' from command line to 'None'
[4.231s] Level 5:colcon.colcon_core.verb:set package 'example_service_rclpy' build argument 'cmake_target_skip_unavailable' from command line to 'False'
[4.231s] Level 5:colcon.colcon_core.verb:set package 'example_service_rclpy' build argument 'cmake_clean_cache' from command line to 'False'
[4.233s] Level 5:colcon.colcon_core.verb:set package 'example_service_rclpy' build argument 'cmake_clean_first' from command line to 'False'
[4.233s] Level 5:colcon.colcon_core.verb:set package 'example_service_rclpy' build argument 'cmake_force_configure' from command line to 'False'
[4.234s] Level 5:colcon.colcon_core.verb:set package 'example_service_rclpy' build argument 'ament_cmake_args' from command line to 'None'
[4.235s] Level 5:colcon.colcon_core.verb:set package 'example_service_rclpy' build argument 'catkin_cmake_args' from command line to 'None'
[4.235s] Level 5:colcon.colcon_core.verb:set package 'example_service_rclpy' build argument 'catkin_skip_building_tests' from command line to 'False'
[4.236s] DEBUG:colcon.colcon_core.verb:Building package 'example_service_rclpy' with the following arguments: {'ament_cmake_args': None, 'build_base': '/home/andinm/d2lros2/chapt3/chapt3_ws/build/example_service_rclpy', 'catkin_cmake_args': None, 'catkin_skip_building_tests': False, 'cmake_args': None, 'cmake_clean_cache': False, 'cmake_clean_first': False, 'cmake_force_configure': False, 'cmake_target': None, 'cmake_target_skip_unavailable': False, 'install_base': '/home/andinm/d2lros2/chapt3/chapt3_ws/install/example_service_rclpy', 'merge_install': False, 'path': '/home/andinm/d2lros2/chapt3/chapt3_ws/src/example_service_rclpy', 'symlink_install': False, 'test_result_base': None}
[4.236s] INFO:colcon.colcon_core.executor:Executing jobs using 'parallel' executor
[4.245s] DEBUG:colcon.colcon_parallel_executor.executor.parallel:run_until_complete
[4.247s] INFO:colcon.colcon_ros.task.ament_python.build:Building ROS package in '/home/andinm/d2lros2/chapt3/chapt3_ws/src/example_service_rclpy' with build type 'ament_python'
[4.250s] Level 1:colcon.colcon_core.shell:create_environment_hook('example_service_rclpy', 'ament_prefix_path')
[4.285s] INFO:colcon.colcon_core.plugin_system:Skipping extension 'colcon_core.shell.bat': Not used on non-Windows systems
[4.286s] INFO:colcon.colcon_core.shell:Creating environment hook '/home/andinm/d2lros2/chapt3/chapt3_ws/install/example_service_rclpy/share/example_service_rclpy/hook/ament_prefix_path.ps1'
[4.292s] INFO:colcon.colcon_core.shell:Creating environment descriptor '/home/andinm/d2lros2/chapt3/chapt3_ws/install/example_service_rclpy/share/example_service_rclpy/hook/ament_prefix_path.dsv'
[4.299s] INFO:colcon.colcon_core.shell:Creating environment hook '/home/andinm/d2lros2/chapt3/chapt3_ws/install/example_service_rclpy/share/example_service_rclpy/hook/ament_prefix_path.sh'
[4.307s] INFO:colcon.colcon_core.shell:Skip shell extension 'powershell' for command environment: Not usable outside of PowerShell
[4.308s] DEBUG:colcon.colcon_core.shell:Skip shell extension 'dsv' for command environment
[7.176s] INFO:colcon.colcon_core.task.python.build:Building Python package in '/home/andinm/d2lros2/chapt3/chapt3_ws/src/example_service_rclpy'
[7.178s] INFO:colcon.colcon_core.shell:Skip shell extension 'powershell' for command environment: Not usable outside of PowerShell
[7.178s] DEBUG:colcon.colcon_core.shell:Skip shell extension 'dsv' for command environment
[10.648s] DEBUG:colcon.colcon_core.event_handler.log_command:Invoking command in '/home/andinm/d2lros2/chapt3/chapt3_ws/src/example_service_rclpy': PYTHONPATH=/home/andinm/d2lros2/chapt3/chapt3_ws/build/example_service_rclpy/prefix_override:/usr/lib/python3/dist-packages/colcon_core/task/python/colcon_distutils_commands:/home/andinm/d2lros2/chapt3/chapt3_ws/install/example_service_rclpy/lib/python3.10/site-packages:${PYTHONPATH} /usr/bin/python3 -W ignore:setup.py install is deprecated -W ignore:easy_install command is deprecated setup.py egg_info --egg-base ../../build/example_service_rclpy build --build-base /home/andinm/d2lros2/chapt3/chapt3_ws/build/example_service_rclpy/build install --record /home/andinm/d2lros2/chapt3/chapt3_ws/build/example_service_rclpy/install.log --single-version-externally-managed install_data
[13.764s] DEBUG:colcon.colcon_core.event_handler.log_command:Invoked command in '/home/andinm/d2lros2/chapt3/chapt3_ws/src/example_service_rclpy' returned '0': PYTHONPATH=/home/andinm/d2lros2/chapt3/chapt3_ws/build/example_service_rclpy/prefix_override:/usr/lib/python3/dist-packages/colcon_core/task/python/colcon_distutils_commands:/home/andinm/d2lros2/chapt3/chapt3_ws/install/example_service_rclpy/lib/python3.10/site-packages:${PYTHONPATH} /usr/bin/python3 -W ignore:setup.py install is deprecated -W ignore:easy_install command is deprecated setup.py egg_info --egg-base ../../build/example_service_rclpy build --build-base /home/andinm/d2lros2/chapt3/chapt3_ws/build/example_service_rclpy/build install --record /home/andinm/d2lros2/chapt3/chapt3_ws/build/example_service_rclpy/install.log --single-version-externally-managed install_data
[13.792s] Level 1:colcon.colcon_core.environment:checking '/home/andinm/d2lros2/chapt3/chapt3_ws/install/example_service_rclpy' for CMake module files
[13.797s] Level 1:colcon.colcon_core.environment:checking '/home/andinm/d2lros2/chapt3/chapt3_ws/install/example_service_rclpy' for CMake config files
[13.807s] Level 1:colcon.colcon_core.environment:checking '/home/andinm/d2lros2/chapt3/chapt3_ws/install/example_service_rclpy/lib'
[13.809s] Level 1:colcon.colcon_core.environment:checking '/home/andinm/d2lros2/chapt3/chapt3_ws/install/example_service_rclpy/bin'
[13.809s] Level 1:colcon.colcon_core.environment:checking '/home/andinm/d2lros2/chapt3/chapt3_ws/install/example_service_rclpy/lib/pkgconfig/example_service_rclpy.pc'
[13.812s] Level 1:colcon.colcon_core.environment:checking '/home/andinm/d2lros2/chapt3/chapt3_ws/install/example_service_rclpy/lib/python3.10/site-packages'
[13.813s] Level 1:colcon.colcon_core.shell:create_environment_hook('example_service_rclpy', 'pythonpath')
[13.814s] INFO:colcon.colcon_core.shell:Creating environment hook '/home/andinm/d2lros2/chapt3/chapt3_ws/install/example_service_rclpy/share/example_service_rclpy/hook/pythonpath.ps1'
[13.818s] INFO:colcon.colcon_core.shell:Creating environment descriptor '/home/andinm/d2lros2/chapt3/chapt3_ws/install/example_service_rclpy/share/example_service_rclpy/hook/pythonpath.dsv'
[13.823s] INFO:colcon.colcon_core.shell:Creating environment hook '/home/andinm/d2lros2/chapt3/chapt3_ws/install/example_service_rclpy/share/example_service_rclpy/hook/pythonpath.sh'
[13.828s] Level 1:colcon.colcon_core.environment:checking '/home/andinm/d2lros2/chapt3/chapt3_ws/install/example_service_rclpy/bin'
[13.829s] Level 1:colcon.colcon_core.environment:create_environment_scripts_only(example_service_rclpy)
[13.831s] INFO:colcon.colcon_core.shell:Creating package script '/home/andinm/d2lros2/chapt3/chapt3_ws/install/example_service_rclpy/share/example_service_rclpy/package.ps1'
[13.837s] INFO:colcon.colcon_core.shell:Creating package descriptor '/home/andinm/d2lros2/chapt3/chapt3_ws/install/example_service_rclpy/share/example_service_rclpy/package.dsv'
[13.843s] INFO:colcon.colcon_core.shell:Creating package script '/home/andinm/d2lros2/chapt3/chapt3_ws/install/example_service_rclpy/share/example_service_rclpy/package.sh'
[13.850s] INFO:colcon.colcon_core.shell:Creating package script '/home/andinm/d2lros2/chapt3/chapt3_ws/install/example_service_rclpy/share/example_service_rclpy/package.bash'
[13.856s] INFO:colcon.colcon_core.shell:Creating package script '/home/andinm/d2lros2/chapt3/chapt3_ws/install/example_service_rclpy/share/example_service_rclpy/package.zsh'
[13.861s] Level 1:colcon.colcon_core.environment:create_file_with_runtime_dependencies(/home/andinm/d2lros2/chapt3/chapt3_ws/install/example_service_rclpy/share/colcon-core/packages/example_service_rclpy)
[13.869s] DEBUG:colcon.colcon_parallel_executor.executor.parallel:closing loop
[13.871s] DEBUG:colcon.colcon_parallel_executor.executor.parallel:loop closed
[13.876s] DEBUG:colcon.colcon_parallel_executor.executor.parallel:run_until_complete finished with '0'
[13.877s] DEBUG:colcon.colcon_core.event_reactor:joining thread
[13.922s] INFO:colcon.colcon_core.plugin_system:Skipping extension 'colcon_notification.desktop_notification.terminal_notifier': Not used on non-Darwin systems
[13.924s] INFO:colcon.colcon_core.plugin_system:Skipping extension 'colcon_notification.desktop_notification.win32': Not used on non-Windows systems
[13.924s] INFO:colcon.colcon_notification.desktop_notification:Sending desktop notification using 'notify2'
[14.089s] DEBUG:colcon.colcon_core.event_reactor:joined thread
[14.091s] INFO:colcon.colcon_core.shell:Creating prefix script '/home/andinm/d2lros2/chapt3/chapt3_ws/install/local_setup.ps1'
[14.101s] INFO:colcon.colcon_core.shell:Creating prefix util module '/home/andinm/d2lros2/chapt3/chapt3_ws/install/_local_setup_util_ps1.py'
[14.111s] INFO:colcon.colcon_core.shell:Creating prefix chain script '/home/andinm/d2lros2/chapt3/chapt3_ws/install/setup.ps1'
[14.117s] INFO:colcon.colcon_core.shell:Creating prefix script '/home/andinm/d2lros2/chapt3/chapt3_ws/install/local_setup.sh'
[14.124s] INFO:colcon.colcon_core.shell:Creating prefix util module '/home/andinm/d2lros2/chapt3/chapt3_ws/install/_local_setup_util_sh.py'
[14.128s] INFO:colcon.colcon_core.shell:Creating prefix chain script '/home/andinm/d2lros2/chapt3/chapt3_ws/install/setup.sh'
[14.131s] INFO:colcon.colcon_core.shell:Creating prefix script '/home/andinm/d2lros2/chapt3/chapt3_ws/install/local_setup.bash'
[14.133s] INFO:colcon.colcon_core.shell:Creating prefix chain script '/home/andinm/d2lros2/chapt3/chapt3_ws/install/setup.bash'
[14.138s] INFO:colcon.colcon_core.shell:Creating prefix script '/home/andinm/d2lros2/chapt3/chapt3_ws/install/local_setup.zsh'
[14.142s] INFO:colcon.colcon_core.shell:Creating prefix chain script '/home/andinm/d2lros2/chapt3/chapt3_ws/install/setup.zsh'
