[0.144s] Invoking command in '/home/andinm/d2lros2/chapt3/chapt3_ws/build/example_topic_rclcpp': CMAKE_PREFIX_PATH=${CMAKE_PREFIX_PATH}:/opt/ros/humble /usr/bin/cmake --build /home/andinm/d2lros2/chapt3/chapt3_ws/build/example_topic_rclcpp -- -j12 -l12
[0.617s] -- Found ament_cmake: 1.3.12 (/opt/ros/humble/share/ament_cmake/cmake)
[2.100s] -- Found rclcpp: 16.0.17 (/opt/ros/humble/share/rclcpp/cmake)
[2.441s] -- Found rosidl_generator_c: 3.1.8 (/opt/ros/humble/share/rosidl_generator_c/cmake)
[2.487s] -- Found rosidl_adapter: 3.1.8 (/opt/ros/humble/share/rosidl_adapter/cmake)
[2.591s] -- Found rosidl_generator_cpp: 3.1.8 (/opt/ros/humble/share/rosidl_generator_cpp/cmake)
[2.735s] -- Using all available rosidl_typesupport_c: rosidl_typesupport_fastrtps_c;rosidl_typesupport_introspection_c
[2.934s] -- Using all available rosidl_typesupport_cpp: rosidl_typesupport_fastrtps_cpp;rosidl_typesupport_introspection_cpp
[3.281s] -- Found rmw_implementation_cmake: 6.1.2 (/opt/ros/humble/share/rmw_implementation_cmake/cmake)
[3.301s] -- Found rmw_fastrtps_cpp: 6.2.9 (/opt/ros/humble/share/rmw_fastrtps_cpp/cmake)
[4.449s] -- Using RMW implementation 'rmw_fastrtps_cpp' as default
[4.910s] -- Found ament_lint_auto: 0.12.14 (/opt/ros/humble/share/ament_lint_auto/cmake)
[5.696s] -- Added test 'cppcheck' to perform static code analysis on C / C++ code
[5.698s] -- Configured cppcheck include dirs: 
[5.700s] -- Configured cppcheck exclude dirs and/or files: 
[5.712s] -- Added test 'lint_cmake' to check CMake code style
[5.737s] -- Added test 'uncrustify' to check C / C++ code style
[5.740s] -- Configured uncrustify additional arguments: 
[5.744s] -- Added test 'xmllint' to check XML markup files
[5.767s] -- Configuring done
[5.874s] [31mCMake Error at CMakeLists.txt:28 (add_executable):
[5.875s]   Cannot find source file:
[5.878s] 
[5.880s]     src/topic_subscribe_01.cpp
[5.882s] 
[5.882s]   Tried extensions .c .C .c++ .cc .cpp .cxx .cu .mpp .m .M .mm .ixx .cppm .h
[5.883s]   .hh .h++ .hm .hpp .hxx .in .txx .f .F .for .f77 .f90 .f95 .f03 .hip .ispc
[5.884s] 
[5.885s] [0m
[5.887s] [31mCMake Error at CMakeLists.txt:28 (add_executable):
[5.888s]   No SOURCES given to target: topic_subscribe_01
[5.889s] 
[5.889s] [0m
[5.890s] [0mCMake Generate step failed.  Build files cannot be regenerated correctly.[0m
[5.975s] gmake: *** [Makefile:267：cmake_check_build_system] 错误 1
[5.993s] Invoked command in '/home/andinm/d2lros2/chapt3/chapt3_ws/build/example_topic_rclcpp' returned '2': CMAKE_PREFIX_PATH=${CMAKE_PREFIX_PATH}:/opt/ros/humble /usr/bin/cmake --build /home/andinm/d2lros2/chapt3/chapt3_ws/build/example_topic_rclcpp -- -j12 -l12
