[6.387s] Invoking command in '/home/andinm/d2lros2/chapt3/chapt3_ws/src/example_service_rclpy': PYTHONPATH=/home/andinm/d2lros2/chapt3/chapt3_ws/build/example_service_rclpy/prefix_override:/usr/lib/python3/dist-packages/colcon_core/task/python/colcon_distutils_commands:/home/andinm/d2lros2/chapt3/chapt3_ws/install/example_service_rclpy/lib/python3.10/site-packages:${PYTHONPATH} /usr/bin/python3 -W ignore:setup.py install is deprecated -W ignore:easy_install command is deprecated setup.py egg_info --egg-base ../../build/example_service_rclpy build --build-base /home/andinm/d2lros2/chapt3/chapt3_ws/build/example_service_rclpy/build install --record /home/andinm/d2lros2/chapt3/chapt3_ws/build/example_service_rclpy/install.log --single-version-externally-managed install_data
[9.132s] running egg_info
[9.139s] writing ../../build/example_service_rclpy/example_service_rclpy.egg-info/PKG-INFO
[9.144s] writing dependency_links to ../../build/example_service_rclpy/example_service_rclpy.egg-info/dependency_links.txt
[9.147s] writing entry points to ../../build/example_service_rclpy/example_service_rclpy.egg-info/entry_points.txt
[9.148s] writing requirements to ../../build/example_service_rclpy/example_service_rclpy.egg-info/requires.txt
[9.149s] writing top-level names to ../../build/example_service_rclpy/example_service_rclpy.egg-info/top_level.txt
[9.162s] reading manifest file '../../build/example_service_rclpy/example_service_rclpy.egg-info/SOURCES.txt'
[9.171s] writing manifest file '../../build/example_service_rclpy/example_service_rclpy.egg-info/SOURCES.txt'
[9.173s] running build
[9.174s] running build_py
[9.179s] running install
[9.181s] running install_lib
[9.194s] running install_data
[9.197s] running install_egg_info
[9.209s] removing '/home/andinm/d2lros2/chapt3/chapt3_ws/install/example_service_rclpy/lib/python3.10/site-packages/example_service_rclpy-0.0.0-py3.10.egg-info' (and everything under it)
[9.212s] Copying ../../build/example_service_rclpy/example_service_rclpy.egg-info to /home/andinm/d2lros2/chapt3/chapt3_ws/install/example_service_rclpy/lib/python3.10/site-packages/example_service_rclpy-0.0.0-py3.10.egg-info
[9.226s] running install_scripts
[9.388s] Installing service_client_02 script to /home/andinm/d2lros2/chapt3/chapt3_ws/install/example_service_rclpy/lib/example_service_rclpy
[9.391s] Installing service_server_02 script to /home/andinm/d2lros2/chapt3/chapt3_ws/install/example_service_rclpy/lib/example_service_rclpy
[9.395s] writing list of installed files to '/home/andinm/d2lros2/chapt3/chapt3_ws/build/example_service_rclpy/install.log'
[9.502s] Invoked command in '/home/andinm/d2lros2/chapt3/chapt3_ws/src/example_service_rclpy' returned '0': PYTHONPATH=/home/andinm/d2lros2/chapt3/chapt3_ws/build/example_service_rclpy/prefix_override:/usr/lib/python3/dist-packages/colcon_core/task/python/colcon_distutils_commands:/home/andinm/d2lros2/chapt3/chapt3_ws/install/example_service_rclpy/lib/python3.10/site-packages:${PYTHONPATH} /usr/bin/python3 -W ignore:setup.py install is deprecated -W ignore:easy_install command is deprecated setup.py egg_info --egg-base ../../build/example_service_rclpy build --build-base /home/andinm/d2lros2/chapt3/chapt3_ws/build/example_service_rclpy/build install --record /home/andinm/d2lros2/chapt3/chapt3_ws/build/example_service_rclpy/install.log --single-version-externally-managed install_data
