[1.196s] DEBUG:colcon:Command line arguments: ['/usr/bin/colcon', 'build', '--packages-select', 'example_service_relpy']
[1.196s] DEBUG:colcon:Parsed command line arguments: Namespace(log_base=None, log_level=None, verb_name='build', build_base='build', install_base='install', merge_install=False, symlink_install=False, test_result_base=None, continue_on_error=False, executor='parallel', parallel_workers=12, event_handlers=None, ignore_user_meta=False, metas=['./colcon.meta'], base_paths=['.'], packages_ignore=None, packages_ignore_regex=None, paths=None, packages_up_to=None, packages_up_to_regex=None, packages_above=None, packages_above_and_dependencies=None, packages_above_depth=None, packages_select_by_dep=None, packages_skip_by_dep=None, packages_skip_up_to=None, packages_select_build_failed=False, packages_skip_build_finished=False, packages_select_test_failures=False, packages_skip_test_passed=False, packages_select=['example_service_relpy'], packages_skip=None, packages_select_regex=None, packages_skip_regex=None, packages_start=None, packages_end=None, allow_overriding=[], cmake_args=None, cmake_target=None, cmake_target_skip_unavailable=False, cmake_clean_cache=False, cmake_clean_first=False, cmake_force_configure=False, ament_cmake_args=None, catkin_cmake_args=None, catkin_skip_building_tests=False, verb_parser=<colcon_defaults.argument_parser.defaults.DefaultArgumentsDecorator object at 0x7427c7ab6f20>, verb_extension=<colcon_core.verb.build.BuildVerb object at 0x7427c7ab69e0>, main=<bound method BuildVerb.main of <colcon_core.verb.build.BuildVerb object at 0x7427c7ab69e0>>)
[3.180s] Level 1:colcon.colcon_core.package_discovery:discover_packages(colcon_meta) check parameters
[3.181s] Level 1:colcon.colcon_core.package_discovery:discover_packages(recursive) check parameters
[3.181s] Level 1:colcon.colcon_core.package_discovery:discover_packages(ignore) check parameters
[3.181s] Level 1:colcon.colcon_core.package_discovery:discover_packages(path) check parameters
[3.182s] Level 1:colcon.colcon_core.package_discovery:discover_packages(colcon_meta) discover
[3.182s] Level 1:colcon.colcon_core.package_discovery:discover_packages(recursive) discover
[3.183s] INFO:colcon.colcon_core.package_discovery:Crawling recursively for packages in '/home/andinm/d2lros2/chapt3/chapt3_ws'
[3.183s] Level 1:colcon.colcon_core.package_identification:_identify(.) by extensions ['ignore', 'ignore_ament_install']
[3.185s] Level 1:colcon.colcon_core.package_identification:_identify(.) by extension 'ignore'
[3.185s] Level 1:colcon.colcon_core.package_identification:_identify(.) by extension 'ignore_ament_install'
[3.187s] Level 1:colcon.colcon_core.package_identification:_identify(.) by extensions ['colcon_pkg']
[3.187s] Level 1:colcon.colcon_core.package_identification:_identify(.) by extension 'colcon_pkg'
[3.188s] Level 1:colcon.colcon_core.package_identification:_identify(.) by extensions ['colcon_meta']
[3.188s] Level 1:colcon.colcon_core.package_identification:_identify(.) by extension 'colcon_meta'
[3.189s] Level 1:colcon.colcon_core.package_identification:_identify(.) by extensions ['ros']
[3.189s] Level 1:colcon.colcon_core.package_identification:_identify(.) by extension 'ros'
[3.291s] Level 1:colcon.colcon_core.package_identification:_identify(.) by extensions ['cmake', 'python']
[3.293s] Level 1:colcon.colcon_core.package_identification:_identify(.) by extension 'cmake'
[3.293s] Level 1:colcon.colcon_core.package_identification:_identify(.) by extension 'python'
[3.293s] Level 1:colcon.colcon_core.package_identification:_identify(.) by extensions ['python_setup_py']
[3.294s] Level 1:colcon.colcon_core.package_identification:_identify(.) by extension 'python_setup_py'
[3.296s] Level 1:colcon.colcon_core.package_identification:_identify(build) by extensions ['ignore', 'ignore_ament_install']
[3.297s] Level 1:colcon.colcon_core.package_identification:_identify(build) by extension 'ignore'
[3.298s] Level 1:colcon.colcon_core.package_identification:_identify(build) ignored
[3.301s] Level 1:colcon.colcon_core.package_identification:_identify(install) by extensions ['ignore', 'ignore_ament_install']
[3.302s] Level 1:colcon.colcon_core.package_identification:_identify(install) by extension 'ignore'
[3.302s] Level 1:colcon.colcon_core.package_identification:_identify(install) ignored
[3.304s] Level 1:colcon.colcon_core.package_identification:_identify(log) by extensions ['ignore', 'ignore_ament_install']
[3.305s] Level 1:colcon.colcon_core.package_identification:_identify(log) by extension 'ignore'
[3.306s] Level 1:colcon.colcon_core.package_identification:_identify(log) ignored
[3.307s] Level 1:colcon.colcon_core.package_identification:_identify(src) by extensions ['ignore', 'ignore_ament_install']
[3.309s] Level 1:colcon.colcon_core.package_identification:_identify(src) by extension 'ignore'
[3.310s] Level 1:colcon.colcon_core.package_identification:_identify(src) by extension 'ignore_ament_install'
[3.310s] Level 1:colcon.colcon_core.package_identification:_identify(src) by extensions ['colcon_pkg']
[3.311s] Level 1:colcon.colcon_core.package_identification:_identify(src) by extension 'colcon_pkg'
[3.312s] Level 1:colcon.colcon_core.package_identification:_identify(src) by extensions ['colcon_meta']
[3.312s] Level 1:colcon.colcon_core.package_identification:_identify(src) by extension 'colcon_meta'
[3.313s] Level 1:colcon.colcon_core.package_identification:_identify(src) by extensions ['ros']
[3.314s] Level 1:colcon.colcon_core.package_identification:_identify(src) by extension 'ros'
[3.315s] Level 1:colcon.colcon_core.package_identification:_identify(src) by extensions ['cmake', 'python']
[3.316s] Level 1:colcon.colcon_core.package_identification:_identify(src) by extension 'cmake'
[3.316s] Level 1:colcon.colcon_core.package_identification:_identify(src) by extension 'python'
[3.317s] Level 1:colcon.colcon_core.package_identification:_identify(src) by extensions ['python_setup_py']
[3.317s] Level 1:colcon.colcon_core.package_identification:_identify(src) by extension 'python_setup_py'
[3.318s] Level 1:colcon.colcon_core.package_identification:_identify(src/example_service_rclcpp) by extensions ['ignore', 'ignore_ament_install']
[3.319s] Level 1:colcon.colcon_core.package_identification:_identify(src/example_service_rclcpp) by extension 'ignore'
[3.320s] Level 1:colcon.colcon_core.package_identification:_identify(src/example_service_rclcpp) by extension 'ignore_ament_install'
[3.320s] Level 1:colcon.colcon_core.package_identification:_identify(src/example_service_rclcpp) by extensions ['colcon_pkg']
[3.321s] Level 1:colcon.colcon_core.package_identification:_identify(src/example_service_rclcpp) by extension 'colcon_pkg'
[3.321s] Level 1:colcon.colcon_core.package_identification:_identify(src/example_service_rclcpp) by extensions ['colcon_meta']
[3.322s] Level 1:colcon.colcon_core.package_identification:_identify(src/example_service_rclcpp) by extension 'colcon_meta'
[3.323s] Level 1:colcon.colcon_core.package_identification:_identify(src/example_service_rclcpp) by extensions ['ros']
[3.324s] Level 1:colcon.colcon_core.package_identification:_identify(src/example_service_rclcpp) by extension 'ros'
[3.345s] DEBUG:colcon.colcon_core.package_identification:Package 'src/example_service_rclcpp' with type 'ros.ament_cmake' and name 'example_service_rclcpp'
[3.346s] Level 1:colcon.colcon_core.package_identification:_identify(src/example_service_rclpy) by extensions ['ignore', 'ignore_ament_install']
[3.347s] Level 1:colcon.colcon_core.package_identification:_identify(src/example_service_rclpy) by extension 'ignore'
[3.348s] Level 1:colcon.colcon_core.package_identification:_identify(src/example_service_rclpy) by extension 'ignore_ament_install'
[3.349s] Level 1:colcon.colcon_core.package_identification:_identify(src/example_service_rclpy) by extensions ['colcon_pkg']
[3.349s] Level 1:colcon.colcon_core.package_identification:_identify(src/example_service_rclpy) by extension 'colcon_pkg'
[3.350s] Level 1:colcon.colcon_core.package_identification:_identify(src/example_service_rclpy) by extensions ['colcon_meta']
[3.350s] Level 1:colcon.colcon_core.package_identification:_identify(src/example_service_rclpy) by extension 'colcon_meta'
[3.350s] Level 1:colcon.colcon_core.package_identification:_identify(src/example_service_rclpy) by extensions ['ros']
[3.352s] Level 1:colcon.colcon_core.package_identification:_identify(src/example_service_rclpy) by extension 'ros'
[3.358s] DEBUG:colcon.colcon_core.package_identification:Package 'src/example_service_rclpy' with type 'ros.ament_python' and name 'example_service_rclpy'
[3.359s] Level 1:colcon.colcon_core.package_identification:_identify(src/example_topic_rclcpp) by extensions ['ignore', 'ignore_ament_install']
[3.360s] Level 1:colcon.colcon_core.package_identification:_identify(src/example_topic_rclcpp) by extension 'ignore'
[3.362s] Level 1:colcon.colcon_core.package_identification:_identify(src/example_topic_rclcpp) by extension 'ignore_ament_install'
[3.362s] Level 1:colcon.colcon_core.package_identification:_identify(src/example_topic_rclcpp) by extensions ['colcon_pkg']
[3.364s] Level 1:colcon.colcon_core.package_identification:_identify(src/example_topic_rclcpp) by extension 'colcon_pkg'
[3.364s] Level 1:colcon.colcon_core.package_identification:_identify(src/example_topic_rclcpp) by extensions ['colcon_meta']
[3.365s] Level 1:colcon.colcon_core.package_identification:_identify(src/example_topic_rclcpp) by extension 'colcon_meta'
[3.365s] Level 1:colcon.colcon_core.package_identification:_identify(src/example_topic_rclcpp) by extensions ['ros']
[3.365s] Level 1:colcon.colcon_core.package_identification:_identify(src/example_topic_rclcpp) by extension 'ros'
[3.371s] DEBUG:colcon.colcon_core.package_identification:Package 'src/example_topic_rclcpp' with type 'ros.ament_cmake' and name 'example_topic_rclcpp'
[3.372s] Level 1:colcon.colcon_core.package_identification:_identify(src/example_topic_rclpy) by extensions ['ignore', 'ignore_ament_install']
[3.373s] Level 1:colcon.colcon_core.package_identification:_identify(src/example_topic_rclpy) by extension 'ignore'
[3.373s] Level 1:colcon.colcon_core.package_identification:_identify(src/example_topic_rclpy) by extension 'ignore_ament_install'
[3.373s] Level 1:colcon.colcon_core.package_identification:_identify(src/example_topic_rclpy) by extensions ['colcon_pkg']
[3.374s] Level 1:colcon.colcon_core.package_identification:_identify(src/example_topic_rclpy) by extension 'colcon_pkg'
[3.374s] Level 1:colcon.colcon_core.package_identification:_identify(src/example_topic_rclpy) by extensions ['colcon_meta']
[3.375s] Level 1:colcon.colcon_core.package_identification:_identify(src/example_topic_rclpy) by extension 'colcon_meta'
[3.375s] Level 1:colcon.colcon_core.package_identification:_identify(src/example_topic_rclpy) by extensions ['ros']
[3.376s] Level 1:colcon.colcon_core.package_identification:_identify(src/example_topic_rclpy) by extension 'ros'
[3.381s] DEBUG:colcon.colcon_core.package_identification:Package 'src/example_topic_rclpy' with type 'ros.ament_python' and name 'example_topic_rclpy'
[3.382s] Level 1:colcon.colcon_core.package_discovery:discover_packages(recursive) using defaults
[3.383s] Level 1:colcon.colcon_core.package_discovery:discover_packages(ignore) discover
[3.383s] Level 1:colcon.colcon_core.package_discovery:discover_packages(ignore) using defaults
[3.383s] Level 1:colcon.colcon_core.package_discovery:discover_packages(path) discover
[3.383s] Level 1:colcon.colcon_core.package_discovery:discover_packages(path) using defaults
[3.384s] WARNING:colcon.colcon_core.package_selection:ignoring unknown package 'example_service_relpy' in --packages-select
[3.549s] INFO:colcon.colcon_core.package_selection:Skipping not selected package 'example_service_rclcpp' in 'src/example_service_rclcpp'
[3.549s] INFO:colcon.colcon_core.package_selection:Skipping not selected package 'example_service_rclpy' in 'src/example_service_rclpy'
[3.550s] INFO:colcon.colcon_core.package_selection:Skipping not selected package 'example_topic_rclcpp' in 'src/example_topic_rclcpp'
[3.550s] INFO:colcon.colcon_core.package_selection:Skipping not selected package 'example_topic_rclpy' in 'src/example_topic_rclpy'
[3.555s] Level 1:colcon.colcon_core.package_discovery:discover_packages(prefix_path) check parameters
[3.555s] Level 1:colcon.colcon_core.package_discovery:discover_packages(prefix_path) discover
[3.601s] DEBUG:colcon.colcon_installed_package_information.package_discovery:Found 272 installed packages in /opt/ros/humble
[3.647s] Level 1:colcon.colcon_core.package_discovery:discover_packages(prefix_path) using defaults
[4.106s] INFO:colcon.colcon_core.executor:Executing jobs using 'parallel' executor
[4.117s] DEBUG:colcon.colcon_parallel_executor.executor.parallel:run_until_complete
[4.121s] DEBUG:colcon.colcon_parallel_executor.executor.parallel:closing loop
[4.126s] DEBUG:colcon.colcon_parallel_executor.executor.parallel:loop closed
[4.126s] DEBUG:colcon.colcon_parallel_executor.executor.parallel:run_until_complete finished with '0'
[4.127s] DEBUG:colcon.colcon_core.event_reactor:joining thread
[4.193s] INFO:colcon.colcon_core.plugin_system:Skipping extension 'colcon_notification.desktop_notification.terminal_notifier': Not used on non-Darwin systems
[4.194s] INFO:colcon.colcon_core.plugin_system:Skipping extension 'colcon_notification.desktop_notification.win32': Not used on non-Windows systems
[4.194s] INFO:colcon.colcon_notification.desktop_notification:Sending desktop notification using 'notify2'
[4.350s] DEBUG:colcon.colcon_core.event_reactor:joined thread
[4.368s] INFO:colcon.colcon_core.plugin_system:Skipping extension 'colcon_core.shell.bat': Not used on non-Windows systems
[4.370s] INFO:colcon.colcon_core.shell:Creating prefix script '/home/andinm/d2lros2/chapt3/chapt3_ws/install/local_setup.ps1'
[4.376s] INFO:colcon.colcon_core.shell:Creating prefix util module '/home/andinm/d2lros2/chapt3/chapt3_ws/install/_local_setup_util_ps1.py'
[4.388s] INFO:colcon.colcon_core.shell:Creating prefix chain script '/home/andinm/d2lros2/chapt3/chapt3_ws/install/setup.ps1'
[4.395s] INFO:colcon.colcon_core.shell:Creating prefix script '/home/andinm/d2lros2/chapt3/chapt3_ws/install/local_setup.sh'
[4.399s] INFO:colcon.colcon_core.shell:Creating prefix util module '/home/andinm/d2lros2/chapt3/chapt3_ws/install/_local_setup_util_sh.py'
[4.405s] INFO:colcon.colcon_core.shell:Creating prefix chain script '/home/andinm/d2lros2/chapt3/chapt3_ws/install/setup.sh'
[4.414s] INFO:colcon.colcon_core.shell:Creating prefix script '/home/andinm/d2lros2/chapt3/chapt3_ws/install/local_setup.bash'
[4.420s] INFO:colcon.colcon_core.shell:Creating prefix chain script '/home/andinm/d2lros2/chapt3/chapt3_ws/install/setup.bash'
[4.426s] INFO:colcon.colcon_core.shell:Creating prefix script '/home/andinm/d2lros2/chapt3/chapt3_ws/install/local_setup.zsh'
[4.432s] INFO:colcon.colcon_core.shell:Creating prefix chain script '/home/andinm/d2lros2/chapt3/chapt3_ws/install/setup.zsh'
