[1.029s] DEBUG:colcon:Command line arguments: ['/usr/bin/colcon', 'build', '--packages-select', 'example_cpp']
[1.030s] DEBUG:colcon:Parsed command line arguments: Namespace(log_base=None, log_level=None, verb_name='build', build_base='build', install_base='install', merge_install=False, symlink_install=False, test_result_base=None, continue_on_error=False, executor='parallel', parallel_workers=12, event_handlers=None, ignore_user_meta=False, metas=['./colcon.meta'], base_paths=['.'], packages_ignore=None, packages_ignore_regex=None, paths=None, packages_up_to=None, packages_up_to_regex=None, packages_above=None, packages_above_and_dependencies=None, packages_above_depth=None, packages_select_by_dep=None, packages_skip_by_dep=None, packages_skip_up_to=None, packages_select_build_failed=False, packages_skip_build_finished=False, packages_select_test_failures=False, packages_skip_test_passed=False, packages_select=['example_cpp'], packages_skip=None, packages_select_regex=None, packages_skip_regex=None, packages_start=None, packages_end=None, allow_overriding=[], cmake_args=None, cmake_target=None, cmake_target_skip_unavailable=False, cmake_clean_cache=False, cmake_clean_first=False, cmake_force_configure=False, ament_cmake_args=None, catkin_cmake_args=None, catkin_skip_building_tests=False, verb_parser=<colcon_defaults.argument_parser.defaults.DefaultArgumentsDecorator object at 0x72c12bbf71f0>, verb_extension=<colcon_core.verb.build.BuildVerb object at 0x72c12bbf6cb0>, main=<bound method BuildVerb.main of <colcon_core.verb.build.BuildVerb object at 0x72c12bbf6cb0>>)
[2.892s] Level 1:colcon.colcon_core.package_discovery:discover_packages(colcon_meta) check parameters
[2.893s] Level 1:colcon.colcon_core.package_discovery:discover_packages(recursive) check parameters
[2.893s] Level 1:colcon.colcon_core.package_discovery:discover_packages(ignore) check parameters
[2.894s] Level 1:colcon.colcon_core.package_discovery:discover_packages(path) check parameters
[2.894s] Level 1:colcon.colcon_core.package_discovery:discover_packages(colcon_meta) discover
[2.895s] Level 1:colcon.colcon_core.package_discovery:discover_packages(recursive) discover
[2.895s] INFO:colcon.colcon_core.package_discovery:Crawling recursively for packages in '/home/andinm/d2lros2/chapt2/basic/chapt2_ws'
[2.897s] Level 1:colcon.colcon_core.package_identification:_identify(.) by extensions ['ignore', 'ignore_ament_install']
[2.897s] Level 1:colcon.colcon_core.package_identification:_identify(.) by extension 'ignore'
[2.898s] Level 1:colcon.colcon_core.package_identification:_identify(.) by extension 'ignore_ament_install'
[2.900s] Level 1:colcon.colcon_core.package_identification:_identify(.) by extensions ['colcon_pkg']
[2.901s] Level 1:colcon.colcon_core.package_identification:_identify(.) by extension 'colcon_pkg'
[2.901s] Level 1:colcon.colcon_core.package_identification:_identify(.) by extensions ['colcon_meta']
[2.902s] Level 1:colcon.colcon_core.package_identification:_identify(.) by extension 'colcon_meta'
[2.902s] Level 1:colcon.colcon_core.package_identification:_identify(.) by extensions ['ros']
[2.903s] Level 1:colcon.colcon_core.package_identification:_identify(.) by extension 'ros'
[2.992s] Level 1:colcon.colcon_core.package_identification:_identify(.) by extensions ['cmake', 'python']
[2.993s] Level 1:colcon.colcon_core.package_identification:_identify(.) by extension 'cmake'
[2.994s] Level 1:colcon.colcon_core.package_identification:_identify(.) by extension 'python'
[2.995s] Level 1:colcon.colcon_core.package_identification:_identify(.) by extensions ['python_setup_py']
[2.995s] Level 1:colcon.colcon_core.package_identification:_identify(.) by extension 'python_setup_py'
[2.997s] Level 1:colcon.colcon_core.package_identification:_identify(build) by extensions ['ignore', 'ignore_ament_install']
[2.998s] Level 1:colcon.colcon_core.package_identification:_identify(build) by extension 'ignore'
[2.998s] Level 1:colcon.colcon_core.package_identification:_identify(build) ignored
[3.001s] Level 1:colcon.colcon_core.package_identification:_identify(install) by extensions ['ignore', 'ignore_ament_install']
[3.002s] Level 1:colcon.colcon_core.package_identification:_identify(install) by extension 'ignore'
[3.003s] Level 1:colcon.colcon_core.package_identification:_identify(install) ignored
[3.004s] Level 1:colcon.colcon_core.package_identification:_identify(log) by extensions ['ignore', 'ignore_ament_install']
[3.004s] Level 1:colcon.colcon_core.package_identification:_identify(log) by extension 'ignore'
[3.004s] Level 1:colcon.colcon_core.package_identification:_identify(log) ignored
[3.004s] Level 1:colcon.colcon_core.package_identification:_identify(src) by extensions ['ignore', 'ignore_ament_install']
[3.005s] Level 1:colcon.colcon_core.package_identification:_identify(src) by extension 'ignore'
[3.005s] Level 1:colcon.colcon_core.package_identification:_identify(src) by extension 'ignore_ament_install'
[3.006s] Level 1:colcon.colcon_core.package_identification:_identify(src) by extensions ['colcon_pkg']
[3.006s] Level 1:colcon.colcon_core.package_identification:_identify(src) by extension 'colcon_pkg'
[3.007s] Level 1:colcon.colcon_core.package_identification:_identify(src) by extensions ['colcon_meta']
[3.007s] Level 1:colcon.colcon_core.package_identification:_identify(src) by extension 'colcon_meta'
[3.008s] Level 1:colcon.colcon_core.package_identification:_identify(src) by extensions ['ros']
[3.008s] Level 1:colcon.colcon_core.package_identification:_identify(src) by extension 'ros'
[3.010s] Level 1:colcon.colcon_core.package_identification:_identify(src) by extensions ['cmake', 'python']
[3.011s] Level 1:colcon.colcon_core.package_identification:_identify(src) by extension 'cmake'
[3.011s] Level 1:colcon.colcon_core.package_identification:_identify(src) by extension 'python'
[3.012s] Level 1:colcon.colcon_core.package_identification:_identify(src) by extensions ['python_setup_py']
[3.012s] Level 1:colcon.colcon_core.package_identification:_identify(src) by extension 'python_setup_py'
[3.014s] Level 1:colcon.colcon_core.package_identification:_identify(src/example_cpp) by extensions ['ignore', 'ignore_ament_install']
[3.015s] Level 1:colcon.colcon_core.package_identification:_identify(src/example_cpp) by extension 'ignore'
[3.016s] Level 1:colcon.colcon_core.package_identification:_identify(src/example_cpp) by extension 'ignore_ament_install'
[3.016s] Level 1:colcon.colcon_core.package_identification:_identify(src/example_cpp) by extensions ['colcon_pkg']
[3.017s] Level 1:colcon.colcon_core.package_identification:_identify(src/example_cpp) by extension 'colcon_pkg'
[3.017s] Level 1:colcon.colcon_core.package_identification:_identify(src/example_cpp) by extensions ['colcon_meta']
[3.018s] Level 1:colcon.colcon_core.package_identification:_identify(src/example_cpp) by extension 'colcon_meta'
[3.019s] Level 1:colcon.colcon_core.package_identification:_identify(src/example_cpp) by extensions ['ros']
[3.019s] Level 1:colcon.colcon_core.package_identification:_identify(src/example_cpp) by extension 'ros'
[3.032s] DEBUG:colcon.colcon_core.package_identification:Package 'src/example_cpp' with type 'ros.ament_cmake' and name 'example_cpp'
[3.035s] Level 1:colcon.colcon_core.package_identification:_identify(src/example_py) by extensions ['ignore', 'ignore_ament_install']
[3.035s] Level 1:colcon.colcon_core.package_identification:_identify(src/example_py) by extension 'ignore'
[3.036s] Level 1:colcon.colcon_core.package_identification:_identify(src/example_py) by extension 'ignore_ament_install'
[3.036s] Level 1:colcon.colcon_core.package_identification:_identify(src/example_py) by extensions ['colcon_pkg']
[3.037s] Level 1:colcon.colcon_core.package_identification:_identify(src/example_py) by extension 'colcon_pkg'
[3.038s] Level 1:colcon.colcon_core.package_identification:_identify(src/example_py) by extensions ['colcon_meta']
[3.038s] Level 1:colcon.colcon_core.package_identification:_identify(src/example_py) by extension 'colcon_meta'
[3.039s] Level 1:colcon.colcon_core.package_identification:_identify(src/example_py) by extensions ['ros']
[3.039s] Level 1:colcon.colcon_core.package_identification:_identify(src/example_py) by extension 'ros'
[3.044s] DEBUG:colcon.colcon_core.package_identification:Package 'src/example_py' with type 'ros.ament_python' and name 'example_py'
[3.045s] Level 1:colcon.colcon_core.package_discovery:discover_packages(recursive) using defaults
[3.046s] Level 1:colcon.colcon_core.package_discovery:discover_packages(ignore) discover
[3.046s] Level 1:colcon.colcon_core.package_discovery:discover_packages(ignore) using defaults
[3.047s] Level 1:colcon.colcon_core.package_discovery:discover_packages(path) discover
[3.047s] Level 1:colcon.colcon_core.package_discovery:discover_packages(path) using defaults
[3.216s] INFO:colcon.colcon_core.package_selection:Skipping not selected package 'example_py' in 'src/example_py'
[3.220s] Level 1:colcon.colcon_core.package_discovery:discover_packages(prefix_path) check parameters
[3.221s] Level 1:colcon.colcon_core.package_discovery:discover_packages(prefix_path) discover
[3.244s] DEBUG:colcon.colcon_installed_package_information.package_discovery:Found 2 installed packages in /home/andinm/d2lros2/chapt2/basic/chapt2_ws/install
[3.272s] DEBUG:colcon.colcon_installed_package_information.package_discovery:Found 272 installed packages in /opt/ros/humble
[3.318s] Level 1:colcon.colcon_core.package_discovery:discover_packages(prefix_path) using defaults
[3.776s] Level 5:colcon.colcon_core.verb:set package 'example_cpp' build argument 'cmake_args' from command line to 'None'
[3.778s] Level 5:colcon.colcon_core.verb:set package 'example_cpp' build argument 'cmake_target' from command line to 'None'
[3.779s] Level 5:colcon.colcon_core.verb:set package 'example_cpp' build argument 'cmake_target_skip_unavailable' from command line to 'False'
[3.779s] Level 5:colcon.colcon_core.verb:set package 'example_cpp' build argument 'cmake_clean_cache' from command line to 'False'
[3.780s] Level 5:colcon.colcon_core.verb:set package 'example_cpp' build argument 'cmake_clean_first' from command line to 'False'
[3.780s] Level 5:colcon.colcon_core.verb:set package 'example_cpp' build argument 'cmake_force_configure' from command line to 'False'
[3.780s] Level 5:colcon.colcon_core.verb:set package 'example_cpp' build argument 'ament_cmake_args' from command line to 'None'
[3.781s] Level 5:colcon.colcon_core.verb:set package 'example_cpp' build argument 'catkin_cmake_args' from command line to 'None'
[3.781s] Level 5:colcon.colcon_core.verb:set package 'example_cpp' build argument 'catkin_skip_building_tests' from command line to 'False'
[3.782s] DEBUG:colcon.colcon_core.verb:Building package 'example_cpp' with the following arguments: {'ament_cmake_args': None, 'build_base': '/home/andinm/d2lros2/chapt2/basic/chapt2_ws/build/example_cpp', 'catkin_cmake_args': None, 'catkin_skip_building_tests': False, 'cmake_args': None, 'cmake_clean_cache': False, 'cmake_clean_first': False, 'cmake_force_configure': False, 'cmake_target': None, 'cmake_target_skip_unavailable': False, 'install_base': '/home/andinm/d2lros2/chapt2/basic/chapt2_ws/install/example_cpp', 'merge_install': False, 'path': '/home/andinm/d2lros2/chapt2/basic/chapt2_ws/src/example_cpp', 'symlink_install': False, 'test_result_base': None}
[3.784s] INFO:colcon.colcon_core.executor:Executing jobs using 'parallel' executor
[3.792s] DEBUG:colcon.colcon_parallel_executor.executor.parallel:run_until_complete
[3.796s] INFO:colcon.colcon_ros.task.ament_cmake.build:Building ROS package in '/home/andinm/d2lros2/chapt2/basic/chapt2_ws/src/example_cpp' with build type 'ament_cmake'
[3.798s] INFO:colcon.colcon_cmake.task.cmake.build:Building CMake package in '/home/andinm/d2lros2/chapt2/basic/chapt2_ws/src/example_cpp'
[3.823s] INFO:colcon.colcon_core.plugin_system:Skipping extension 'colcon_core.shell.bat': Not used on non-Windows systems
[3.826s] INFO:colcon.colcon_core.shell:Skip shell extension 'powershell' for command environment: Not usable outside of PowerShell
[3.826s] DEBUG:colcon.colcon_core.shell:Skip shell extension 'dsv' for command environment
[3.994s] DEBUG:colcon.colcon_core.event_handler.log_command:Invoking command in '/home/andinm/d2lros2/chapt2/basic/chapt2_ws/build/example_cpp': CMAKE_PREFIX_PATH=${CMAKE_PREFIX_PATH}:/home/andinm/d2lros2/chapt2/basic/chapt2_ws/install/example_py:/opt/ros/humble /usr/bin/cmake --build /home/andinm/d2lros2/chapt2/basic/chapt2_ws/build/example_cpp -- -j12 -l12
[41.259s] DEBUG:colcon.colcon_core.event_handler.log_command:Invoked command in '/home/andinm/d2lros2/chapt2/basic/chapt2_ws/build/example_cpp' returned '0': CMAKE_PREFIX_PATH=${CMAKE_PREFIX_PATH}:/home/andinm/d2lros2/chapt2/basic/chapt2_ws/install/example_py:/opt/ros/humble /usr/bin/cmake --build /home/andinm/d2lros2/chapt2/basic/chapt2_ws/build/example_cpp -- -j12 -l12
[41.439s] DEBUG:colcon.colcon_core.event_handler.log_command:Invoking command in '/home/andinm/d2lros2/chapt2/basic/chapt2_ws/build/example_cpp': CMAKE_PREFIX_PATH=${CMAKE_PREFIX_PATH}:/home/andinm/d2lros2/chapt2/basic/chapt2_ws/install/example_py:/opt/ros/humble /usr/bin/cmake --install /home/andinm/d2lros2/chapt2/basic/chapt2_ws/build/example_cpp
[41.657s] Level 1:colcon.colcon_core.environment:create_environment_scripts_only(example_cpp)
[41.662s] DEBUG:colcon.colcon_core.event_handler.log_command:Invoked command in '/home/andinm/d2lros2/chapt2/basic/chapt2_ws/build/example_cpp' returned '0': CMAKE_PREFIX_PATH=${CMAKE_PREFIX_PATH}:/home/andinm/d2lros2/chapt2/basic/chapt2_ws/install/example_py:/opt/ros/humble /usr/bin/cmake --install /home/andinm/d2lros2/chapt2/basic/chapt2_ws/build/example_cpp
[41.677s] Level 1:colcon.colcon_core.environment:checking '/home/andinm/d2lros2/chapt2/basic/chapt2_ws/install/example_cpp' for CMake module files
[41.685s] Level 1:colcon.colcon_core.environment:checking '/home/andinm/d2lros2/chapt2/basic/chapt2_ws/install/example_cpp' for CMake config files
[41.687s] Level 1:colcon.colcon_core.shell:create_environment_hook('example_cpp', 'cmake_prefix_path')
[41.689s] INFO:colcon.colcon_core.shell:Creating environment hook '/home/andinm/d2lros2/chapt2/basic/chapt2_ws/install/example_cpp/share/example_cpp/hook/cmake_prefix_path.ps1'
[41.692s] INFO:colcon.colcon_core.shell:Creating environment descriptor '/home/andinm/d2lros2/chapt2/basic/chapt2_ws/install/example_cpp/share/example_cpp/hook/cmake_prefix_path.dsv'
[41.696s] INFO:colcon.colcon_core.shell:Creating environment hook '/home/andinm/d2lros2/chapt2/basic/chapt2_ws/install/example_cpp/share/example_cpp/hook/cmake_prefix_path.sh'
[41.700s] Level 1:colcon.colcon_core.environment:checking '/home/andinm/d2lros2/chapt2/basic/chapt2_ws/install/example_cpp/lib'
[41.701s] Level 1:colcon.colcon_core.environment:checking '/home/andinm/d2lros2/chapt2/basic/chapt2_ws/install/example_cpp/bin'
[41.702s] Level 1:colcon.colcon_core.environment:checking '/home/andinm/d2lros2/chapt2/basic/chapt2_ws/install/example_cpp/lib/pkgconfig/example_cpp.pc'
[41.704s] Level 1:colcon.colcon_core.environment:checking '/home/andinm/d2lros2/chapt2/basic/chapt2_ws/install/example_cpp/lib/python3.10/site-packages'
[41.705s] Level 1:colcon.colcon_core.environment:checking '/home/andinm/d2lros2/chapt2/basic/chapt2_ws/install/example_cpp/bin'
[41.707s] INFO:colcon.colcon_core.shell:Creating package script '/home/andinm/d2lros2/chapt2/basic/chapt2_ws/install/example_cpp/share/example_cpp/package.ps1'
[41.711s] INFO:colcon.colcon_core.shell:Creating package descriptor '/home/andinm/d2lros2/chapt2/basic/chapt2_ws/install/example_cpp/share/example_cpp/package.dsv'
[41.715s] INFO:colcon.colcon_core.shell:Creating package script '/home/andinm/d2lros2/chapt2/basic/chapt2_ws/install/example_cpp/share/example_cpp/package.sh'
[41.724s] INFO:colcon.colcon_core.shell:Creating package script '/home/andinm/d2lros2/chapt2/basic/chapt2_ws/install/example_cpp/share/example_cpp/package.bash'
[41.731s] INFO:colcon.colcon_core.shell:Creating package script '/home/andinm/d2lros2/chapt2/basic/chapt2_ws/install/example_cpp/share/example_cpp/package.zsh'
[41.735s] Level 1:colcon.colcon_core.environment:create_file_with_runtime_dependencies(/home/andinm/d2lros2/chapt2/basic/chapt2_ws/install/example_cpp/share/colcon-core/packages/example_cpp)
[41.741s] Level 1:colcon.colcon_core.environment:create_environment_scripts_only(example_cpp)
[41.742s] Level 1:colcon.colcon_core.environment:checking '/home/andinm/d2lros2/chapt2/basic/chapt2_ws/install/example_cpp' for CMake module files
[41.748s] Level 1:colcon.colcon_core.environment:checking '/home/andinm/d2lros2/chapt2/basic/chapt2_ws/install/example_cpp' for CMake config files
[41.757s] Level 1:colcon.colcon_core.shell:create_environment_hook('example_cpp', 'cmake_prefix_path')
[41.758s] INFO:colcon.colcon_core.shell:Creating environment hook '/home/andinm/d2lros2/chapt2/basic/chapt2_ws/install/example_cpp/share/example_cpp/hook/cmake_prefix_path.ps1'
[41.763s] INFO:colcon.colcon_core.shell:Creating environment descriptor '/home/andinm/d2lros2/chapt2/basic/chapt2_ws/install/example_cpp/share/example_cpp/hook/cmake_prefix_path.dsv'
[41.769s] INFO:colcon.colcon_core.shell:Creating environment hook '/home/andinm/d2lros2/chapt2/basic/chapt2_ws/install/example_cpp/share/example_cpp/hook/cmake_prefix_path.sh'
[41.777s] Level 1:colcon.colcon_core.environment:checking '/home/andinm/d2lros2/chapt2/basic/chapt2_ws/install/example_cpp/lib'
[41.779s] Level 1:colcon.colcon_core.environment:checking '/home/andinm/d2lros2/chapt2/basic/chapt2_ws/install/example_cpp/bin'
[41.780s] Level 1:colcon.colcon_core.environment:checking '/home/andinm/d2lros2/chapt2/basic/chapt2_ws/install/example_cpp/lib/pkgconfig/example_cpp.pc'
[41.780s] Level 1:colcon.colcon_core.environment:checking '/home/andinm/d2lros2/chapt2/basic/chapt2_ws/install/example_cpp/lib/python3.10/site-packages'
[41.782s] Level 1:colcon.colcon_core.environment:checking '/home/andinm/d2lros2/chapt2/basic/chapt2_ws/install/example_cpp/bin'
[41.785s] INFO:colcon.colcon_core.shell:Creating package script '/home/andinm/d2lros2/chapt2/basic/chapt2_ws/install/example_cpp/share/example_cpp/package.ps1'
[41.792s] INFO:colcon.colcon_core.shell:Creating package descriptor '/home/andinm/d2lros2/chapt2/basic/chapt2_ws/install/example_cpp/share/example_cpp/package.dsv'
[41.797s] INFO:colcon.colcon_core.shell:Creating package script '/home/andinm/d2lros2/chapt2/basic/chapt2_ws/install/example_cpp/share/example_cpp/package.sh'
[41.804s] INFO:colcon.colcon_core.shell:Creating package script '/home/andinm/d2lros2/chapt2/basic/chapt2_ws/install/example_cpp/share/example_cpp/package.bash'
[41.813s] INFO:colcon.colcon_core.shell:Creating package script '/home/andinm/d2lros2/chapt2/basic/chapt2_ws/install/example_cpp/share/example_cpp/package.zsh'
[41.819s] Level 1:colcon.colcon_core.environment:create_file_with_runtime_dependencies(/home/andinm/d2lros2/chapt2/basic/chapt2_ws/install/example_cpp/share/colcon-core/packages/example_cpp)
[41.823s] DEBUG:colcon.colcon_parallel_executor.executor.parallel:closing loop
[41.825s] DEBUG:colcon.colcon_parallel_executor.executor.parallel:loop closed
[41.825s] DEBUG:colcon.colcon_parallel_executor.executor.parallel:run_until_complete finished with '0'
[41.825s] DEBUG:colcon.colcon_core.event_reactor:joining thread
[41.885s] INFO:colcon.colcon_core.plugin_system:Skipping extension 'colcon_notification.desktop_notification.terminal_notifier': Not used on non-Darwin systems
[41.886s] INFO:colcon.colcon_core.plugin_system:Skipping extension 'colcon_notification.desktop_notification.win32': Not used on non-Windows systems
[41.888s] INFO:colcon.colcon_notification.desktop_notification:Sending desktop notification using 'notify2'
[42.053s] DEBUG:colcon.colcon_core.event_reactor:joined thread
[42.056s] INFO:colcon.colcon_core.shell:Creating prefix script '/home/andinm/d2lros2/chapt2/basic/chapt2_ws/install/local_setup.ps1'
[42.076s] INFO:colcon.colcon_core.shell:Creating prefix util module '/home/andinm/d2lros2/chapt2/basic/chapt2_ws/install/_local_setup_util_ps1.py'
[42.089s] INFO:colcon.colcon_core.shell:Creating prefix chain script '/home/andinm/d2lros2/chapt2/basic/chapt2_ws/install/setup.ps1'
[42.102s] INFO:colcon.colcon_core.shell:Creating prefix script '/home/andinm/d2lros2/chapt2/basic/chapt2_ws/install/local_setup.sh'
[42.110s] INFO:colcon.colcon_core.shell:Creating prefix util module '/home/andinm/d2lros2/chapt2/basic/chapt2_ws/install/_local_setup_util_sh.py'
[42.116s] INFO:colcon.colcon_core.shell:Creating prefix chain script '/home/andinm/d2lros2/chapt2/basic/chapt2_ws/install/setup.sh'
[42.130s] INFO:colcon.colcon_core.shell:Creating prefix script '/home/andinm/d2lros2/chapt2/basic/chapt2_ws/install/local_setup.bash'
[42.138s] INFO:colcon.colcon_core.shell:Creating prefix chain script '/home/andinm/d2lros2/chapt2/basic/chapt2_ws/install/setup.bash'
[42.152s] INFO:colcon.colcon_core.shell:Creating prefix script '/home/andinm/d2lros2/chapt2/basic/chapt2_ws/install/local_setup.zsh'
[42.166s] INFO:colcon.colcon_core.shell:Creating prefix chain script '/home/andinm/d2lros2/chapt2/basic/chapt2_ws/install/setup.zsh'
